<?xml version="1.0" encoding="utf-8"?>
<test-run id="2" testcasecount="78" result="Passed" total="78" passed="78" failed="0" inconclusive="0" skipped="0" asserts="0" engine-version="3.5.0.0" clr-version="4.0.30319.42000" start-time="2026-08-25 15:10:01Z" end-time="2026-08-25 15:10:07Z" duration="6.1187063">
  <test-suite type="TestSuite" id="1000" name="SundollWorld" fullname="SundollWorld" runstate="Runnable" testcasecount="78" result="Passed" start-time="2026-08-25 15:10:01Z" end-time="2026-08-25 15:10:07Z" duration="6.118706" total="78" passed="78" failed="0" inconclusive="0" skipped="0" asserts="0">
    <properties>
      <property name="platform" value="EditMode" />
    </properties>
    <test-suite type="Assembly" id="1088" name="Sundoll.Tests.EditMode.dll" fullname="/Users/sundoll/Desktop/SundollUnity/SundollWorld/Library/ScriptAssemblies/Sundoll.Tests.EditMode.dll" runstate="Runnable" testcasecount="78" result="Passed" start-time="2026-08-25 15:10:01Z" end-time="2026-08-25 15:10:07Z" duration="6.116524" total="78" passed="78" failed="0" inconclusive="0" skipped="0" asserts="0">
      <properties>
        <property name="_PID" value="85946" />
        <property name="_APPDOMAIN" value="Unity Child Domain" />
        <property name="platform" value="EditMode" />
        <property name="EditorOnly" value="True" />
      </properties>
      <test-suite type="TestSuite" id="1089" name="Sundoll" fullname="Sundoll" runstate="Runnable" testcasecount="78" result="Passed" start-time="2026-08-25 15:10:01Z" end-time="2026-08-25 15:10:07Z" duration="6.116440" total="78" passed="78" failed="0" inconclusive="0" skipped="0" asserts="0">
        <properties />
        <test-suite type="TestSuite" id="1090" name="Tests" fullname="Sundoll.Tests" runstate="Runnable" testcasecount="78" result="Passed" start-time="2026-08-25 15:10:01Z" end-time="2026-08-25 15:10:07Z" duration="6.116415" total="78" passed="78" failed="0" inconclusive="0" skipped="0" asserts="0">
          <properties />
          <test-suite type="TestSuite" id="1091" name="EditMode" fullname="Sundoll.Tests.EditMode" runstate="Runnable" testcasecount="78" result="Passed" start-time="2026-08-25 15:10:01Z" end-time="2026-08-25 15:10:07Z" duration="6.116357" total="78" passed="78" failed="0" inconclusive="0" skipped="0" asserts="0">
            <properties />
            <test-suite type="TestFixture" id="1002" name="M1VerticalSliceTests" fullname="Sundoll.Tests.EditMode.M1VerticalSliceTests" classname="Sundoll.Tests.EditMode.M1VerticalSliceTests" runstate="Runnable" testcasecount="4" result="Passed" start-time="2026-08-25 15:10:01Z" end-time="2026-08-25 15:10:01Z" duration="0.010731" total="4" passed="4" failed="0" inconclusive="0" skipped="0" asserts="0">
              <properties />
              <test-case id="1005" name="LocalAuthorityIsIdempotentAndRejectsStaleCommand" fullname="Sundoll.Tests.EditMode.M1VerticalSliceTests.LocalAuthorityIsIdempotentAndRejectsStaleCommand" methodname="LocalAuthorityIsIdempotentAndRejectsStaleCommand" classname="Sundoll.Tests.EditMode.M1VerticalSliceTests" runstate="Runnable" seed="880148659" result="Passed" start-time="2026-08-25 15:10:01Z" end-time="2026-08-25 15:10:01Z" duration="0.004415" asserts="0">
                <properties>
                  <property name="retryIteration" value="0" />
                  <property name="repeatIteration" value="0" />
                </properties>
              </test-case>
              <test-case id="1006" name="SnapshotRoundTripRebuildsOnlyFromPureData" fullname="Sundoll.Tests.EditMode.M1VerticalSliceTests.SnapshotRoundTripRebuildsOnlyFromPureData" methodname="SnapshotRoundTripRebuildsOnlyFromPureData" classname="Sundoll.Tests.EditMode.M1VerticalSliceTests" runstate="Runnable" seed="461281202" result="Passed" start-time="2026-08-25 15:10:01Z" end-time="2026-08-25 15:10:01Z" duration="0.001939" asserts="0">
                <properties>
                  <property name="retryIteration" value="0" />
                  <property name="repeatIteration" value="0" />
                </properties>
              </test-case>
              <test-case id="1004" name="UndoAndRedoRestorePiecePosition" fullname="Sundoll.Tests.EditMode.M1VerticalSliceTests.UndoAndRedoRestorePiecePosition" methodname="UndoAndRedoRestorePiecePosition" classname="Sundoll.Tests.EditMode.M1VerticalSliceTests" runstate="Runnable" seed="1483155275" result="Passed" start-time="2026-08-25 15:10:01Z" end-time="2026-08-25 15:10:01Z" duration="0.000271" asserts="0">
                <properties>
                  <property name="retryIteration" value="0" />
                  <property name="repeatIteration" value="0" />
                </properties>
              </test-case>
              <test-case id="1003" name="VerticalSliceCreatesPublishedMapBoardAndOnBoardPiece" fullname="Sundoll.Tests.EditMode.M1VerticalSliceTests.VerticalSliceCreatesPublishedMapBoardAndOnBoardPiece" methodname="VerticalSliceCreatesPublishedMapBoardAndOnBoardPiece" classname="Sundoll.Tests.EditMode.M1VerticalSliceTests" runstate="Runnable" seed="2139034359" result="Passed" start-time="2026-08-25 15:10:01Z" end-time="2026-08-25 15:10:01Z" duration="0.000387" asserts="0">
                <properties>
                  <property name="retryIteration" value="0" />
                  <property name="repeatIteration" value="0" />
                </properties>
              </test-case>
            </test-suite>
            <test-suite type="TestFixture" id="1007" name="M2PersistenceTests" fullname="Sundoll.Tests.EditMode.M2PersistenceTests" classname="Sundoll.Tests.EditMode.M2PersistenceTests" runstate="Runnable" testcasecount="26" result="Passed" start-time="2026-08-25 15:10:01Z" end-time="2026-08-25 15:10:01Z" duration="0.426310" total="26" passed="26" failed="0" inconclusive="0" skipped="0" asserts="0">
              <properties />
              <test-case id="1010" name="AcceptedOperationBatchCarriesEnvelopeAndWorldChangeSet" fullname="Sundoll.Tests.EditMode.M2PersistenceTests.AcceptedOperationBatchCarriesEnvelopeAndWorldChangeSet" methodname="AcceptedOperationBatchCarriesEnvelopeAndWorldChangeSet" classname="Sundoll.Tests.EditMode.M2PersistenceTests" runstate="Runnable" seed="1312512613" result="Passed" start-time="2026-08-25 15:10:01Z" end-time="2026-08-25 15:10:01Z" duration="0.003425" asserts="0">
                <properties>
                  <property name="retryIteration" value="0" />
                  <property name="repeatIteration" value="0" />
                </properties>
              </test-case>
              <test-case id="1030" name="BackgroundSaveQueueCapturesSnapshotAndReportsSafe" fullname="Sundoll.Tests.EditMode.M2PersistenceTests.BackgroundSaveQueueCapturesSnapshotAndReportsSafe" methodname="BackgroundSaveQueueCapturesSnapshotAndReportsSafe" classname="Sundoll.Tests.EditMode.M2PersistenceTests" runstate="Runnable" seed="488768090" result="Passed" start-time="2026-08-25 15:10:01Z" end-time="2026-08-25 15:10:01Z" duration="0.010795" asserts="0">
                <properties>
                  <property name="retryIteration" value="0" />
                  <property name="repeatIteration" value="0" />
                </properties>
              </test-case>
              <test-case id="1031" name="BackgroundSaveQueueReportsFailureAndKeepsPreviousHead" fullname="Sundoll.Tests.EditMode.M2PersistenceTests.BackgroundSaveQueueReportsFailureAndKeepsPreviousHead" methodname="BackgroundSaveQueueReportsFailureAndKeepsPreviousHead" classname="Sundoll.Tests.EditMode.M2PersistenceTests" runstate="Runnable" seed="844492709" result="Passed" start-time="2026-08-25 15:10:01Z" end-time="2026-08-25 15:10:01Z" duration="0.004340" asserts="0">
                <properties>
                  <property name="retryIteration" value="0" />
                  <property name="repeatIteration" value="0" />
                </properties>
              </test-case>
              <test-case id="1008" name="CanonicalHashSurvivesJsonRoundTripAndDetectsStateChange" fullname="Sundoll.Tests.EditMode.M2PersistenceTests.CanonicalHashSurvivesJsonRoundTripAndDetectsStateChange" methodname="CanonicalHashSurvivesJsonRoundTripAndDetectsStateChange" classname="Sundoll.Tests.EditMode.M2PersistenceTests" runstate="Runnable" seed="1266712226" result="Passed" start-time="2026-08-25 15:10:01Z" end-time="2026-08-25 15:10:01Z" duration="0.000227" asserts="0">
                <properties>
                  <property name="retryIteration" value="0" />
                  <property name="repeatIteration" value="0" />
                </properties>
              </test-case>
              <test-case id="1022" name="ConcurrentProjectStoresSerializeWritesAndRejectStaleGeneration" fullname="Sundoll.Tests.EditMode.M2PersistenceTests.ConcurrentProjectStoresSerializeWritesAndRejectStaleGeneration" methodname="ConcurrentProjectStoresSerializeWritesAndRejectStaleGeneration" classname="Sundoll.Tests.EditMode.M2PersistenceTests" runstate="Runnable" seed="662682672" result="Passed" start-time="2026-08-25 15:10:01Z" end-time="2026-08-25 15:10:01Z" duration="0.214481" asserts="0">
                <properties>
                  <property name="retryIteration" value="0" />
                  <property name="repeatIteration" value="0" />
                </properties>
              </test-case>
              <test-case id="1027" name="ContentBlobsAreAddressedByHashAndVerifiedOnRead" fullname="Sundoll.Tests.EditMode.M2PersistenceTests.ContentBlobsAreAddressedByHashAndVerifiedOnRead" methodname="ContentBlobsAreAddressedByHashAndVerifiedOnRead" classname="Sundoll.Tests.EditMode.M2PersistenceTests" runstate="Runnable" seed="886924668" result="Passed" start-time="2026-08-25 15:10:01Z" end-time="2026-08-25 15:10:01Z" duration="0.004498" asserts="0">
                <properties>
                  <property name="retryIteration" value="0" />
                  <property name="repeatIteration" value="0" />
                </properties>
              </test-case>
              <test-case id="1020" name="CorruptHeadRecoversNewestValidImmutableRevisionWithoutRewritingHead" fullname="Sundoll.Tests.EditMode.M2PersistenceTests.CorruptHeadRecoversNewestValidImmutableRevisionWithoutRewritingHead" methodname="CorruptHeadRecoversNewestValidImmutableRevisionWithoutRewritingHead" classname="Sundoll.Tests.EditMode.M2PersistenceTests" runstate="Runnable" seed="765753581" result="Passed" start-time="2026-08-25 15:10:01Z" end-time="2026-08-25 15:10:01Z" duration="0.008553" asserts="0">
                <properties>
                  <property name="retryIteration" value="0" />
                  <property name="repeatIteration" value="0" />
                </properties>
              </test-case>
              <test-case id="1021" name="ExpectedGenerationConflictDoesNotWriteRevisionOrReplaceHead" fullname="Sundoll.Tests.EditMode.M2PersistenceTests.ExpectedGenerationConflictDoesNotWriteRevisionOrReplaceHead" methodname="ExpectedGenerationConflictDoesNotWriteRevisionOrReplaceHead" classname="Sundoll.Tests.EditMode.M2PersistenceTests" runstate="Runnable" seed="186204869" result="Passed" start-time="2026-08-25 15:10:01Z" end-time="2026-08-25 15:10:01Z" duration="0.007282" asserts="0">
                <properties>
                  <property name="retryIteration" value="0" />
                  <property name="repeatIteration" value="0" />
                </properties>
              </test-case>
              <test-case id="1016" name="FailedHeadCommitLeavesPreviousRevisionActive" fullname="Sundoll.Tests.EditMode.M2PersistenceTests.FailedHeadCommitLeavesPreviousRevisionActive" methodname="FailedHeadCommitLeavesPreviousRevisionActive" classname="Sundoll.Tests.EditMode.M2PersistenceTests" runstate="Runnable" seed="1103793733" result="Passed" start-time="2026-08-25 15:10:01Z" end-time="2026-08-25 15:10:01Z" duration="0.005440" asserts="0">
                <properties>
                  <property name="retryIteration" value="0" />
                  <property name="repeatIteration" value="0" />
                </properties>
              </test-case>
              <test-case id="1017" name="FailedRevisionCommitCleansStagingAndKeepsPreviousHead" fullname="Sundoll.Tests.EditMode.M2PersistenceTests.FailedRevisionCommitCleansStagingAndKeepsPreviousHead" methodname="FailedRevisionCommitCleansStagingAndKeepsPreviousHead" classname="Sundoll.Tests.EditMode.M2PersistenceTests" runstate="Runnable" seed="1532309449" result="Passed" start-time="2026-08-25 15:10:01Z" end-time="2026-08-25 15:10:01Z" duration="0.004615" asserts="0">
                <properties>
                  <property name="retryIteration" value="0" />
                  <property name="repeatIteration" value="0" />
                </properties>
              </test-case>
              <test-case id="1026" name="JournalAppendAfterUnterminatedCorruptTailStartsANewSegment" fullname="Sundoll.Tests.EditMode.M2PersistenceTests.JournalAppendAfterUnterminatedCorruptTailStartsANewSegment" methodname="JournalAppendAfterUnterminatedCorruptTailStartsANewSegment" classname="Sundoll.Tests.EditMode.M2PersistenceTests" runstate="Runnable" seed="793367822" result="Passed" start-time="2026-08-25 15:10:01Z" end-time="2026-08-25 15:10:01Z" duration="0.004217" asserts="0">
                <properties>
                  <property name="retryIteration" value="0" />
                  <property name="repeatIteration" value="0" />
                </properties>
              </test-case>
              <test-case id="1012" name="JournalReplaySupportsMixedLegacyAndVersionedBatches" fullname="Sundoll.Tests.EditMode.M2PersistenceTests.JournalReplaySupportsMixedLegacyAndVersionedBatches" methodname="JournalReplaySupportsMixedLegacyAndVersionedBatches" classname="Sundoll.Tests.EditMode.M2PersistenceTests" runstate="Runnable" seed="708072022" result="Passed" start-time="2026-08-25 15:10:01Z" end-time="2026-08-25 15:10:01Z" duration="0.002072" asserts="0">
                <properties>
                  <property name="retryIteration" value="0" />
                  <property name="repeatIteration" value="0" />
                </properties>
              </test-case>
              <test-case id="1024" name="JournalSegmentsRecoverLatestValidBatchAfterCorruptTail" fullname="Sundoll.Tests.EditMode.M2PersistenceTests.JournalSegmentsRecoverLatestValidBatchAfterCorruptTail" methodname="JournalSegmentsRecoverLatestValidBatchAfterCorruptTail" classname="Sundoll.Tests.EditMode.M2PersistenceTests" runstate="Runnable" seed="548191296" result="Passed" start-time="2026-08-25 15:10:01Z" end-time="2026-08-25 15:10:01Z" duration="0.002694" asserts="0">
                <properties>
                  <property name="retryIteration" value="0" />
                  <property name="repeatIteration" value="0" />
                </properties>
              </test-case>
              <test-case id="1025" name="JournalSequenceAndSegmentsStayContinuousAcrossRolloverAndReopen" fullname="Sundoll.Tests.EditMode.M2PersistenceTests.JournalSequenceAndSegmentsStayContinuousAcrossRolloverAndReopen" methodname="JournalSequenceAndSegmentsStayContinuousAcrossRolloverAndReopen" classname="Sundoll.Tests.EditMode.M2PersistenceTests" runstate="Runnable" seed="40242624" result="Passed" start-time="2026-08-25 15:10:01Z" end-time="2026-08-25 15:10:01Z" duration="0.003767" asserts="0">
                <properties>
                  <property name="retryIteration" value="0" />
                  <property name="repeatIteration" value="0" />
                </properties>
              </test-case>
              <test-case id="1019" name="MissingHeadRecoversNewestValidImmutableRevisionWithoutRewritingHead" fullname="Sundoll.Tests.EditMode.M2PersistenceTests.MissingHeadRecoversNewestValidImmutableRevisionWithoutRewritingHead" methodname="MissingHeadRecoversNewestValidImmutableRevisionWithoutRewritingHead" classname="Sundoll.Tests.EditMode.M2PersistenceTests" runstate="Runnable" seed="86965578" result="Passed" start-time="2026-08-25 15:10:01Z" end-time="2026-08-25 15:10:01Z" duration="0.004329" asserts="0">
                <properties>
                  <property name="retryIteration" value="0" />
                  <property name="repeatIteration" value="0" />
                </properties>
              </test-case>
              <test-case id="1029" name="PackageImportRejectsTraversalEntry" fullname="Sundoll.Tests.EditMode.M2PersistenceTests.PackageImportRejectsTraversalEntry" methodname="PackageImportRejectsTraversalEntry" classname="Sundoll.Tests.EditMode.M2PersistenceTests" runstate="Runnable" seed="1178059608" result="Passed" start-time="2026-08-25 15:10:01Z" end-time="2026-08-25 15:10:01Z" duration="0.009393" asserts="0">
                <properties>
                  <property name="retryIteration" value="0" />
                  <property name="repeatIteration" value="0" />
                </properties>
              </test-case>
              <test-case id="1028" name="PackageRoundTripPreservesActiveRevision" fullname="Sundoll.Tests.EditMode.M2PersistenceTests.PackageRoundTripPreservesActiveRevision" methodname="PackageRoundTripPreservesActiveRevision" classname="Sundoll.Tests.EditMode.M2PersistenceTests" runstate="Runnable" seed="886428627" result="Passed" start-time="2026-08-25 15:10:01Z" end-time="2026-08-25 15:10:01Z" duration="0.006673" asserts="0">
                <properties>
                  <property name="retryIteration" value="0" />
                  <property name="repeatIteration" value="0" />
                </properties>
              </test-case>
              <test-case id="1015" name="ProjectStoreKeepsImmutableRevisionsAndValidHead" fullname="Sundoll.Tests.EditMode.M2PersistenceTests.ProjectStoreKeepsImmutableRevisionsAndValidHead" methodname="ProjectStoreKeepsImmutableRevisionsAndValidHead" classname="Sundoll.Tests.EditMode.M2PersistenceTests" runstate="Runnable" seed="2081990121" result="Passed" start-time="2026-08-25 15:10:01Z" end-time="2026-08-25 15:10:01Z" duration="0.003810" asserts="0">
                <properties>
                  <property name="retryIteration" value="0" />
                  <property name="repeatIteration" value="0" />
                </properties>
              </test-case>
              <test-case id="1033" name="SaveSessionAutosavesAtTransactionThreshold" fullname="Sundoll.Tests.EditMode.M2PersistenceTests.SaveSessionAutosavesAtTransactionThreshold" methodname="SaveSessionAutosavesAtTransactionThreshold" classname="Sundoll.Tests.EditMode.M2PersistenceTests" runstate="Runnable" seed="1259996846" result="Passed" start-time="2026-08-25 15:10:01Z" end-time="2026-08-25 15:10:01Z" duration="0.004487" asserts="0">
                <properties>
                  <property name="retryIteration" value="0" />
                  <property name="repeatIteration" value="0" />
                </properties>
              </test-case>
              <test-case id="1013" name="SaveSessionReplaysUnsavedVersionedCommandAfterSnapshot" fullname="Sundoll.Tests.EditMode.M2PersistenceTests.SaveSessionReplaysUnsavedVersionedCommandAfterSnapshot" methodname="SaveSessionReplaysUnsavedVersionedCommandAfterSnapshot" classname="Sundoll.Tests.EditMode.M2PersistenceTests" runstate="Runnable" seed="1196720384" result="Passed" start-time="2026-08-25 15:10:01Z" end-time="2026-08-25 15:10:01Z" duration="0.003030" asserts="0">
                <properties>
                  <property name="retryIteration" value="0" />
                  <property name="repeatIteration" value="0" />
                </properties>
              </test-case>
              <test-case id="1032" name="SaveSessionTracksQueuedSaveAndChangesAfterCapturedSnapshot" fullname="Sundoll.Tests.EditMode.M2PersistenceTests.SaveSessionTracksQueuedSaveAndChangesAfterCapturedSnapshot" methodname="SaveSessionTracksQueuedSaveAndChangesAfterCapturedSnapshot" classname="Sundoll.Tests.EditMode.M2PersistenceTests" runstate="Runnable" seed="404520023" result="Passed" start-time="2026-08-25 15:10:01Z" end-time="2026-08-25 15:10:01Z" duration="0.004667" asserts="0">
                <properties>
                  <property name="retryIteration" value="0" />
                  <property name="repeatIteration" value="0" />
                </properties>
              </test-case>
              <test-case id="1018" name="UnauthorizedHeadCommitKeepsPreviousHead" fullname="Sundoll.Tests.EditMode.M2PersistenceTests.UnauthorizedHeadCommitKeepsPreviousHead" methodname="UnauthorizedHeadCommitKeepsPreviousHead" classname="Sundoll.Tests.EditMode.M2PersistenceTests" runstate="Runnable" seed="202974462" result="Passed" start-time="2026-08-25 15:10:01Z" end-time="2026-08-25 15:10:01Z" duration="0.002894" asserts="0">
                <properties>
                  <property name="retryIteration" value="0" />
                  <property name="repeatIteration" value="0" />
                </properties>
              </test-case>
              <test-case id="1009" name="VersionedCommandEnvelopeRoundTripsM3CommandAndPayload" fullname="Sundoll.Tests.EditMode.M2PersistenceTests.VersionedCommandEnvelopeRoundTripsM3CommandAndPayload" methodname="VersionedCommandEnvelopeRoundTripsM3CommandAndPayload" classname="Sundoll.Tests.EditMode.M2PersistenceTests" runstate="Runnable" seed="1400861453" result="Passed" start-time="2026-08-25 15:10:01Z" end-time="2026-08-25 15:10:01Z" duration="0.000219" asserts="0">
                <properties>
                  <property name="retryIteration" value="0" />
                  <property name="repeatIteration" value="0" />
                </properties>
              </test-case>
              <test-case id="1011" name="VersionedJournalReplaysCommandWithoutPersistingFullStateJson" fullname="Sundoll.Tests.EditMode.M2PersistenceTests.VersionedJournalReplaysCommandWithoutPersistingFullStateJson" methodname="VersionedJournalReplaysCommandWithoutPersistingFullStateJson" classname="Sundoll.Tests.EditMode.M2PersistenceTests" runstate="Runnable" seed="1190283674" result="Passed" start-time="2026-08-25 15:10:01Z" end-time="2026-08-25 15:10:01Z" duration="0.000822" asserts="0">
                <properties>
                  <property name="retryIteration" value="0" />
                  <property name="repeatIteration" value="0" />
                </properties>
              </test-case>
              <test-case id="1014" name="VersionedJournalReplaysValidEntriesBeforeCorruptTail" fullname="Sundoll.Tests.EditMode.M2PersistenceTests.VersionedJournalReplaysValidEntriesBeforeCorruptTail" methodname="VersionedJournalReplaysValidEntriesBeforeCorruptTail" classname="Sundoll.Tests.EditMode.M2PersistenceTests" runstate="Runnable" seed="656257161" result="Passed" start-time="2026-08-25 15:10:01Z" end-time="2026-08-25 15:10:01Z" duration="0.000709" asserts="0">
                <properties>
                  <property name="retryIteration" value="0" />
                  <property name="repeatIteration" value="0" />
                </properties>
              </test-case>
              <test-case id="1023" name="WriterLockTimeoutFailsWithoutChangingHead" fullname="Sundoll.Tests.EditMode.M2PersistenceTests.WriterLockTimeoutFailsWithoutChangingHead" methodname="WriterLockTimeoutFailsWithoutChangingHead" classname="Sundoll.Tests.EditMode.M2PersistenceTests" runstate="Runnable" seed="744191095" result="Passed" start-time="2026-08-25 15:10:01Z" end-time="2026-08-25 15:10:01Z" duration="0.106022" asserts="0">
                <properties>
                  <property name="retryIteration" value="0" />
                  <property name="repeatIteration" value="0" />
                </properties>
              </test-case>
            </test-suite>
            <test-suite type="TestFixture" id="1034" name="M3MapEditorTests" fullname="Sundoll.Tests.EditMode.M3MapEditorTests" classname="Sundoll.Tests.EditMode.M3MapEditorTests" runstate="Runnable" testcasecount="27" result="Passed" start-time="2026-08-25 15:10:01Z" end-time="2026-08-25 15:10:02Z" duration="1.106978" total="27" passed="27" failed="0" inconclusive="0" skipped="0" asserts="0">
              <properties />
              <test-case id="1035" name="BatchPaintIsAtomicAndUndoable" fullname="Sundoll.Tests.EditMode.M3MapEditorTests.BatchPaintIsAtomicAndUndoable" methodname="BatchPaintIsAtomicAndUndoable" classname="Sundoll.Tests.EditMode.M3MapEditorTests" runstate="Runnable" seed="131466779" result="Passed" start-time="2026-08-25 15:10:01Z" end-time="2026-08-25 15:10:01Z" duration="0.001051" asserts="0">
                <properties>
                  <property name="retryIteration" value="0" />
                  <property name="repeatIteration" value="0" />
                </properties>
              </test-case>
              <test-case id="1057" name="ClipboardUsesSelectionOriginAndRejectsOutOfBoundsAsOneBatch" fullname="Sundoll.Tests.EditMode.M3MapEditorTests.ClipboardUsesSelectionOriginAndRejectsOutOfBoundsAsOneBatch" methodname="ClipboardUsesSelectionOriginAndRejectsOutOfBoundsAsOneBatch" classname="Sundoll.Tests.EditMode.M3MapEditorTests" runstate="Runnable" seed="1345314449" result="Passed" start-time="2026-08-25 15:10:01Z" end-time="2026-08-25 15:10:01Z" duration="0.001598" asserts="0">
                <properties>
                  <property name="retryIteration" value="0" />
                  <property name="repeatIteration" value="0" />
                </properties>
              </test-case>
              <test-case id="1045" name="ContentLookupCacheAppliesDirtyCellsWithoutFullRebuild" fullname="Sundoll.Tests.EditMode.M3MapEditorTests.ContentLookupCacheAppliesDirtyCellsWithoutFullRebuild" methodname="ContentLookupCacheAppliesDirtyCellsWithoutFullRebuild" classname="Sundoll.Tests.EditMode.M3MapEditorTests" runstate="Runnable" seed="1489824842" result="Passed" start-time="2026-08-25 15:10:01Z" end-time="2026-08-25 15:10:01Z" duration="0.001528" asserts="0">
                <properties>
                  <property name="retryIteration" value="0" />
                  <property name="repeatIteration" value="0" />
                </properties>
              </test-case>
              <test-case id="1043" name="DirtyRegionAndDeltaUndoStayScopedToTheChangedCells" fullname="Sundoll.Tests.EditMode.M3MapEditorTests.DirtyRegionAndDeltaUndoStayScopedToTheChangedCells" methodname="DirtyRegionAndDeltaUndoStayScopedToTheChangedCells" classname="Sundoll.Tests.EditMode.M3MapEditorTests" runstate="Runnable" seed="87973232" result="Passed" start-time="2026-08-25 15:10:01Z" end-time="2026-08-25 15:10:01Z" duration="0.000635" asserts="0">
                <properties>
                  <property name="retryIteration" value="0" />
                  <property name="repeatIteration" value="0" />
                </properties>
              </test-case>
              <test-case id="1040" name="EraseOnlyRemovesTheSelectedLayer" fullname="Sundoll.Tests.EditMode.M3MapEditorTests.EraseOnlyRemovesTheSelectedLayer" methodname="EraseOnlyRemovesTheSelectedLayer" classname="Sundoll.Tests.EditMode.M3MapEditorTests" runstate="Runnable" seed="628001493" result="Passed" start-time="2026-08-25 15:10:01Z" end-time="2026-08-25 15:10:01Z" duration="0.000256" asserts="0">
                <properties>
                  <property name="retryIteration" value="0" />
                  <property name="repeatIteration" value="0" />
                </properties>
              </test-case>
              <test-case id="1037" name="EraseRemovesCellAndPublishCopiesDraft" fullname="Sundoll.Tests.EditMode.M3MapEditorTests.EraseRemovesCellAndPublishCopiesDraft" methodname="EraseRemovesCellAndPublishCopiesDraft" classname="Sundoll.Tests.EditMode.M3MapEditorTests" runstate="Runnable" seed="1872743001" result="Passed" start-time="2026-08-25 15:10:01Z" end-time="2026-08-25 15:10:01Z" duration="0.000446" asserts="0">
                <properties>
                  <property name="retryIteration" value="0" />
                  <property name="repeatIteration" value="0" />
                </properties>
              </test-case>
              <test-case id="1056" name="FloodFillStopsAtDifferentContent" fullname="Sundoll.Tests.EditMode.M3MapEditorTests.FloodFillStopsAtDifferentContent" methodname="FloodFillStopsAtDifferentContent" classname="Sundoll.Tests.EditMode.M3MapEditorTests" runstate="Runnable" seed="520297284" result="Passed" start-time="2026-08-25 15:10:01Z" end-time="2026-08-25 15:10:01Z" duration="0.000943" asserts="0">
                <properties>
                  <property name="retryIteration" value="0" />
                  <property name="repeatIteration" value="0" />
                </properties>
              </test-case>
              <test-case id="1036" name="InvalidBatchDoesNotPartiallyModifyMap" fullname="Sundoll.Tests.EditMode.M3MapEditorTests.InvalidBatchDoesNotPartiallyModifyMap" methodname="InvalidBatchDoesNotPartiallyModifyMap" classname="Sundoll.Tests.EditMode.M3MapEditorTests" runstate="Runnable" seed="341186292" result="Passed" start-time="2026-08-25 15:10:01Z" end-time="2026-08-25 15:10:01Z" duration="0.000266" asserts="0">
                <properties>
                  <property name="retryIteration" value="0" />
                  <property name="repeatIteration" value="0" />
                </properties>
              </test-case>
              <test-case id="1047" name="LayerEditStateDefaultsToVisibleAndUnlocked" fullname="Sundoll.Tests.EditMode.M3MapEditorTests.LayerEditStateDefaultsToVisibleAndUnlocked" methodname="LayerEditStateDefaultsToVisibleAndUnlocked" classname="Sundoll.Tests.EditMode.M3MapEditorTests" runstate="Runnable" seed="1227047738" result="Passed" start-time="2026-08-25 15:10:01Z" end-time="2026-08-25 15:10:01Z" duration="0.000124" asserts="0">
                <properties>
                  <property name="retryIteration" value="0" />
                  <property name="repeatIteration" value="0" />
                </properties>
              </test-case>
              <test-case id="1049" name="LayerEditStateRejectsUnknownLayer" fullname="Sundoll.Tests.EditMode.M3MapEditorTests.LayerEditStateRejectsUnknownLayer" methodname="LayerEditStateRejectsUnknownLayer" classname="Sundoll.Tests.EditMode.M3MapEditorTests" runstate="Runnable" seed="2007357534" result="Passed" start-time="2026-08-25 15:10:01Z" end-time="2026-08-25 15:10:01Z" duration="0.000251" asserts="0">
                <properties>
                  <property name="retryIteration" value="0" />
                  <property name="repeatIteration" value="0" />
                </properties>
              </test-case>
              <test-case id="1048" name="LayerEditStateTogglesVisibilityAndLockWithoutChangingContent" fullname="Sundoll.Tests.EditMode.M3MapEditorTests.LayerEditStateTogglesVisibilityAndLockWithoutChangingContent" methodname="LayerEditStateTogglesVisibilityAndLockWithoutChangingContent" classname="Sundoll.Tests.EditMode.M3MapEditorTests" runstate="Runnable" seed="1857742648" result="Passed" start-time="2026-08-25 15:10:01Z" end-time="2026-08-25 15:10:01Z" duration="0.000245" asserts="0">
                <properties>
                  <property name="retryIteration" value="0" />
                  <property name="repeatIteration" value="0" />
                </properties>
              </test-case>
              <test-case id="1060" name="LegacySchemaReadSuppliesSchema2ObjectDefaults" fullname="Sundoll.Tests.EditMode.M3MapEditorTests.LegacySchemaReadSuppliesSchema2ObjectDefaults" methodname="LegacySchemaReadSuppliesSchema2ObjectDefaults" classname="Sundoll.Tests.EditMode.M3MapEditorTests" runstate="Runnable" seed="1829276810" result="Passed" start-time="2026-08-25 15:10:01Z" end-time="2026-08-25 15:10:01Z" duration="0.000293" asserts="0">
                <properties>
                  <property name="retryIteration" value="0" />
                  <property name="repeatIteration" value="0" />
                </properties>
              </test-case>
              <test-case id="1038" name="MapDraftSurvivesM2SaveAndReload" fullname="Sundoll.Tests.EditMode.M3MapEditorTests.MapDraftSurvivesM2SaveAndReload" methodname="MapDraftSurvivesM2SaveAndReload" classname="Sundoll.Tests.EditMode.M3MapEditorTests" runstate="Runnable" seed="1685559594" result="Passed" start-time="2026-08-25 15:10:01Z" end-time="2026-08-25 15:10:01Z" duration="0.005232" asserts="0">
                <properties>
                  <property name="retryIteration" value="0" />
                  <property name="repeatIteration" value="0" />
                </properties>
              </test-case>
              <test-case id="1059" name="MapObjectActionIsVersionedUndoableAndPublishedByDeepCopy" fullname="Sundoll.Tests.EditMode.M3MapEditorTests.MapObjectActionIsVersionedUndoableAndPublishedByDeepCopy" methodname="MapObjectActionIsVersionedUndoableAndPublishedByDeepCopy" classname="Sundoll.Tests.EditMode.M3MapEditorTests" runstate="Runnable" seed="1402022780" result="Passed" start-time="2026-08-25 15:10:01Z" end-time="2026-08-25 15:10:01Z" duration="0.000997" asserts="0">
                <properties>
                  <property name="retryIteration" value="0" />
                  <property name="repeatIteration" value="0" />
                </properties>
              </test-case>
              <test-case id="1054" name="MediumMapBatchPaintSavesAndReloads" fullname="Sundoll.Tests.EditMode.M3MapEditorTests.MediumMapBatchPaintSavesAndReloads" methodname="MediumMapBatchPaintSavesAndReloads" classname="Sundoll.Tests.EditMode.M3MapEditorTests" runstate="Runnable" seed="549331178" result="Passed" start-time="2026-08-25 15:10:01Z" end-time="2026-08-25 15:10:02Z" duration="1.081576" asserts="0">
                <properties>
                  <property name="retryIteration" value="0" />
                  <property name="repeatIteration" value="0" />
                </properties>
                <output><![CDATA[256x256 batch apply: 22 ms; save/reload: 272 ms
]]></output>
              </test-case>
              <test-case id="1041" name="MultiLayerDraftSurvivesM2SaveAndReloadWithCanonicalHash" fullname="Sundoll.Tests.EditMode.M3MapEditorTests.MultiLayerDraftSurvivesM2SaveAndReloadWithCanonicalHash" methodname="MultiLayerDraftSurvivesM2SaveAndReloadWithCanonicalHash" classname="Sundoll.Tests.EditMode.M3MapEditorTests" runstate="Runnable" seed="732270862" result="Passed" start-time="2026-08-25 15:10:02Z" end-time="2026-08-25 15:10:02Z" duration="0.003815" asserts="0">
                <properties>
                  <property name="retryIteration" value="0" />
                  <property name="repeatIteration" value="0" />
                </properties>
              </test-case>
              <test-case id="1058" name="PickUsesTopmostVisibleLayerAndLockedLayerRemainsPickable" fullname="Sundoll.Tests.EditMode.M3MapEditorTests.PickUsesTopmostVisibleLayerAndLockedLayerRemainsPickable" methodname="PickUsesTopmostVisibleLayerAndLockedLayerRemainsPickable" classname="Sundoll.Tests.EditMode.M3MapEditorTests" runstate="Runnable" seed="1584040598" result="Passed" start-time="2026-08-25 15:10:02Z" end-time="2026-08-25 15:10:02Z" duration="0.000323" asserts="0">
                <properties>
                  <property name="retryIteration" value="0" />
                  <property name="repeatIteration" value="0" />
                </properties>
              </test-case>
              <test-case id="1042" name="PublishRetainsEveryContentLayer" fullname="Sundoll.Tests.EditMode.M3MapEditorTests.PublishRetainsEveryContentLayer" methodname="PublishRetainsEveryContentLayer" classname="Sundoll.Tests.EditMode.M3MapEditorTests" runstate="Runnable" seed="412749027" result="Passed" start-time="2026-08-25 15:10:02Z" end-time="2026-08-25 15:10:02Z" duration="0.000254" asserts="0">
                <properties>
                  <property name="retryIteration" value="0" />
                  <property name="repeatIteration" value="0" />
                </properties>
              </test-case>
              <test-case id="1053" name="RasterizedStrokeCommitsAsOneAtomicPaintCommand" fullname="Sundoll.Tests.EditMode.M3MapEditorTests.RasterizedStrokeCommitsAsOneAtomicPaintCommand" methodname="RasterizedStrokeCommitsAsOneAtomicPaintCommand" classname="Sundoll.Tests.EditMode.M3MapEditorTests" runstate="Runnable" seed="147384084" result="Passed" start-time="2026-08-25 15:10:02Z" end-time="2026-08-25 15:10:02Z" duration="0.000324" asserts="0">
                <properties>
                  <property name="retryIteration" value="0" />
                  <property name="repeatIteration" value="0" />
                </properties>
              </test-case>
              <test-case id="1055" name="RectangleRasterizerSupportsOutlineAndFill" fullname="Sundoll.Tests.EditMode.M3MapEditorTests.RectangleRasterizerSupportsOutlineAndFill" methodname="RectangleRasterizerSupportsOutlineAndFill" classname="Sundoll.Tests.EditMode.M3MapEditorTests" runstate="Runnable" seed="1055638298" result="Passed" start-time="2026-08-25 15:10:02Z" end-time="2026-08-25 15:10:02Z" duration="0.000168" asserts="0">
                <properties>
                  <property name="retryIteration" value="0" />
                  <property name="repeatIteration" value="0" />
                </properties>
              </test-case>
              <test-case id="1052" name="StrokeRasterizerIncludesEndpointsAndHasNoGaps" fullname="Sundoll.Tests.EditMode.M3MapEditorTests.StrokeRasterizerIncludesEndpointsAndHasNoGaps" methodname="StrokeRasterizerIncludesEndpointsAndHasNoGaps" classname="Sundoll.Tests.EditMode.M3MapEditorTests" runstate="Runnable" seed="103739571" result="Passed" start-time="2026-08-25 15:10:02Z" end-time="2026-08-25 15:10:02Z" duration="0.000219" asserts="0">
                <properties>
                  <property name="retryIteration" value="0" />
                  <property name="repeatIteration" value="0" />
                </properties>
              </test-case>
              <test-case id="1039" name="TerrainAndWallCanCoexistAtSameCoordinate" fullname="Sundoll.Tests.EditMode.M3MapEditorTests.TerrainAndWallCanCoexistAtSameCoordinate" methodname="TerrainAndWallCanCoexistAtSameCoordinate" classname="Sundoll.Tests.EditMode.M3MapEditorTests" runstate="Runnable" seed="398980147" result="Passed" start-time="2026-08-25 15:10:02Z" end-time="2026-08-25 15:10:02Z" duration="0.000196" asserts="0">
                <properties>
                  <property name="retryIteration" value="0" />
                  <property name="repeatIteration" value="0" />
                </properties>
              </test-case>
              <test-case id="1046" name="VisibleBoundsOnlyIncludesCellsInsideViewport" fullname="Sundoll.Tests.EditMode.M3MapEditorTests.VisibleBoundsOnlyIncludesCellsInsideViewport" methodname="VisibleBoundsOnlyIncludesCellsInsideViewport" classname="Sundoll.Tests.EditMode.M3MapEditorTests" runstate="Runnable" seed="1868166211" result="Passed" start-time="2026-08-25 15:10:02Z" end-time="2026-08-25 15:10:02Z" duration="0.000190" asserts="0">
                <properties>
                  <property name="retryIteration" value="0" />
                  <property name="repeatIteration" value="0" />
                </properties>
              </test-case>
              <test-case id="1061" name="WorkspaceStateFormat2RestoresOrderToolAndView" fullname="Sundoll.Tests.EditMode.M3MapEditorTests.WorkspaceStateFormat2RestoresOrderToolAndView" methodname="WorkspaceStateFormat2RestoresOrderToolAndView" classname="Sundoll.Tests.EditMode.M3MapEditorTests" runstate="Runnable" seed="1037541789" result="Passed" start-time="2026-08-25 15:10:02Z" end-time="2026-08-25 15:10:02Z" duration="0.001472" asserts="0">
                <properties>
                  <property name="retryIteration" value="0" />
                  <property name="repeatIteration" value="0" />
                </properties>
              </test-case>
              <test-case id="1050" name="WorkspaceStateRoundTripsWithoutChangingWorldHash" fullname="Sundoll.Tests.EditMode.M3MapEditorTests.WorkspaceStateRoundTripsWithoutChangingWorldHash" methodname="WorkspaceStateRoundTripsWithoutChangingWorldHash" classname="Sundoll.Tests.EditMode.M3MapEditorTests" runstate="Runnable" seed="452243308" result="Passed" start-time="2026-08-25 15:10:02Z" end-time="2026-08-25 15:10:02Z" duration="0.000508" asserts="0">
                <properties>
                  <property name="retryIteration" value="0" />
                  <property name="repeatIteration" value="0" />
                </properties>
              </test-case>
              <test-case id="1051" name="WorkspaceStateUsesDefaultsWhenMissingOrCorrupt" fullname="Sundoll.Tests.EditMode.M3MapEditorTests.WorkspaceStateUsesDefaultsWhenMissingOrCorrupt" methodname="WorkspaceStateUsesDefaultsWhenMissingOrCorrupt" classname="Sundoll.Tests.EditMode.M3MapEditorTests" runstate="Runnable" seed="675513793" result="Passed" start-time="2026-08-25 15:10:02Z" end-time="2026-08-25 15:10:02Z" duration="0.000427" asserts="0">
                <properties>
                  <property name="retryIteration" value="0" />
                  <property name="repeatIteration" value="0" />
                </properties>
              </test-case>
              <test-case id="1044" name="WorldChangeSetJsonRoundTripAppliesForwardAndInverse" fullname="Sundoll.Tests.EditMode.M3MapEditorTests.WorldChangeSetJsonRoundTripAppliesForwardAndInverse" methodname="WorldChangeSetJsonRoundTripAppliesForwardAndInverse" classname="Sundoll.Tests.EditMode.M3MapEditorTests" runstate="Runnable" seed="1078350088" result="Passed" start-time="2026-08-25 15:10:02Z" end-time="2026-08-25 15:10:02Z" duration="0.000244" asserts="0">
                <properties>
                  <property name="retryIteration" value="0" />
                  <property name="repeatIteration" value="0" />
                </properties>
              </test-case>
            </test-suite>
            <test-suite type="TestFixture" id="1062" name="M4PieceSystemTests" fullname="Sundoll.Tests.EditMode.M4PieceSystemTests" classname="Sundoll.Tests.EditMode.M4PieceSystemTests" runstate="Runnable" testcasecount="10" result="Passed" start-time="2026-08-25 15:10:02Z" end-time="2026-08-25 15:10:02Z" duration="0.006494" total="10" passed="10" failed="0" inconclusive="0" skipped="0" asserts="0">
              <properties />
              <test-case id="1072" name="AssetCatalogDeduplicatesBytesAndDetectsMissingFile" fullname="Sundoll.Tests.EditMode.M4PieceSystemTests.AssetCatalogDeduplicatesBytesAndDetectsMissingFile" methodname="AssetCatalogDeduplicatesBytesAndDetectsMissingFile" classname="Sundoll.Tests.EditMode.M4PieceSystemTests" runstate="Runnable" seed="1165861704" result="Passed" start-time="2026-08-25 15:10:02Z" end-time="2026-08-25 15:10:02Z" duration="0.000782" asserts="0">
                <properties>
                  <property name="retryIteration" value="0" />
                  <property name="repeatIteration" value="0" />
                </properties>
              </test-case>
              <test-case id="1064" name="BoardPlacementUsesStableStackOrder" fullname="Sundoll.Tests.EditMode.M4PieceSystemTests.BoardPlacementUsesStableStackOrder" methodname="BoardPlacementUsesStableStackOrder" classname="Sundoll.Tests.EditMode.M4PieceSystemTests" runstate="Runnable" seed="521533053" result="Passed" start-time="2026-08-25 15:10:02Z" end-time="2026-08-25 15:10:02Z" duration="0.001257" asserts="0">
                <properties>
                  <property name="retryIteration" value="0" />
                  <property name="repeatIteration" value="0" />
                </properties>
              </test-case>
              <test-case id="1066" name="ContainerAndAttachmentRelationshipsCanBeDetached" fullname="Sundoll.Tests.EditMode.M4PieceSystemTests.ContainerAndAttachmentRelationshipsCanBeDetached" methodname="ContainerAndAttachmentRelationshipsCanBeDetached" classname="Sundoll.Tests.EditMode.M4PieceSystemTests" runstate="Runnable" seed="1465683495" result="Passed" start-time="2026-08-25 15:10:02Z" end-time="2026-08-25 15:10:02Z" duration="0.000400" asserts="0">
                <properties>
                  <property name="retryIteration" value="0" />
                  <property name="repeatIteration" value="0" />
                </properties>
              </test-case>
              <test-case id="1070" name="DefinitionCategoryAndTagsUpdateThroughCommandEnvelope" fullname="Sundoll.Tests.EditMode.M4PieceSystemTests.DefinitionCategoryAndTagsUpdateThroughCommandEnvelope" methodname="DefinitionCategoryAndTagsUpdateThroughCommandEnvelope" classname="Sundoll.Tests.EditMode.M4PieceSystemTests" runstate="Runnable" seed="38471999" result="Passed" start-time="2026-08-25 15:10:02Z" end-time="2026-08-25 15:10:02Z" duration="0.000392" asserts="0">
                <properties>
                  <property name="retryIteration" value="0" />
                  <property name="repeatIteration" value="0" />
                </properties>
              </test-case>
              <test-case id="1063" name="DefinitionsAndInstancesArePureDataAndRoundTrip" fullname="Sundoll.Tests.EditMode.M4PieceSystemTests.DefinitionsAndInstancesArePureDataAndRoundTrip" methodname="DefinitionsAndInstancesArePureDataAndRoundTrip" classname="Sundoll.Tests.EditMode.M4PieceSystemTests" runstate="Runnable" seed="1048238876" result="Passed" start-time="2026-08-25 15:10:02Z" end-time="2026-08-25 15:10:02Z" duration="0.001061" asserts="0">
                <properties>
                  <property name="retryIteration" value="0" />
                  <property name="repeatIteration" value="0" />
                </properties>
              </test-case>
              <test-case id="1069" name="M4CommandEnvelopeRoundTrips" fullname="Sundoll.Tests.EditMode.M4PieceSystemTests.M4CommandEnvelopeRoundTrips" methodname="M4CommandEnvelopeRoundTrips" classname="Sundoll.Tests.EditMode.M4PieceSystemTests" runstate="Runnable" seed="2099918564" result="Passed" start-time="2026-08-25 15:10:02Z" end-time="2026-08-25 15:10:02Z" duration="0.000172" asserts="0">
                <properties>
                  <property name="retryIteration" value="0" />
                  <property name="repeatIteration" value="0" />
                </properties>
              </test-case>
              <test-case id="1068" name="PresentationStateSupportsRotationFlipAndVisibility" fullname="Sundoll.Tests.EditMode.M4PieceSystemTests.PresentationStateSupportsRotationFlipAndVisibility" methodname="PresentationStateSupportsRotationFlipAndVisibility" classname="Sundoll.Tests.EditMode.M4PieceSystemTests" runstate="Runnable" seed="118997251" result="Passed" start-time="2026-08-25 15:10:02Z" end-time="2026-08-25 15:10:02Z" duration="0.000176" asserts="0">
                <properties>
                  <property name="retryIteration" value="0" />
                  <property name="repeatIteration" value="0" />
                </properties>
              </test-case>
              <test-case id="1067" name="RelationshipCycleIsRejectedWithoutChangingState" fullname="Sundoll.Tests.EditMode.M4PieceSystemTests.RelationshipCycleIsRejectedWithoutChangingState" methodname="RelationshipCycleIsRejectedWithoutChangingState" classname="Sundoll.Tests.EditMode.M4PieceSystemTests" runstate="Runnable" seed="154315884" result="Passed" start-time="2026-08-25 15:10:02Z" end-time="2026-08-25 15:10:02Z" duration="0.000241" asserts="0">
                <properties>
                  <property name="retryIteration" value="0" />
                  <property name="repeatIteration" value="0" />
                </properties>
              </test-case>
              <test-case id="1065" name="StackOrderCanBeAdjustedWithoutSortingTheWholeWorldState" fullname="Sundoll.Tests.EditMode.M4PieceSystemTests.StackOrderCanBeAdjustedWithoutSortingTheWholeWorldState" methodname="StackOrderCanBeAdjustedWithoutSortingTheWholeWorldState" classname="Sundoll.Tests.EditMode.M4PieceSystemTests" runstate="Runnable" seed="1526352413" result="Passed" start-time="2026-08-25 15:10:02Z" end-time="2026-08-25 15:10:02Z" duration="0.000454" asserts="0">
                <properties>
                  <property name="retryIteration" value="0" />
                  <property name="repeatIteration" value="0" />
                </properties>
              </test-case>
              <test-case id="1071" name="VersionedJournalReplaysM4MoveAndPreservesCanonicalHash" fullname="Sundoll.Tests.EditMode.M4PieceSystemTests.VersionedJournalReplaysM4MoveAndPreservesCanonicalHash" methodname="VersionedJournalReplaysM4MoveAndPreservesCanonicalHash" classname="Sundoll.Tests.EditMode.M4PieceSystemTests" runstate="Runnable" seed="248638291" result="Passed" start-time="2026-08-25 15:10:02Z" end-time="2026-08-25 15:10:02Z" duration="0.000799" asserts="0">
                <properties>
                  <property name="retryIteration" value="0" />
                  <property name="repeatIteration" value="0" />
                </properties>
              </test-case>
            </test-suite>
            <test-suite type="TestFixture" id="1073" name="M5ConsoleTests" fullname="Sundoll.Tests.EditMode.M5ConsoleTests" classname="Sundoll.Tests.EditMode.M5ConsoleTests" runstate="Runnable" testcasecount="4" result="Passed" start-time="2026-08-25 15:10:02Z" end-time="2026-08-25 15:10:02Z" duration="0.002588" total="4" passed="4" failed="0" inconclusive="0" skipped="0" asserts="0">
              <properties />
              <test-case id="1075" name="FogAnnotationsAndInteractionRoundTripThroughJournalEnvelope" fullname="Sundoll.Tests.EditMode.M5ConsoleTests.FogAnnotationsAndInteractionRoundTripThroughJournalEnvelope" methodname="FogAnnotationsAndInteractionRoundTripThroughJournalEnvelope" classname="Sundoll.Tests.EditMode.M5ConsoleTests" runstate="Runnable" seed="1509222151" result="Passed" start-time="2026-08-25 15:10:02Z" end-time="2026-08-25 15:10:02Z" duration="0.001564" asserts="0">
                <properties>
                  <property name="retryIteration" value="0" />
                  <property name="repeatIteration" value="0" />
                </properties>
              </test-case>
              <test-case id="1076" name="M5MapCommandCanUndoAndRedo" fullname="Sundoll.Tests.EditMode.M5ConsoleTests.M5MapCommandCanUndoAndRedo" methodname="M5MapCommandCanUndoAndRedo" classname="Sundoll.Tests.EditMode.M5ConsoleTests" runstate="Runnable" seed="202150129" result="Passed" start-time="2026-08-25 15:10:02Z" end-time="2026-08-25 15:10:02Z" duration="0.000241" asserts="0">
                <properties>
                  <property name="retryIteration" value="0" />
                  <property name="repeatIteration" value="0" />
                </properties>
              </test-case>
              <test-case id="1077" name="MapObjectContextOperationsAddToggleRotateRemove" fullname="Sundoll.Tests.EditMode.M5ConsoleTests.MapObjectContextOperationsAddToggleRotateRemove" methodname="MapObjectContextOperationsAddToggleRotateRemove" classname="Sundoll.Tests.EditMode.M5ConsoleTests" runstate="Runnable" seed="1310674668" result="Passed" start-time="2026-08-25 15:10:02Z" end-time="2026-08-25 15:10:02Z" duration="0.000216" asserts="0">
                <properties>
                  <property name="retryIteration" value="0" />
                  <property name="repeatIteration" value="0" />
                </properties>
              </test-case>
              <test-case id="1074" name="MultipleMapsSwitchWithoutLosingMapContent" fullname="Sundoll.Tests.EditMode.M5ConsoleTests.MultipleMapsSwitchWithoutLosingMapContent" methodname="MultipleMapsSwitchWithoutLosingMapContent" classname="Sundoll.Tests.EditMode.M5ConsoleTests" runstate="Runnable" seed="548584911" result="Passed" start-time="2026-08-25 15:10:02Z" end-time="2026-08-25 15:10:02Z" duration="0.000260" asserts="0">
                <properties>
                  <property name="retryIteration" value="0" />
                  <property name="repeatIteration" value="0" />
                </properties>
              </test-case>
            </test-suite>
            <test-suite type="TestFixture" id="1078" name="M6LoopbackTests" fullname="Sundoll.Tests.EditMode.M6LoopbackTests" classname="Sundoll.Tests.EditMode.M6LoopbackTests" runstate="Runnable" testcasecount="2" result="Passed" start-time="2026-08-25 15:10:02Z" end-time="2026-08-25 15:10:02Z" duration="0.001891" total="2" passed="2" failed="0" inconclusive="0" skipped="0" asserts="0">
              <properties />
              <test-case id="1080" name="StaleClientCommandConflictsAndAudienceProjectionHidesPieces" fullname="Sundoll.Tests.EditMode.M6LoopbackTests.StaleClientCommandConflictsAndAudienceProjectionHidesPieces" methodname="StaleClientCommandConflictsAndAudienceProjectionHidesPieces" classname="Sundoll.Tests.EditMode.M6LoopbackTests" runstate="Runnable" seed="1211521153" result="Passed" start-time="2026-08-25 15:10:02Z" end-time="2026-08-25 15:10:02Z" duration="0.001030" asserts="0">
                <properties>
                  <property name="retryIteration" value="0" />
                  <property name="repeatIteration" value="0" />
                </properties>
              </test-case>
              <test-case id="1079" name="TwoClientsConvergeThroughSnapshotAndDeltaTail" fullname="Sundoll.Tests.EditMode.M6LoopbackTests.TwoClientsConvergeThroughSnapshotAndDeltaTail" methodname="TwoClientsConvergeThroughSnapshotAndDeltaTail" classname="Sundoll.Tests.EditMode.M6LoopbackTests" runstate="Runnable" seed="1028863486" result="Passed" start-time="2026-08-25 15:10:02Z" end-time="2026-08-25 15:10:02Z" duration="0.000673" asserts="0">
                <properties>
                  <property name="retryIteration" value="0" />
                  <property name="repeatIteration" value="0" />
                </properties>
              </test-case>
            </test-suite>
            <test-suite type="TestFixture" id="1081" name="M6RuleSeamTests" fullname="Sundoll.Tests.EditMode.M6RuleSeamTests" classname="Sundoll.Tests.EditMode.M6RuleSeamTests" runstate="Runnable" testcasecount="1" result="Passed" start-time="2026-08-25 15:10:02Z" end-time="2026-08-25 15:10:02Z" duration="0.000906" total="1" passed="1" failed="0" inconclusive="0" skipped="0" asserts="0">
              <properties />
              <test-case id="1082" name="RuleSeamSupportsAllowDenyReplaceAndAppend" fullname="Sundoll.Tests.EditMode.M6RuleSeamTests.RuleSeamSupportsAllowDenyReplaceAndAppend" methodname="RuleSeamSupportsAllowDenyReplaceAndAppend" classname="Sundoll.Tests.EditMode.M6RuleSeamTests" runstate="Runnable" seed="392239398" result="Passed" start-time="2026-08-25 15:10:02Z" end-time="2026-08-25 15:10:02Z" duration="0.000784" asserts="0">
                <properties>
                  <property name="retryIteration" value="0" />
                  <property name="repeatIteration" value="0" />
                </properties>
              </test-case>
            </test-suite>
            <test-suite type="TestFixture" id="1083" name="M7ReleaseTests" fullname="Sundoll.Tests.EditMode.M7ReleaseTests" classname="Sundoll.Tests.EditMode.M7ReleaseTests" runstate="Runnable" testcasecount="4" result="Passed" start-time="2026-08-25 15:10:02Z" end-time="2026-08-25 15:10:07Z" duration="4.559734" total="4" passed="4" failed="0" inconclusive="0" skipped="0" asserts="0">
              <properties />
              <test-case id="1085" name="FrozenSaveRoundTripsAndRejectsTampering" fullname="Sundoll.Tests.EditMode.M7ReleaseTests.FrozenSaveRoundTripsAndRejectsTampering" methodname="FrozenSaveRoundTripsAndRejectsTampering" classname="Sundoll.Tests.EditMode.M7ReleaseTests" runstate="Runnable" seed="88477477" result="Passed" start-time="2026-08-25 15:10:02Z" end-time="2026-08-25 15:10:02Z" duration="0.000419" asserts="0">
                <properties>
                  <property name="retryIteration" value="0" />
                  <property name="repeatIteration" value="0" />
                </properties>
              </test-case>
              <test-case id="1087" name="MacOsPerformanceBaselineRecordsM7Budgets" fullname="Sundoll.Tests.EditMode.M7ReleaseTests.MacOsPerformanceBaselineRecordsM7Budgets" methodname="MacOsPerformanceBaselineRecordsM7Budgets" classname="Sundoll.Tests.EditMode.M7ReleaseTests" runstate="Runnable" seed="1220597605" result="Passed" start-time="2026-08-25 15:10:02Z" end-time="2026-08-25 15:10:07Z" duration="4.557437" asserts="0">
                <properties>
                  <property name="retryIteration" value="0" />
                  <property name="repeatIteration" value="0" />
                </properties>
                <output><![CDATA[M7 macOS baseline | batch 256x256 p50=19.347ms p95=33.310ms max=33.310ms; snapshot p50=2.213ms p95=2.257ms max=2.257ms; save p50=273.643ms p95=336.254ms max=336.254ms; journal 10000 p50=611.079ms p95=622.497ms max=622.497ms
]]></output>
              </test-case>
              <test-case id="1086" name="PerformanceProbeReportsPercentilesAndPoolReusesObjects" fullname="Sundoll.Tests.EditMode.M7ReleaseTests.PerformanceProbeReportsPercentilesAndPoolReusesObjects" methodname="PerformanceProbeReportsPercentilesAndPoolReusesObjects" classname="Sundoll.Tests.EditMode.M7ReleaseTests" runstate="Runnable" seed="585386982" result="Passed" start-time="2026-08-25 15:10:07Z" end-time="2026-08-25 15:10:07Z" duration="0.000711" asserts="0">
                <properties>
                  <property name="retryIteration" value="0" />
                  <property name="repeatIteration" value="0" />
                </properties>
              </test-case>
              <test-case id="1084" name="Schema1MigratesToSchema2WithoutDroppingData" fullname="Sundoll.Tests.EditMode.M7ReleaseTests.Schema1MigratesToSchema2WithoutDroppingData" methodname="Schema1MigratesToSchema2WithoutDroppingData" classname="Sundoll.Tests.EditMode.M7ReleaseTests" runstate="Runnable" seed="1382770421" result="Passed" start-time="2026-08-25 15:10:07Z" end-time="2026-08-25 15:10:07Z" duration="0.000817" asserts="0">
                <properties>
                  <property name="retryIteration" value="0" />
                  <property name="repeatIteration" value="0" />
                </properties>
                <output><![CDATA[Saving results to: /Users/sundoll/Library/Application Support/Sundoll/SundollWorld/TestResults.xml
]]></output>
              </test-case>
            </test-suite>
          </test-suite>
        </test-suite>
      </test-suite>
    </test-suite>
  </test-suite>
</test-run>