<?xml version="1.0" encoding="utf-8"?>
<test-run id="2" testcasecount="76" result="Passed" total="76" passed="76" failed="0" inconclusive="0" skipped="0" asserts="0" engine-version="3.5.0.0" clr-version="4.0.30319.42000" start-time="2026-08-25 12:12:44Z" end-time="2026-08-25 12:12:48Z" duration="4.3917529">
  <test-suite type="TestSuite" id="1000" name="SundollWorld" fullname="SundollWorld" runstate="Runnable" testcasecount="76" result="Passed" start-time="2026-08-25 12:12:44Z" end-time="2026-08-25 12:12:48Z" duration="4.391753" total="76" passed="76" failed="0" inconclusive="0" skipped="0" asserts="0">
    <properties>
      <property name="platform" value="EditMode" />
    </properties>
    <test-suite type="Assembly" id="1085" name="Sundoll.Tests.EditMode.dll" fullname="/Users/sundoll/Desktop/SundollUnity/SundollWorld/Library/ScriptAssemblies/Sundoll.Tests.EditMode.dll" runstate="Runnable" testcasecount="76" result="Passed" start-time="2026-08-25 12:12:44Z" end-time="2026-08-25 12:12:48Z" duration="4.389426" total="76" passed="76" failed="0" inconclusive="0" skipped="0" asserts="0">
      <properties>
        <property name="_PID" value="77922" />
        <property name="_APPDOMAIN" value="Unity Child Domain" />
        <property name="platform" value="EditMode" />
        <property name="EditorOnly" value="True" />
      </properties>
      <test-suite type="TestSuite" id="1086" name="Sundoll" fullname="Sundoll" runstate="Runnable" testcasecount="76" result="Passed" start-time="2026-08-25 12:12:44Z" end-time="2026-08-25 12:12:48Z" duration="4.389304" total="76" passed="76" failed="0" inconclusive="0" skipped="0" asserts="0">
        <properties />
        <test-suite type="TestSuite" id="1087" name="Tests" fullname="Sundoll.Tests" runstate="Runnable" testcasecount="76" result="Passed" start-time="2026-08-25 12:12:44Z" end-time="2026-08-25 12:12:48Z" duration="4.389166" total="76" passed="76" failed="0" inconclusive="0" skipped="0" asserts="0">
          <properties />
          <test-suite type="TestSuite" id="1088" name="EditMode" fullname="Sundoll.Tests.EditMode" runstate="Runnable" testcasecount="76" result="Passed" start-time="2026-08-25 12:12:44Z" end-time="2026-08-25 12:12:48Z" duration="4.388950" total="76" passed="76" failed="0" inconclusive="0" skipped="0" asserts="0">
            <properties />
            <test-suite type="TestFixture" id="1001" name="M1VerticalSliceTests" fullname="Sundoll.Tests.EditMode.M1VerticalSliceTests" classname="Sundoll.Tests.EditMode.M1VerticalSliceTests" runstate="Runnable" testcasecount="4" result="Passed" start-time="2026-08-25 12:12:44Z" end-time="2026-08-25 12:12:44Z" duration="0.173042" total="4" passed="4" failed="0" inconclusive="0" skipped="0" asserts="0">
              <properties />
              <test-case id="1004" name="LocalAuthorityIsIdempotentAndRejectsStaleCommand" fullname="Sundoll.Tests.EditMode.M1VerticalSliceTests.LocalAuthorityIsIdempotentAndRejectsStaleCommand" methodname="LocalAuthorityIsIdempotentAndRejectsStaleCommand" classname="Sundoll.Tests.EditMode.M1VerticalSliceTests" runstate="Runnable" seed="1696432967" result="Passed" start-time="2026-08-25 12:12:44Z" end-time="2026-08-25 12:12:44Z" duration="0.005657" asserts="0">
                <properties>
                  <property name="retryIteration" value="0" />
                  <property name="repeatIteration" value="0" />
                </properties>
              </test-case>
              <test-case id="1005" name="SnapshotRoundTripRebuildsOnlyFromPureData" fullname="Sundoll.Tests.EditMode.M1VerticalSliceTests.SnapshotRoundTripRebuildsOnlyFromPureData" methodname="SnapshotRoundTripRebuildsOnlyFromPureData" classname="Sundoll.Tests.EditMode.M1VerticalSliceTests" runstate="Runnable" seed="1297719997" result="Passed" start-time="2026-08-25 12:12:44Z" end-time="2026-08-25 12:12:44Z" duration="0.045598" asserts="0">
                <properties>
                  <property name="retryIteration" value="0" />
                  <property name="repeatIteration" value="0" />
                </properties>
              </test-case>
              <test-case id="1003" name="UndoAndRedoRestorePiecePosition" fullname="Sundoll.Tests.EditMode.M1VerticalSliceTests.UndoAndRedoRestorePiecePosition" methodname="UndoAndRedoRestorePiecePosition" classname="Sundoll.Tests.EditMode.M1VerticalSliceTests" runstate="Runnable" seed="1926645520" result="Passed" start-time="2026-08-25 12:12:44Z" end-time="2026-08-25 12:12:44Z" duration="0.000446" asserts="0">
                <properties>
                  <property name="retryIteration" value="0" />
                  <property name="repeatIteration" value="0" />
                </properties>
              </test-case>
              <test-case id="1002" name="VerticalSliceCreatesPublishedMapBoardAndOnBoardPiece" fullname="Sundoll.Tests.EditMode.M1VerticalSliceTests.VerticalSliceCreatesPublishedMapBoardAndOnBoardPiece" methodname="VerticalSliceCreatesPublishedMapBoardAndOnBoardPiece" classname="Sundoll.Tests.EditMode.M1VerticalSliceTests" runstate="Runnable" seed="1249394492" result="Passed" start-time="2026-08-25 12:12:44Z" end-time="2026-08-25 12:12:44Z" duration="0.000610" asserts="0">
                <properties>
                  <property name="retryIteration" value="0" />
                  <property name="repeatIteration" value="0" />
                </properties>
              </test-case>
            </test-suite>
            <test-suite type="TestFixture" id="1006" name="M2PersistenceTests" fullname="Sundoll.Tests.EditMode.M2PersistenceTests" classname="Sundoll.Tests.EditMode.M2PersistenceTests" runstate="Runnable" testcasecount="26" result="Passed" start-time="2026-08-25 12:12:44Z" end-time="2026-08-25 12:12:45Z" duration="0.502425" total="26" passed="26" failed="0" inconclusive="0" skipped="0" asserts="0">
              <properties />
              <test-case id="1009" name="AcceptedOperationBatchCarriesEnvelopeAndWorldChangeSet" fullname="Sundoll.Tests.EditMode.M2PersistenceTests.AcceptedOperationBatchCarriesEnvelopeAndWorldChangeSet" methodname="AcceptedOperationBatchCarriesEnvelopeAndWorldChangeSet" classname="Sundoll.Tests.EditMode.M2PersistenceTests" runstate="Runnable" seed="2049458778" result="Passed" start-time="2026-08-25 12:12:44Z" end-time="2026-08-25 12:12:44Z" duration="0.003989" asserts="0">
                <properties>
                  <property name="retryIteration" value="0" />
                  <property name="repeatIteration" value="0" />
                </properties>
              </test-case>
              <test-case id="1029" name="BackgroundSaveQueueCapturesSnapshotAndReportsSafe" fullname="Sundoll.Tests.EditMode.M2PersistenceTests.BackgroundSaveQueueCapturesSnapshotAndReportsSafe" methodname="BackgroundSaveQueueCapturesSnapshotAndReportsSafe" classname="Sundoll.Tests.EditMode.M2PersistenceTests" runstate="Runnable" seed="48041348" result="Passed" start-time="2026-08-25 12:12:44Z" end-time="2026-08-25 12:12:44Z" duration="0.013860" asserts="0">
                <properties>
                  <property name="retryIteration" value="0" />
                  <property name="repeatIteration" value="0" />
                </properties>
              </test-case>
              <test-case id="1030" name="BackgroundSaveQueueReportsFailureAndKeepsPreviousHead" fullname="Sundoll.Tests.EditMode.M2PersistenceTests.BackgroundSaveQueueReportsFailureAndKeepsPreviousHead" methodname="BackgroundSaveQueueReportsFailureAndKeepsPreviousHead" classname="Sundoll.Tests.EditMode.M2PersistenceTests" runstate="Runnable" seed="2089148537" result="Passed" start-time="2026-08-25 12:12:44Z" end-time="2026-08-25 12:12:44Z" duration="0.004722" asserts="0">
                <properties>
                  <property name="retryIteration" value="0" />
                  <property name="repeatIteration" value="0" />
                </properties>
              </test-case>
              <test-case id="1007" name="CanonicalHashSurvivesJsonRoundTripAndDetectsStateChange" fullname="Sundoll.Tests.EditMode.M2PersistenceTests.CanonicalHashSurvivesJsonRoundTripAndDetectsStateChange" methodname="CanonicalHashSurvivesJsonRoundTripAndDetectsStateChange" classname="Sundoll.Tests.EditMode.M2PersistenceTests" runstate="Runnable" seed="881557955" result="Passed" start-time="2026-08-25 12:12:44Z" end-time="2026-08-25 12:12:44Z" duration="0.000379" asserts="0">
                <properties>
                  <property name="retryIteration" value="0" />
                  <property name="repeatIteration" value="0" />
                </properties>
              </test-case>
              <test-case id="1021" name="ConcurrentProjectStoresSerializeWritesAndRejectStaleGeneration" fullname="Sundoll.Tests.EditMode.M2PersistenceTests.ConcurrentProjectStoresSerializeWritesAndRejectStaleGeneration" methodname="ConcurrentProjectStoresSerializeWritesAndRejectStaleGeneration" classname="Sundoll.Tests.EditMode.M2PersistenceTests" runstate="Runnable" seed="1568229549" result="Passed" start-time="2026-08-25 12:12:44Z" end-time="2026-08-25 12:12:44Z" duration="0.223232" asserts="0">
                <properties>
                  <property name="retryIteration" value="0" />
                  <property name="repeatIteration" value="0" />
                </properties>
              </test-case>
              <test-case id="1026" name="ContentBlobsAreAddressedByHashAndVerifiedOnRead" fullname="Sundoll.Tests.EditMode.M2PersistenceTests.ContentBlobsAreAddressedByHashAndVerifiedOnRead" methodname="ContentBlobsAreAddressedByHashAndVerifiedOnRead" classname="Sundoll.Tests.EditMode.M2PersistenceTests" runstate="Runnable" seed="270225087" result="Passed" start-time="2026-08-25 12:12:44Z" end-time="2026-08-25 12:12:44Z" duration="0.001974" asserts="0">
                <properties>
                  <property name="retryIteration" value="0" />
                  <property name="repeatIteration" value="0" />
                </properties>
              </test-case>
              <test-case id="1019" name="CorruptHeadRecoversNewestValidImmutableRevisionWithoutRewritingHead" fullname="Sundoll.Tests.EditMode.M2PersistenceTests.CorruptHeadRecoversNewestValidImmutableRevisionWithoutRewritingHead" methodname="CorruptHeadRecoversNewestValidImmutableRevisionWithoutRewritingHead" classname="Sundoll.Tests.EditMode.M2PersistenceTests" runstate="Runnable" seed="2026367660" result="Passed" start-time="2026-08-25 12:12:44Z" end-time="2026-08-25 12:12:44Z" duration="0.004452" asserts="0">
                <properties>
                  <property name="retryIteration" value="0" />
                  <property name="repeatIteration" value="0" />
                </properties>
              </test-case>
              <test-case id="1020" name="ExpectedGenerationConflictDoesNotWriteRevisionOrReplaceHead" fullname="Sundoll.Tests.EditMode.M2PersistenceTests.ExpectedGenerationConflictDoesNotWriteRevisionOrReplaceHead" methodname="ExpectedGenerationConflictDoesNotWriteRevisionOrReplaceHead" classname="Sundoll.Tests.EditMode.M2PersistenceTests" runstate="Runnable" seed="1861227199" result="Passed" start-time="2026-08-25 12:12:44Z" end-time="2026-08-25 12:12:44Z" duration="0.004536" asserts="0">
                <properties>
                  <property name="retryIteration" value="0" />
                  <property name="repeatIteration" value="0" />
                </properties>
              </test-case>
              <test-case id="1015" name="FailedHeadCommitLeavesPreviousRevisionActive" fullname="Sundoll.Tests.EditMode.M2PersistenceTests.FailedHeadCommitLeavesPreviousRevisionActive" methodname="FailedHeadCommitLeavesPreviousRevisionActive" classname="Sundoll.Tests.EditMode.M2PersistenceTests" runstate="Runnable" seed="871100759" result="Passed" start-time="2026-08-25 12:12:44Z" end-time="2026-08-25 12:12:44Z" duration="0.004000" asserts="0">
                <properties>
                  <property name="retryIteration" value="0" />
                  <property name="repeatIteration" value="0" />
                </properties>
              </test-case>
              <test-case id="1016" name="FailedRevisionCommitCleansStagingAndKeepsPreviousHead" fullname="Sundoll.Tests.EditMode.M2PersistenceTests.FailedRevisionCommitCleansStagingAndKeepsPreviousHead" methodname="FailedRevisionCommitCleansStagingAndKeepsPreviousHead" classname="Sundoll.Tests.EditMode.M2PersistenceTests" runstate="Runnable" seed="1653941592" result="Passed" start-time="2026-08-25 12:12:44Z" end-time="2026-08-25 12:12:44Z" duration="0.004683" asserts="0">
                <properties>
                  <property name="retryIteration" value="0" />
                  <property name="repeatIteration" value="0" />
                </properties>
              </test-case>
              <test-case id="1025" name="JournalAppendAfterUnterminatedCorruptTailStartsANewSegment" fullname="Sundoll.Tests.EditMode.M2PersistenceTests.JournalAppendAfterUnterminatedCorruptTailStartsANewSegment" methodname="JournalAppendAfterUnterminatedCorruptTailStartsANewSegment" classname="Sundoll.Tests.EditMode.M2PersistenceTests" runstate="Runnable" seed="684031850" result="Passed" start-time="2026-08-25 12:12:44Z" end-time="2026-08-25 12:12:44Z" duration="0.002753" asserts="0">
                <properties>
                  <property name="retryIteration" value="0" />
                  <property name="repeatIteration" value="0" />
                </properties>
              </test-case>
              <test-case id="1011" name="JournalReplaySupportsMixedLegacyAndVersionedBatches" fullname="Sundoll.Tests.EditMode.M2PersistenceTests.JournalReplaySupportsMixedLegacyAndVersionedBatches" methodname="JournalReplaySupportsMixedLegacyAndVersionedBatches" classname="Sundoll.Tests.EditMode.M2PersistenceTests" runstate="Runnable" seed="1278456707" result="Passed" start-time="2026-08-25 12:12:44Z" end-time="2026-08-25 12:12:44Z" duration="0.001561" asserts="0">
                <properties>
                  <property name="retryIteration" value="0" />
                  <property name="repeatIteration" value="0" />
                </properties>
              </test-case>
              <test-case id="1023" name="JournalSegmentsRecoverLatestValidBatchAfterCorruptTail" fullname="Sundoll.Tests.EditMode.M2PersistenceTests.JournalSegmentsRecoverLatestValidBatchAfterCorruptTail" methodname="JournalSegmentsRecoverLatestValidBatchAfterCorruptTail" classname="Sundoll.Tests.EditMode.M2PersistenceTests" runstate="Runnable" seed="1399290170" result="Passed" start-time="2026-08-25 12:12:44Z" end-time="2026-08-25 12:12:44Z" duration="0.001760" asserts="0">
                <properties>
                  <property name="retryIteration" value="0" />
                  <property name="repeatIteration" value="0" />
                </properties>
              </test-case>
              <test-case id="1024" name="JournalSequenceAndSegmentsStayContinuousAcrossRolloverAndReopen" fullname="Sundoll.Tests.EditMode.M2PersistenceTests.JournalSequenceAndSegmentsStayContinuousAcrossRolloverAndReopen" methodname="JournalSequenceAndSegmentsStayContinuousAcrossRolloverAndReopen" classname="Sundoll.Tests.EditMode.M2PersistenceTests" runstate="Runnable" seed="48449473" result="Passed" start-time="2026-08-25 12:12:44Z" end-time="2026-08-25 12:12:44Z" duration="0.003116" asserts="0">
                <properties>
                  <property name="retryIteration" value="0" />
                  <property name="repeatIteration" value="0" />
                </properties>
              </test-case>
              <test-case id="1018" name="MissingHeadRecoversNewestValidImmutableRevisionWithoutRewritingHead" fullname="Sundoll.Tests.EditMode.M2PersistenceTests.MissingHeadRecoversNewestValidImmutableRevisionWithoutRewritingHead" methodname="MissingHeadRecoversNewestValidImmutableRevisionWithoutRewritingHead" classname="Sundoll.Tests.EditMode.M2PersistenceTests" runstate="Runnable" seed="430840673" result="Passed" start-time="2026-08-25 12:12:44Z" end-time="2026-08-25 12:12:44Z" duration="0.003916" asserts="0">
                <properties>
                  <property name="retryIteration" value="0" />
                  <property name="repeatIteration" value="0" />
                </properties>
              </test-case>
              <test-case id="1028" name="PackageImportRejectsTraversalEntry" fullname="Sundoll.Tests.EditMode.M2PersistenceTests.PackageImportRejectsTraversalEntry" methodname="PackageImportRejectsTraversalEntry" classname="Sundoll.Tests.EditMode.M2PersistenceTests" runstate="Runnable" seed="145224851" result="Passed" start-time="2026-08-25 12:12:44Z" end-time="2026-08-25 12:12:44Z" duration="0.008222" asserts="0">
                <properties>
                  <property name="retryIteration" value="0" />
                  <property name="repeatIteration" value="0" />
                </properties>
              </test-case>
              <test-case id="1027" name="PackageRoundTripPreservesActiveRevision" fullname="Sundoll.Tests.EditMode.M2PersistenceTests.PackageRoundTripPreservesActiveRevision" methodname="PackageRoundTripPreservesActiveRevision" classname="Sundoll.Tests.EditMode.M2PersistenceTests" runstate="Runnable" seed="699574521" result="Passed" start-time="2026-08-25 12:12:44Z" end-time="2026-08-25 12:12:44Z" duration="0.008539" asserts="0">
                <properties>
                  <property name="retryIteration" value="0" />
                  <property name="repeatIteration" value="0" />
                </properties>
              </test-case>
              <test-case id="1014" name="ProjectStoreKeepsImmutableRevisionsAndValidHead" fullname="Sundoll.Tests.EditMode.M2PersistenceTests.ProjectStoreKeepsImmutableRevisionsAndValidHead" methodname="ProjectStoreKeepsImmutableRevisionsAndValidHead" classname="Sundoll.Tests.EditMode.M2PersistenceTests" runstate="Runnable" seed="213363131" result="Passed" start-time="2026-08-25 12:12:44Z" end-time="2026-08-25 12:12:44Z" duration="0.004773" asserts="0">
                <properties>
                  <property name="retryIteration" value="0" />
                  <property name="repeatIteration" value="0" />
                </properties>
              </test-case>
              <test-case id="1032" name="SaveSessionAutosavesAtTransactionThreshold" fullname="Sundoll.Tests.EditMode.M2PersistenceTests.SaveSessionAutosavesAtTransactionThreshold" methodname="SaveSessionAutosavesAtTransactionThreshold" classname="Sundoll.Tests.EditMode.M2PersistenceTests" runstate="Runnable" seed="1718195368" result="Passed" start-time="2026-08-25 12:12:44Z" end-time="2026-08-25 12:12:44Z" duration="0.015619" asserts="0">
                <properties>
                  <property name="retryIteration" value="0" />
                  <property name="repeatIteration" value="0" />
                </properties>
              </test-case>
              <test-case id="1012" name="SaveSessionReplaysUnsavedVersionedCommandAfterSnapshot" fullname="Sundoll.Tests.EditMode.M2PersistenceTests.SaveSessionReplaysUnsavedVersionedCommandAfterSnapshot" methodname="SaveSessionReplaysUnsavedVersionedCommandAfterSnapshot" classname="Sundoll.Tests.EditMode.M2PersistenceTests" runstate="Runnable" seed="1184871194" result="Passed" start-time="2026-08-25 12:12:44Z" end-time="2026-08-25 12:12:44Z" duration="0.013454" asserts="0">
                <properties>
                  <property name="retryIteration" value="0" />
                  <property name="repeatIteration" value="0" />
                </properties>
              </test-case>
              <test-case id="1031" name="SaveSessionTracksQueuedSaveAndChangesAfterCapturedSnapshot" fullname="Sundoll.Tests.EditMode.M2PersistenceTests.SaveSessionTracksQueuedSaveAndChangesAfterCapturedSnapshot" methodname="SaveSessionTracksQueuedSaveAndChangesAfterCapturedSnapshot" classname="Sundoll.Tests.EditMode.M2PersistenceTests" runstate="Runnable" seed="1164567118" result="Passed" start-time="2026-08-25 12:12:44Z" end-time="2026-08-25 12:12:44Z" duration="0.023289" asserts="0">
                <properties>
                  <property name="retryIteration" value="0" />
                  <property name="repeatIteration" value="0" />
                </properties>
              </test-case>
              <test-case id="1017" name="UnauthorizedHeadCommitKeepsPreviousHead" fullname="Sundoll.Tests.EditMode.M2PersistenceTests.UnauthorizedHeadCommitKeepsPreviousHead" methodname="UnauthorizedHeadCommitKeepsPreviousHead" classname="Sundoll.Tests.EditMode.M2PersistenceTests" runstate="Runnable" seed="378863891" result="Passed" start-time="2026-08-25 12:12:44Z" end-time="2026-08-25 12:12:44Z" duration="0.006880" asserts="0">
                <properties>
                  <property name="retryIteration" value="0" />
                  <property name="repeatIteration" value="0" />
                </properties>
              </test-case>
              <test-case id="1008" name="VersionedCommandEnvelopeRoundTripsM3CommandAndPayload" fullname="Sundoll.Tests.EditMode.M2PersistenceTests.VersionedCommandEnvelopeRoundTripsM3CommandAndPayload" methodname="VersionedCommandEnvelopeRoundTripsM3CommandAndPayload" classname="Sundoll.Tests.EditMode.M2PersistenceTests" runstate="Runnable" seed="1819286602" result="Passed" start-time="2026-08-25 12:12:44Z" end-time="2026-08-25 12:12:44Z" duration="0.000472" asserts="0">
                <properties>
                  <property name="retryIteration" value="0" />
                  <property name="repeatIteration" value="0" />
                </properties>
              </test-case>
              <test-case id="1010" name="VersionedJournalReplaysCommandWithoutPersistingFullStateJson" fullname="Sundoll.Tests.EditMode.M2PersistenceTests.VersionedJournalReplaysCommandWithoutPersistingFullStateJson" methodname="VersionedJournalReplaysCommandWithoutPersistingFullStateJson" classname="Sundoll.Tests.EditMode.M2PersistenceTests" runstate="Runnable" seed="113513340" result="Passed" start-time="2026-08-25 12:12:44Z" end-time="2026-08-25 12:12:44Z" duration="0.001563" asserts="0">
                <properties>
                  <property name="retryIteration" value="0" />
                  <property name="repeatIteration" value="0" />
                </properties>
              </test-case>
              <test-case id="1013" name="VersionedJournalReplaysValidEntriesBeforeCorruptTail" fullname="Sundoll.Tests.EditMode.M2PersistenceTests.VersionedJournalReplaysValidEntriesBeforeCorruptTail" methodname="VersionedJournalReplaysValidEntriesBeforeCorruptTail" classname="Sundoll.Tests.EditMode.M2PersistenceTests" runstate="Runnable" seed="1744340279" result="Passed" start-time="2026-08-25 12:12:44Z" end-time="2026-08-25 12:12:44Z" duration="0.001236" asserts="0">
                <properties>
                  <property name="retryIteration" value="0" />
                  <property name="repeatIteration" value="0" />
                </properties>
              </test-case>
              <test-case id="1022" name="WriterLockTimeoutFailsWithoutChangingHead" fullname="Sundoll.Tests.EditMode.M2PersistenceTests.WriterLockTimeoutFailsWithoutChangingHead" methodname="WriterLockTimeoutFailsWithoutChangingHead" classname="Sundoll.Tests.EditMode.M2PersistenceTests" runstate="Runnable" seed="640631332" result="Passed" start-time="2026-08-25 12:12:44Z" end-time="2026-08-25 12:12:45Z" duration="0.133915" asserts="0">
                <properties>
                  <property name="retryIteration" value="0" />
                  <property name="repeatIteration" value="0" />
                </properties>
              </test-case>
            </test-suite>
            <test-suite type="TestFixture" id="1033" name="M3MapEditorTests" fullname="Sundoll.Tests.EditMode.M3MapEditorTests" classname="Sundoll.Tests.EditMode.M3MapEditorTests" runstate="Runnable" testcasecount="27" result="Passed" start-time="2026-08-25 12:12:45Z" end-time="2026-08-25 12:12:48Z" duration="3.682917" total="27" passed="27" failed="0" inconclusive="0" skipped="0" asserts="0">
              <properties />
              <test-case id="1034" name="BatchPaintIsAtomicAndUndoable" fullname="Sundoll.Tests.EditMode.M3MapEditorTests.BatchPaintIsAtomicAndUndoable" methodname="BatchPaintIsAtomicAndUndoable" classname="Sundoll.Tests.EditMode.M3MapEditorTests" runstate="Runnable" seed="1070041773" result="Passed" start-time="2026-08-25 12:12:45Z" end-time="2026-08-25 12:12:45Z" duration="0.001198" asserts="0">
                <properties>
                  <property name="retryIteration" value="0" />
                  <property name="repeatIteration" value="0" />
                </properties>
              </test-case>
              <test-case id="1056" name="ClipboardUsesSelectionOriginAndRejectsOutOfBoundsAsOneBatch" fullname="Sundoll.Tests.EditMode.M3MapEditorTests.ClipboardUsesSelectionOriginAndRejectsOutOfBoundsAsOneBatch" methodname="ClipboardUsesSelectionOriginAndRejectsOutOfBoundsAsOneBatch" classname="Sundoll.Tests.EditMode.M3MapEditorTests" runstate="Runnable" seed="1178422257" result="Passed" start-time="2026-08-25 12:12:45Z" end-time="2026-08-25 12:12:45Z" duration="0.001343" asserts="0">
                <properties>
                  <property name="retryIteration" value="0" />
                  <property name="repeatIteration" value="0" />
                </properties>
              </test-case>
              <test-case id="1044" name="ContentLookupCacheAppliesDirtyCellsWithoutFullRebuild" fullname="Sundoll.Tests.EditMode.M3MapEditorTests.ContentLookupCacheAppliesDirtyCellsWithoutFullRebuild" methodname="ContentLookupCacheAppliesDirtyCellsWithoutFullRebuild" classname="Sundoll.Tests.EditMode.M3MapEditorTests" runstate="Runnable" seed="1449341194" result="Passed" start-time="2026-08-25 12:12:45Z" end-time="2026-08-25 12:12:45Z" duration="0.001350" asserts="0">
                <properties>
                  <property name="retryIteration" value="0" />
                  <property name="repeatIteration" value="0" />
                </properties>
              </test-case>
              <test-case id="1042" name="DirtyRegionAndDeltaUndoStayScopedToTheChangedCells" fullname="Sundoll.Tests.EditMode.M3MapEditorTests.DirtyRegionAndDeltaUndoStayScopedToTheChangedCells" methodname="DirtyRegionAndDeltaUndoStayScopedToTheChangedCells" classname="Sundoll.Tests.EditMode.M3MapEditorTests" runstate="Runnable" seed="726667615" result="Passed" start-time="2026-08-25 12:12:45Z" end-time="2026-08-25 12:12:45Z" duration="0.000671" asserts="0">
                <properties>
                  <property name="retryIteration" value="0" />
                  <property name="repeatIteration" value="0" />
                </properties>
              </test-case>
              <test-case id="1039" name="EraseOnlyRemovesTheSelectedLayer" fullname="Sundoll.Tests.EditMode.M3MapEditorTests.EraseOnlyRemovesTheSelectedLayer" methodname="EraseOnlyRemovesTheSelectedLayer" classname="Sundoll.Tests.EditMode.M3MapEditorTests" runstate="Runnable" seed="1708209681" result="Passed" start-time="2026-08-25 12:12:45Z" end-time="2026-08-25 12:12:45Z" duration="0.000465" asserts="0">
                <properties>
                  <property name="retryIteration" value="0" />
                  <property name="repeatIteration" value="0" />
                </properties>
              </test-case>
              <test-case id="1036" name="EraseRemovesCellAndPublishCopiesDraft" fullname="Sundoll.Tests.EditMode.M3MapEditorTests.EraseRemovesCellAndPublishCopiesDraft" methodname="EraseRemovesCellAndPublishCopiesDraft" classname="Sundoll.Tests.EditMode.M3MapEditorTests" runstate="Runnable" seed="220004257" result="Passed" start-time="2026-08-25 12:12:45Z" end-time="2026-08-25 12:12:45Z" duration="0.000566" asserts="0">
                <properties>
                  <property name="retryIteration" value="0" />
                  <property name="repeatIteration" value="0" />
                </properties>
              </test-case>
              <test-case id="1055" name="FloodFillStopsAtDifferentContent" fullname="Sundoll.Tests.EditMode.M3MapEditorTests.FloodFillStopsAtDifferentContent" methodname="FloodFillStopsAtDifferentContent" classname="Sundoll.Tests.EditMode.M3MapEditorTests" runstate="Runnable" seed="178054021" result="Passed" start-time="2026-08-25 12:12:45Z" end-time="2026-08-25 12:12:45Z" duration="0.001192" asserts="0">
                <properties>
                  <property name="retryIteration" value="0" />
                  <property name="repeatIteration" value="0" />
                </properties>
              </test-case>
              <test-case id="1035" name="InvalidBatchDoesNotPartiallyModifyMap" fullname="Sundoll.Tests.EditMode.M3MapEditorTests.InvalidBatchDoesNotPartiallyModifyMap" methodname="InvalidBatchDoesNotPartiallyModifyMap" classname="Sundoll.Tests.EditMode.M3MapEditorTests" runstate="Runnable" seed="1025336481" result="Passed" start-time="2026-08-25 12:12:45Z" end-time="2026-08-25 12:12:45Z" duration="0.001345" asserts="0">
                <properties>
                  <property name="retryIteration" value="0" />
                  <property name="repeatIteration" value="0" />
                </properties>
              </test-case>
              <test-case id="1046" name="LayerEditStateDefaultsToVisibleAndUnlocked" fullname="Sundoll.Tests.EditMode.M3MapEditorTests.LayerEditStateDefaultsToVisibleAndUnlocked" methodname="LayerEditStateDefaultsToVisibleAndUnlocked" classname="Sundoll.Tests.EditMode.M3MapEditorTests" runstate="Runnable" seed="410934376" result="Passed" start-time="2026-08-25 12:12:45Z" end-time="2026-08-25 12:12:45Z" duration="0.000287" asserts="0">
                <properties>
                  <property name="retryIteration" value="0" />
                  <property name="repeatIteration" value="0" />
                </properties>
              </test-case>
              <test-case id="1048" name="LayerEditStateRejectsUnknownLayer" fullname="Sundoll.Tests.EditMode.M3MapEditorTests.LayerEditStateRejectsUnknownLayer" methodname="LayerEditStateRejectsUnknownLayer" classname="Sundoll.Tests.EditMode.M3MapEditorTests" runstate="Runnable" seed="1861776402" result="Passed" start-time="2026-08-25 12:12:45Z" end-time="2026-08-25 12:12:45Z" duration="0.000547" asserts="0">
                <properties>
                  <property name="retryIteration" value="0" />
                  <property name="repeatIteration" value="0" />
                </properties>
              </test-case>
              <test-case id="1047" name="LayerEditStateTogglesVisibilityAndLockWithoutChangingContent" fullname="Sundoll.Tests.EditMode.M3MapEditorTests.LayerEditStateTogglesVisibilityAndLockWithoutChangingContent" methodname="LayerEditStateTogglesVisibilityAndLockWithoutChangingContent" classname="Sundoll.Tests.EditMode.M3MapEditorTests" runstate="Runnable" seed="1538580716" result="Passed" start-time="2026-08-25 12:12:45Z" end-time="2026-08-25 12:12:45Z" duration="0.000628" asserts="0">
                <properties>
                  <property name="retryIteration" value="0" />
                  <property name="repeatIteration" value="0" />
                </properties>
              </test-case>
              <test-case id="1059" name="LegacySchemaReadSuppliesSchema2ObjectDefaults" fullname="Sundoll.Tests.EditMode.M3MapEditorTests.LegacySchemaReadSuppliesSchema2ObjectDefaults" methodname="LegacySchemaReadSuppliesSchema2ObjectDefaults" classname="Sundoll.Tests.EditMode.M3MapEditorTests" runstate="Runnable" seed="475574265" result="Passed" start-time="2026-08-25 12:12:45Z" end-time="2026-08-25 12:12:45Z" duration="0.000483" asserts="0">
                <properties>
                  <property name="retryIteration" value="0" />
                  <property name="repeatIteration" value="0" />
                </properties>
              </test-case>
              <test-case id="1037" name="MapDraftSurvivesM2SaveAndReload" fullname="Sundoll.Tests.EditMode.M3MapEditorTests.MapDraftSurvivesM2SaveAndReload" methodname="MapDraftSurvivesM2SaveAndReload" classname="Sundoll.Tests.EditMode.M3MapEditorTests" runstate="Runnable" seed="1355076662" result="Passed" start-time="2026-08-25 12:12:45Z" end-time="2026-08-25 12:12:45Z" duration="0.008161" asserts="0">
                <properties>
                  <property name="retryIteration" value="0" />
                  <property name="repeatIteration" value="0" />
                </properties>
              </test-case>
              <test-case id="1058" name="MapObjectActionIsVersionedUndoableAndPublishedByDeepCopy" fullname="Sundoll.Tests.EditMode.M3MapEditorTests.MapObjectActionIsVersionedUndoableAndPublishedByDeepCopy" methodname="MapObjectActionIsVersionedUndoableAndPublishedByDeepCopy" classname="Sundoll.Tests.EditMode.M3MapEditorTests" runstate="Runnable" seed="445621177" result="Passed" start-time="2026-08-25 12:12:45Z" end-time="2026-08-25 12:12:45Z" duration="0.001400" asserts="0">
                <properties>
                  <property name="retryIteration" value="0" />
                  <property name="repeatIteration" value="0" />
                </properties>
              </test-case>
              <test-case id="1053" name="MediumMapBatchPaintSavesAndReloads" fullname="Sundoll.Tests.EditMode.M3MapEditorTests.MediumMapBatchPaintSavesAndReloads" methodname="MediumMapBatchPaintSavesAndReloads" classname="Sundoll.Tests.EditMode.M3MapEditorTests" runstate="Runnable" seed="793109406" result="Passed" start-time="2026-08-25 12:12:45Z" end-time="2026-08-25 12:12:48Z" duration="3.643371" asserts="0">
                <properties>
                  <property name="retryIteration" value="0" />
                  <property name="repeatIteration" value="0" />
                </properties>
                <output><![CDATA[256x256 batch apply: 265 ms; save/reload: 1185 ms
]]></output>
              </test-case>
              <test-case id="1040" name="MultiLayerDraftSurvivesM2SaveAndReloadWithCanonicalHash" fullname="Sundoll.Tests.EditMode.M3MapEditorTests.MultiLayerDraftSurvivesM2SaveAndReloadWithCanonicalHash" methodname="MultiLayerDraftSurvivesM2SaveAndReloadWithCanonicalHash" classname="Sundoll.Tests.EditMode.M3MapEditorTests" runstate="Runnable" seed="907887864" result="Passed" start-time="2026-08-25 12:12:48Z" end-time="2026-08-25 12:12:48Z" duration="0.005378" asserts="0">
                <properties>
                  <property name="retryIteration" value="0" />
                  <property name="repeatIteration" value="0" />
                </properties>
              </test-case>
              <test-case id="1057" name="PickUsesTopmostVisibleLayerAndLockedLayerRemainsPickable" fullname="Sundoll.Tests.EditMode.M3MapEditorTests.PickUsesTopmostVisibleLayerAndLockedLayerRemainsPickable" methodname="PickUsesTopmostVisibleLayerAndLockedLayerRemainsPickable" classname="Sundoll.Tests.EditMode.M3MapEditorTests" runstate="Runnable" seed="1106328141" result="Passed" start-time="2026-08-25 12:12:48Z" end-time="2026-08-25 12:12:48Z" duration="0.000498" asserts="0">
                <properties>
                  <property name="retryIteration" value="0" />
                  <property name="repeatIteration" value="0" />
                </properties>
              </test-case>
              <test-case id="1041" name="PublishRetainsEveryContentLayer" fullname="Sundoll.Tests.EditMode.M3MapEditorTests.PublishRetainsEveryContentLayer" methodname="PublishRetainsEveryContentLayer" classname="Sundoll.Tests.EditMode.M3MapEditorTests" runstate="Runnable" seed="1239195695" result="Passed" start-time="2026-08-25 12:12:48Z" end-time="2026-08-25 12:12:48Z" duration="0.000360" asserts="0">
                <properties>
                  <property name="retryIteration" value="0" />
                  <property name="repeatIteration" value="0" />
                </properties>
              </test-case>
              <test-case id="1052" name="RasterizedStrokeCommitsAsOneAtomicPaintCommand" fullname="Sundoll.Tests.EditMode.M3MapEditorTests.RasterizedStrokeCommitsAsOneAtomicPaintCommand" methodname="RasterizedStrokeCommitsAsOneAtomicPaintCommand" classname="Sundoll.Tests.EditMode.M3MapEditorTests" runstate="Runnable" seed="534139309" result="Passed" start-time="2026-08-25 12:12:48Z" end-time="2026-08-25 12:12:48Z" duration="0.000531" asserts="0">
                <properties>
                  <property name="retryIteration" value="0" />
                  <property name="repeatIteration" value="0" />
                </properties>
              </test-case>
              <test-case id="1054" name="RectangleRasterizerSupportsOutlineAndFill" fullname="Sundoll.Tests.EditMode.M3MapEditorTests.RectangleRasterizerSupportsOutlineAndFill" methodname="RectangleRasterizerSupportsOutlineAndFill" classname="Sundoll.Tests.EditMode.M3MapEditorTests" runstate="Runnable" seed="532714199" result="Passed" start-time="2026-08-25 12:12:48Z" end-time="2026-08-25 12:12:48Z" duration="0.000228" asserts="0">
                <properties>
                  <property name="retryIteration" value="0" />
                  <property name="repeatIteration" value="0" />
                </properties>
              </test-case>
              <test-case id="1051" name="StrokeRasterizerIncludesEndpointsAndHasNoGaps" fullname="Sundoll.Tests.EditMode.M3MapEditorTests.StrokeRasterizerIncludesEndpointsAndHasNoGaps" methodname="StrokeRasterizerIncludesEndpointsAndHasNoGaps" classname="Sundoll.Tests.EditMode.M3MapEditorTests" runstate="Runnable" seed="1084023976" result="Passed" start-time="2026-08-25 12:12:48Z" end-time="2026-08-25 12:12:48Z" duration="0.000636" asserts="0">
                <properties>
                  <property name="retryIteration" value="0" />
                  <property name="repeatIteration" value="0" />
                </properties>
              </test-case>
              <test-case id="1038" name="TerrainAndWallCanCoexistAtSameCoordinate" fullname="Sundoll.Tests.EditMode.M3MapEditorTests.TerrainAndWallCanCoexistAtSameCoordinate" methodname="TerrainAndWallCanCoexistAtSameCoordinate" classname="Sundoll.Tests.EditMode.M3MapEditorTests" runstate="Runnable" seed="1951991304" result="Passed" start-time="2026-08-25 12:12:48Z" end-time="2026-08-25 12:12:48Z" duration="0.000764" asserts="0">
                <properties>
                  <property name="retryIteration" value="0" />
                  <property name="repeatIteration" value="0" />
                </properties>
              </test-case>
              <test-case id="1045" name="VisibleBoundsOnlyIncludesCellsInsideViewport" fullname="Sundoll.Tests.EditMode.M3MapEditorTests.VisibleBoundsOnlyIncludesCellsInsideViewport" methodname="VisibleBoundsOnlyIncludesCellsInsideViewport" classname="Sundoll.Tests.EditMode.M3MapEditorTests" runstate="Runnable" seed="19722544" result="Passed" start-time="2026-08-25 12:12:48Z" end-time="2026-08-25 12:12:48Z" duration="0.000404" asserts="0">
                <properties>
                  <property name="retryIteration" value="0" />
                  <property name="repeatIteration" value="0" />
                </properties>
              </test-case>
              <test-case id="1060" name="WorkspaceStateFormat2RestoresOrderToolAndView" fullname="Sundoll.Tests.EditMode.M3MapEditorTests.WorkspaceStateFormat2RestoresOrderToolAndView" methodname="WorkspaceStateFormat2RestoresOrderToolAndView" classname="Sundoll.Tests.EditMode.M3MapEditorTests" runstate="Runnable" seed="17376705" result="Passed" start-time="2026-08-25 12:12:48Z" end-time="2026-08-25 12:12:48Z" duration="0.003395" asserts="0">
                <properties>
                  <property name="retryIteration" value="0" />
                  <property name="repeatIteration" value="0" />
                </properties>
              </test-case>
              <test-case id="1049" name="WorkspaceStateRoundTripsWithoutChangingWorldHash" fullname="Sundoll.Tests.EditMode.M3MapEditorTests.WorkspaceStateRoundTripsWithoutChangingWorldHash" methodname="WorkspaceStateRoundTripsWithoutChangingWorldHash" classname="Sundoll.Tests.EditMode.M3MapEditorTests" runstate="Runnable" seed="1620738756" result="Passed" start-time="2026-08-25 12:12:48Z" end-time="2026-08-25 12:12:48Z" duration="0.001034" asserts="0">
                <properties>
                  <property name="retryIteration" value="0" />
                  <property name="repeatIteration" value="0" />
                </properties>
              </test-case>
              <test-case id="1050" name="WorkspaceStateUsesDefaultsWhenMissingOrCorrupt" fullname="Sundoll.Tests.EditMode.M3MapEditorTests.WorkspaceStateUsesDefaultsWhenMissingOrCorrupt" methodname="WorkspaceStateUsesDefaultsWhenMissingOrCorrupt" classname="Sundoll.Tests.EditMode.M3MapEditorTests" runstate="Runnable" seed="1404870954" result="Passed" start-time="2026-08-25 12:12:48Z" end-time="2026-08-25 12:12:48Z" duration="0.000610" asserts="0">
                <properties>
                  <property name="retryIteration" value="0" />
                  <property name="repeatIteration" value="0" />
                </properties>
              </test-case>
              <test-case id="1043" name="WorldChangeSetJsonRoundTripAppliesForwardAndInverse" fullname="Sundoll.Tests.EditMode.M3MapEditorTests.WorldChangeSetJsonRoundTripAppliesForwardAndInverse" methodname="WorldChangeSetJsonRoundTripAppliesForwardAndInverse" classname="Sundoll.Tests.EditMode.M3MapEditorTests" runstate="Runnable" seed="920310362" result="Passed" start-time="2026-08-25 12:12:48Z" end-time="2026-08-25 12:12:48Z" duration="0.000506" asserts="0">
                <properties>
                  <property name="retryIteration" value="0" />
                  <property name="repeatIteration" value="0" />
                </properties>
              </test-case>
            </test-suite>
            <test-suite type="TestFixture" id="1061" name="M4PieceSystemTests" fullname="Sundoll.Tests.EditMode.M4PieceSystemTests" classname="Sundoll.Tests.EditMode.M4PieceSystemTests" runstate="Runnable" testcasecount="10" result="Passed" start-time="2026-08-25 12:12:48Z" end-time="2026-08-25 12:12:48Z" duration="0.013030" total="10" passed="10" failed="0" inconclusive="0" skipped="0" asserts="0">
              <properties />
              <test-case id="1071" name="AssetCatalogDeduplicatesBytesAndDetectsMissingFile" fullname="Sundoll.Tests.EditMode.M4PieceSystemTests.AssetCatalogDeduplicatesBytesAndDetectsMissingFile" methodname="AssetCatalogDeduplicatesBytesAndDetectsMissingFile" classname="Sundoll.Tests.EditMode.M4PieceSystemTests" runstate="Runnable" seed="1978197232" result="Passed" start-time="2026-08-25 12:12:48Z" end-time="2026-08-25 12:12:48Z" duration="0.001805" asserts="0">
                <properties>
                  <property name="retryIteration" value="0" />
                  <property name="repeatIteration" value="0" />
                </properties>
              </test-case>
              <test-case id="1063" name="BoardPlacementUsesStableStackOrder" fullname="Sundoll.Tests.EditMode.M4PieceSystemTests.BoardPlacementUsesStableStackOrder" methodname="BoardPlacementUsesStableStackOrder" classname="Sundoll.Tests.EditMode.M4PieceSystemTests" runstate="Runnable" seed="432766155" result="Passed" start-time="2026-08-25 12:12:48Z" end-time="2026-08-25 12:12:48Z" duration="0.002366" asserts="0">
                <properties>
                  <property name="retryIteration" value="0" />
                  <property name="repeatIteration" value="0" />
                </properties>
              </test-case>
              <test-case id="1065" name="ContainerAndAttachmentRelationshipsCanBeDetached" fullname="Sundoll.Tests.EditMode.M4PieceSystemTests.ContainerAndAttachmentRelationshipsCanBeDetached" methodname="ContainerAndAttachmentRelationshipsCanBeDetached" classname="Sundoll.Tests.EditMode.M4PieceSystemTests" runstate="Runnable" seed="286444299" result="Passed" start-time="2026-08-25 12:12:48Z" end-time="2026-08-25 12:12:48Z" duration="0.000792" asserts="0">
                <properties>
                  <property name="retryIteration" value="0" />
                  <property name="repeatIteration" value="0" />
                </properties>
              </test-case>
              <test-case id="1069" name="DefinitionCategoryAndTagsUpdateThroughCommandEnvelope" fullname="Sundoll.Tests.EditMode.M4PieceSystemTests.DefinitionCategoryAndTagsUpdateThroughCommandEnvelope" methodname="DefinitionCategoryAndTagsUpdateThroughCommandEnvelope" classname="Sundoll.Tests.EditMode.M4PieceSystemTests" runstate="Runnable" seed="155911892" result="Passed" start-time="2026-08-25 12:12:48Z" end-time="2026-08-25 12:12:48Z" duration="0.000799" asserts="0">
                <properties>
                  <property name="retryIteration" value="0" />
                  <property name="repeatIteration" value="0" />
                </properties>
              </test-case>
              <test-case id="1062" name="DefinitionsAndInstancesArePureDataAndRoundTrip" fullname="Sundoll.Tests.EditMode.M4PieceSystemTests.DefinitionsAndInstancesArePureDataAndRoundTrip" methodname="DefinitionsAndInstancesArePureDataAndRoundTrip" classname="Sundoll.Tests.EditMode.M4PieceSystemTests" runstate="Runnable" seed="219944426" result="Passed" start-time="2026-08-25 12:12:48Z" end-time="2026-08-25 12:12:48Z" duration="0.001595" asserts="0">
                <properties>
                  <property name="retryIteration" value="0" />
                  <property name="repeatIteration" value="0" />
                </properties>
              </test-case>
              <test-case id="1068" name="M4CommandEnvelopeRoundTrips" fullname="Sundoll.Tests.EditMode.M4PieceSystemTests.M4CommandEnvelopeRoundTrips" methodname="M4CommandEnvelopeRoundTrips" classname="Sundoll.Tests.EditMode.M4PieceSystemTests" runstate="Runnable" seed="839679384" result="Passed" start-time="2026-08-25 12:12:48Z" end-time="2026-08-25 12:12:48Z" duration="0.000318" asserts="0">
                <properties>
                  <property name="retryIteration" value="0" />
                  <property name="repeatIteration" value="0" />
                </properties>
              </test-case>
              <test-case id="1067" name="PresentationStateSupportsRotationFlipAndVisibility" fullname="Sundoll.Tests.EditMode.M4PieceSystemTests.PresentationStateSupportsRotationFlipAndVisibility" methodname="PresentationStateSupportsRotationFlipAndVisibility" classname="Sundoll.Tests.EditMode.M4PieceSystemTests" runstate="Runnable" seed="234594039" result="Passed" start-time="2026-08-25 12:12:48Z" end-time="2026-08-25 12:12:48Z" duration="0.000263" asserts="0">
                <properties>
                  <property name="retryIteration" value="0" />
                  <property name="repeatIteration" value="0" />
                </properties>
              </test-case>
              <test-case id="1066" name="RelationshipCycleIsRejectedWithoutChangingState" fullname="Sundoll.Tests.EditMode.M4PieceSystemTests.RelationshipCycleIsRejectedWithoutChangingState" methodname="RelationshipCycleIsRejectedWithoutChangingState" classname="Sundoll.Tests.EditMode.M4PieceSystemTests" runstate="Runnable" seed="1339299338" result="Passed" start-time="2026-08-25 12:12:48Z" end-time="2026-08-25 12:12:48Z" duration="0.000363" asserts="0">
                <properties>
                  <property name="retryIteration" value="0" />
                  <property name="repeatIteration" value="0" />
                </properties>
              </test-case>
              <test-case id="1064" name="StackOrderCanBeAdjustedWithoutSortingTheWholeWorldState" fullname="Sundoll.Tests.EditMode.M4PieceSystemTests.StackOrderCanBeAdjustedWithoutSortingTheWholeWorldState" methodname="StackOrderCanBeAdjustedWithoutSortingTheWholeWorldState" classname="Sundoll.Tests.EditMode.M4PieceSystemTests" runstate="Runnable" seed="861120852" result="Passed" start-time="2026-08-25 12:12:48Z" end-time="2026-08-25 12:12:48Z" duration="0.000859" asserts="0">
                <properties>
                  <property name="retryIteration" value="0" />
                  <property name="repeatIteration" value="0" />
                </properties>
              </test-case>
              <test-case id="1070" name="VersionedJournalReplaysM4MoveAndPreservesCanonicalHash" fullname="Sundoll.Tests.EditMode.M4PieceSystemTests.VersionedJournalReplaysM4MoveAndPreservesCanonicalHash" methodname="VersionedJournalReplaysM4MoveAndPreservesCanonicalHash" classname="Sundoll.Tests.EditMode.M4PieceSystemTests" runstate="Runnable" seed="1740771229" result="Passed" start-time="2026-08-25 12:12:48Z" end-time="2026-08-25 12:12:48Z" duration="0.001459" asserts="0">
                <properties>
                  <property name="retryIteration" value="0" />
                  <property name="repeatIteration" value="0" />
                </properties>
              </test-case>
            </test-suite>
            <test-suite type="TestFixture" id="1072" name="M5ConsoleTests" fullname="Sundoll.Tests.EditMode.M5ConsoleTests" classname="Sundoll.Tests.EditMode.M5ConsoleTests" runstate="Runnable" testcasecount="3" result="Passed" start-time="2026-08-25 12:12:48Z" end-time="2026-08-25 12:12:48Z" duration="0.003941" total="3" passed="3" failed="0" inconclusive="0" skipped="0" asserts="0">
              <properties />
              <test-case id="1074" name="FogAnnotationsAndInteractionRoundTripThroughJournalEnvelope" fullname="Sundoll.Tests.EditMode.M5ConsoleTests.FogAnnotationsAndInteractionRoundTripThroughJournalEnvelope" methodname="FogAnnotationsAndInteractionRoundTripThroughJournalEnvelope" classname="Sundoll.Tests.EditMode.M5ConsoleTests" runstate="Runnable" seed="1709344293" result="Passed" start-time="2026-08-25 12:12:48Z" end-time="2026-08-25 12:12:48Z" duration="0.002255" asserts="0">
                <properties>
                  <property name="retryIteration" value="0" />
                  <property name="repeatIteration" value="0" />
                </properties>
              </test-case>
              <test-case id="1075" name="M5MapCommandCanUndoAndRedo" fullname="Sundoll.Tests.EditMode.M5ConsoleTests.M5MapCommandCanUndoAndRedo" methodname="M5MapCommandCanUndoAndRedo" classname="Sundoll.Tests.EditMode.M5ConsoleTests" runstate="Runnable" seed="285978714" result="Passed" start-time="2026-08-25 12:12:48Z" end-time="2026-08-25 12:12:48Z" duration="0.000481" asserts="0">
                <properties>
                  <property name="retryIteration" value="0" />
                  <property name="repeatIteration" value="0" />
                </properties>
              </test-case>
              <test-case id="1073" name="MultipleMapsSwitchWithoutLosingMapContent" fullname="Sundoll.Tests.EditMode.M5ConsoleTests.MultipleMapsSwitchWithoutLosingMapContent" methodname="MultipleMapsSwitchWithoutLosingMapContent" classname="Sundoll.Tests.EditMode.M5ConsoleTests" runstate="Runnable" seed="1158893209" result="Passed" start-time="2026-08-25 12:12:48Z" end-time="2026-08-25 12:12:48Z" duration="0.000448" asserts="0">
                <properties>
                  <property name="retryIteration" value="0" />
                  <property name="repeatIteration" value="0" />
                </properties>
              </test-case>
            </test-suite>
            <test-suite type="TestFixture" id="1076" name="M6LoopbackTests" fullname="Sundoll.Tests.EditMode.M6LoopbackTests" classname="Sundoll.Tests.EditMode.M6LoopbackTests" runstate="Runnable" testcasecount="2" result="Passed" start-time="2026-08-25 12:12:48Z" end-time="2026-08-25 12:12:48Z" duration="0.004887" total="2" passed="2" failed="0" inconclusive="0" skipped="0" asserts="0">
              <properties />
              <test-case id="1078" name="StaleClientCommandConflictsAndAudienceProjectionHidesPieces" fullname="Sundoll.Tests.EditMode.M6LoopbackTests.StaleClientCommandConflictsAndAudienceProjectionHidesPieces" methodname="StaleClientCommandConflictsAndAudienceProjectionHidesPieces" classname="Sundoll.Tests.EditMode.M6LoopbackTests" runstate="Runnable" seed="1671845880" result="Passed" start-time="2026-08-25 12:12:48Z" end-time="2026-08-25 12:12:48Z" duration="0.002413" asserts="0">
                <properties>
                  <property name="retryIteration" value="0" />
                  <property name="repeatIteration" value="0" />
                </properties>
              </test-case>
              <test-case id="1077" name="TwoClientsConvergeThroughSnapshotAndDeltaTail" fullname="Sundoll.Tests.EditMode.M6LoopbackTests.TwoClientsConvergeThroughSnapshotAndDeltaTail" methodname="TwoClientsConvergeThroughSnapshotAndDeltaTail" classname="Sundoll.Tests.EditMode.M6LoopbackTests" runstate="Runnable" seed="753914160" result="Passed" start-time="2026-08-25 12:12:48Z" end-time="2026-08-25 12:12:48Z" duration="0.001989" asserts="0">
                <properties>
                  <property name="retryIteration" value="0" />
                  <property name="repeatIteration" value="0" />
                </properties>
              </test-case>
            </test-suite>
            <test-suite type="TestFixture" id="1079" name="M6RuleSeamTests" fullname="Sundoll.Tests.EditMode.M6RuleSeamTests" classname="Sundoll.Tests.EditMode.M6RuleSeamTests" runstate="Runnable" testcasecount="1" result="Passed" start-time="2026-08-25 12:12:48Z" end-time="2026-08-25 12:12:48Z" duration="0.002311" total="1" passed="1" failed="0" inconclusive="0" skipped="0" asserts="0">
              <properties />
              <test-case id="1080" name="RuleSeamSupportsAllowDenyReplaceAndAppend" fullname="Sundoll.Tests.EditMode.M6RuleSeamTests.RuleSeamSupportsAllowDenyReplaceAndAppend" methodname="RuleSeamSupportsAllowDenyReplaceAndAppend" classname="Sundoll.Tests.EditMode.M6RuleSeamTests" runstate="Runnable" seed="985459649" result="Passed" start-time="2026-08-25 12:12:48Z" end-time="2026-08-25 12:12:48Z" duration="0.001633" asserts="0">
                <properties>
                  <property name="retryIteration" value="0" />
                  <property name="repeatIteration" value="0" />
                </properties>
              </test-case>
            </test-suite>
            <test-suite type="TestFixture" id="1081" name="M7ReleaseTests" fullname="Sundoll.Tests.EditMode.M7ReleaseTests" classname="Sundoll.Tests.EditMode.M7ReleaseTests" runstate="Runnable" testcasecount="3" result="Passed" start-time="2026-08-25 12:12:48Z" end-time="2026-08-25 12:12:48Z" duration="0.005025" total="3" passed="3" failed="0" inconclusive="0" skipped="0" asserts="0">
              <properties />
              <test-case id="1083" name="FrozenSaveRoundTripsAndRejectsTampering" fullname="Sundoll.Tests.EditMode.M7ReleaseTests.FrozenSaveRoundTripsAndRejectsTampering" methodname="FrozenSaveRoundTripsAndRejectsTampering" classname="Sundoll.Tests.EditMode.M7ReleaseTests" runstate="Runnable" seed="1403295168" result="Passed" start-time="2026-08-25 12:12:48Z" end-time="2026-08-25 12:12:48Z" duration="0.001526" asserts="0">
                <properties>
                  <property name="retryIteration" value="0" />
                  <property name="repeatIteration" value="0" />
                </properties>
              </test-case>
              <test-case id="1084" name="PerformanceProbeReportsPercentilesAndPoolReusesObjects" fullname="Sundoll.Tests.EditMode.M7ReleaseTests.PerformanceProbeReportsPercentilesAndPoolReusesObjects" methodname="PerformanceProbeReportsPercentilesAndPoolReusesObjects" classname="Sundoll.Tests.EditMode.M7ReleaseTests" runstate="Runnable" seed="1095161479" result="Passed" start-time="2026-08-25 12:12:48Z" end-time="2026-08-25 12:12:48Z" duration="0.001581" asserts="0">
                <properties>
                  <property name="retryIteration" value="0" />
                  <property name="repeatIteration" value="0" />
                </properties>
              </test-case>
              <test-case id="1082" name="Schema1MigratesToSchema2WithoutDroppingData" fullname="Sundoll.Tests.EditMode.M7ReleaseTests.Schema1MigratesToSchema2WithoutDroppingData" methodname="Schema1MigratesToSchema2WithoutDroppingData" classname="Sundoll.Tests.EditMode.M7ReleaseTests" runstate="Runnable" seed="404676455" result="Passed" start-time="2026-08-25 12:12:48Z" end-time="2026-08-25 12:12:48Z" duration="0.001138" asserts="0">
                <properties>
                  <property name="retryIteration" value="0" />
                  <property name="repeatIteration" value="0" />
                </properties>
                <output><![CDATA[Saving results to: /Users/sundoll/Library/Application Support/Sundoll/SundollWorld/TestResults.xml
]]></output>
              </test-case>
            </test-suite>
          </test-suite>
        </test-suite>
      </test-suite>
    </test-suite>
  </test-suite>
</test-run>