<?xml version="1.0" encoding="utf-8"?>
<test-run id="2" testcasecount="3" result="Passed" total="3" passed="3" failed="0" inconclusive="0" skipped="0" asserts="0" engine-version="3.5.0.0" clr-version="4.0.30319.42000" start-time="2026-08-25 09:47:56Z" end-time="2026-08-25 09:47:56Z" duration="0.5650569">
  <test-suite type="TestSuite" id="1012" name="SundollWorld" fullname="SundollWorld" runstate="Runnable" testcasecount="3" result="Passed" start-time="2026-08-25 09:47:56Z" end-time="2026-08-25 09:47:56Z" duration="0.565057" total="3" passed="3" failed="0" inconclusive="0" skipped="0" asserts="0">
    <properties>
      <property name="platform" value="PlayMode" />
    </properties>
    <test-suite type="Assembly" id="1005" name="Sundoll.Tests.PlayMode.dll" fullname="/Users/sundoll/Desktop/SundollUnity/SundollWorld/Library/ScriptAssemblies/Sundoll.Tests.PlayMode.dll" runstate="Runnable" testcasecount="3" result="Passed" start-time="2026-08-25 09:47:56Z" end-time="2026-08-25 09:47:56Z" duration="0.562995" total="3" passed="3" failed="0" inconclusive="0" skipped="0" asserts="0">
      <properties>
        <property name="_PID" value="70852" />
        <property name="_APPDOMAIN" value="Unity Child Domain" />
        <property name="platform" value="PlayMode" />
        <property name="EditorOnly" value="False" />
      </properties>
      <test-suite type="TestSuite" id="1006" name="Sundoll" fullname="Sundoll" runstate="Runnable" testcasecount="3" result="Passed" start-time="2026-08-25 09:47:56Z" end-time="2026-08-25 09:47:56Z" duration="0.562892" total="3" passed="3" failed="0" inconclusive="0" skipped="0" asserts="0">
        <properties />
        <test-suite type="TestSuite" id="1007" name="Tests" fullname="Sundoll.Tests" runstate="Runnable" testcasecount="3" result="Passed" start-time="2026-08-25 09:47:56Z" end-time="2026-08-25 09:47:56Z" duration="0.562845" total="3" passed="3" failed="0" inconclusive="0" skipped="0" asserts="0">
          <properties />
          <test-suite type="TestSuite" id="1008" name="PlayMode" fullname="Sundoll.Tests.PlayMode" runstate="Runnable" testcasecount="3" result="Passed" start-time="2026-08-25 09:47:56Z" end-time="2026-08-25 09:47:56Z" duration="0.562793" total="3" passed="3" failed="0" inconclusive="0" skipped="0" asserts="0">
            <properties />
            <test-suite type="TestFixture" id="1001" name="M3WorkbenchPlayModeTests" fullname="Sundoll.Tests.PlayMode.M3WorkbenchPlayModeTests" classname="Sundoll.Tests.PlayMode.M3WorkbenchPlayModeTests" runstate="Runnable" testcasecount="3" result="Passed" start-time="2026-08-25 09:47:56Z" end-time="2026-08-25 09:47:56Z" duration="0.562470" total="3" passed="3" failed="0" inconclusive="0" skipped="0" asserts="0">
              <properties />
              <test-case id="1003" name="M4PieceProjectionRebuildsPlaceholderPieceView" fullname="Sundoll.Tests.PlayMode.M3WorkbenchPlayModeTests.M4PieceProjectionRebuildsPlaceholderPieceView" methodname="M4PieceProjectionRebuildsPlaceholderPieceView" classname="Sundoll.Tests.PlayMode.M3WorkbenchPlayModeTests" runstate="Runnable" seed="1020461890" result="Passed" start-time="2026-08-25 09:47:56Z" end-time="2026-08-25 09:47:56Z" duration="0.010785" asserts="0">
                <properties>
                  <property name="_JOINTYPE" value="UnityCombinatorial" />
                  <property name="retryIteration" value="0" />
                  <property name="repeatIteration" value="0" />
                </properties>
              </test-case>
              <test-case id="1004" name="M4RuntimeImageImporterStoresAssetAndThumbnail" fullname="Sundoll.Tests.PlayMode.M3WorkbenchPlayModeTests.M4RuntimeImageImporterStoresAssetAndThumbnail" methodname="M4RuntimeImageImporterStoresAssetAndThumbnail" classname="Sundoll.Tests.PlayMode.M3WorkbenchPlayModeTests" runstate="Runnable" seed="1152415877" result="Passed" start-time="2026-08-25 09:47:56Z" end-time="2026-08-25 09:47:56Z" duration="0.004566" asserts="0">
                <properties>
                  <property name="_JOINTYPE" value="UnityCombinatorial" />
                  <property name="retryIteration" value="0" />
                  <property name="repeatIteration" value="0" />
                </properties>
              </test-case>
              <test-case id="1002" name="WorkbenchBootsProjectsLayersAndCanRebuildView" fullname="Sundoll.Tests.PlayMode.M3WorkbenchPlayModeTests.WorkbenchBootsProjectsLayersAndCanRebuildView" methodname="WorkbenchBootsProjectsLayersAndCanRebuildView" classname="Sundoll.Tests.PlayMode.M3WorkbenchPlayModeTests" runstate="Runnable" seed="869728603" result="Passed" start-time="2026-08-25 09:47:56Z" end-time="2026-08-25 09:47:56Z" duration="0.543652" asserts="0">
                <properties>
                  <property name="_JOINTYPE" value="UnityCombinatorial" />
                  <property name="retryIteration" value="0" />
                  <property name="repeatIteration" value="0" />
                </properties>
                <output><![CDATA[Saving results to: /Users/sundoll/Library/Application Support/Sundoll/SundollWorld/TestResults.xml
]]></output>
              </test-case>
            </test-suite>
          </test-suite>
        </test-suite>
      </test-suite>
    </test-suite>
  </test-suite>
</test-run>