<?xml version="1.0" encoding="utf-8"?>
<test-run id="2" testcasecount="93" result="Passed" total="93" passed="93" failed="0" inconclusive="0" skipped="0" asserts="0" engine-version="3.5.0.0" clr-version="4.0.30319.42000" start-time="2026-08-30 19:18:55Z" end-time="2026-08-30 19:19:02Z" duration="7.1203207">
  <test-suite type="TestSuite" id="1000" name="SundollWorld" fullname="SundollWorld" runstate="Runnable" testcasecount="93" result="Passed" start-time="2026-08-30 19:18:55Z" end-time="2026-08-30 19:19:02Z" duration="7.120321" total="93" passed="93" failed="0" inconclusive="0" skipped="0" asserts="0">
    <properties>
      <property name="platform" value="EditMode" />
    </properties>
    <test-suite type="Assembly" id="1104" name="Sundoll.Tests.EditMode.dll" fullname="/private/tmp/SundollWorld-ux2-validation/SundollWorld/Library/ScriptAssemblies/Sundoll.Tests.EditMode.dll" runstate="Runnable" testcasecount="93" result="Passed" start-time="2026-08-30 19:18:55Z" end-time="2026-08-30 19:19:02Z" duration="7.117740" total="93" passed="93" failed="0" inconclusive="0" skipped="0" asserts="0">
      <properties>
        <property name="_PID" value="25400" />
        <property name="_APPDOMAIN" value="Unity Child Domain" />
        <property name="platform" value="EditMode" />
        <property name="EditorOnly" value="True" />
      </properties>
      <test-suite type="TestSuite" id="1105" name="Sundoll" fullname="Sundoll" runstate="Runnable" testcasecount="93" result="Passed" start-time="2026-08-30 19:18:55Z" end-time="2026-08-30 19:19:02Z" duration="7.117644" total="93" passed="93" failed="0" inconclusive="0" skipped="0" asserts="0">
        <properties />
        <test-suite type="TestSuite" id="1106" name="Tests" fullname="Sundoll.Tests" runstate="Runnable" testcasecount="93" result="Passed" start-time="2026-08-30 19:18:55Z" end-time="2026-08-30 19:19:02Z" duration="7.117607" total="93" passed="93" failed="0" inconclusive="0" skipped="0" asserts="0">
          <properties />
          <test-suite type="TestSuite" id="1107" name="EditMode" fullname="Sundoll.Tests.EditMode" runstate="Runnable" testcasecount="93" result="Passed" start-time="2026-08-30 19:18:55Z" end-time="2026-08-30 19:19:02Z" duration="7.117522" total="93" passed="93" failed="0" inconclusive="0" skipped="0" asserts="0">
            <properties />
            <test-suite type="TestFixture" id="1002" name="M1VerticalSliceTests" fullname="Sundoll.Tests.EditMode.M1VerticalSliceTests" classname="Sundoll.Tests.EditMode.M1VerticalSliceTests" runstate="Runnable" testcasecount="6" result="Passed" start-time="2026-08-30 19:18:55Z" end-time="2026-08-30 19:18:55Z" duration="0.015471" total="6" passed="6" failed="0" inconclusive="0" skipped="0" asserts="0">
              <properties />
              <test-case id="1008" name="CommandBusBoundsUndoSnapshotRetention" fullname="Sundoll.Tests.EditMode.M1VerticalSliceTests.CommandBusBoundsUndoSnapshotRetention" methodname="CommandBusBoundsUndoSnapshotRetention" classname="Sundoll.Tests.EditMode.M1VerticalSliceTests" runstate="Runnable" seed="1800163801" result="Passed" start-time="2026-08-30 19:18:55Z" end-time="2026-08-30 19:18:55Z" duration="0.007491" asserts="0">
                <properties>
                  <property name="retryIteration" value="0" />
                  <property name="repeatIteration" value="0" />
                </properties>
              </test-case>
              <test-case id="1004" name="CreateScenarioRejectsBlankStableIds" fullname="Sundoll.Tests.EditMode.M1VerticalSliceTests.CreateScenarioRejectsBlankStableIds" methodname="CreateScenarioRejectsBlankStableIds" classname="Sundoll.Tests.EditMode.M1VerticalSliceTests" runstate="Runnable" seed="137645860" result="Passed" start-time="2026-08-30 19:18:55Z" end-time="2026-08-30 19:18:55Z" duration="0.001296" asserts="0">
                <properties>
                  <property name="retryIteration" value="0" />
                  <property name="repeatIteration" value="0" />
                </properties>
              </test-case>
              <test-case id="1006" name="LocalAuthorityIsIdempotentAndRejectsStaleCommand" fullname="Sundoll.Tests.EditMode.M1VerticalSliceTests.LocalAuthorityIsIdempotentAndRejectsStaleCommand" methodname="LocalAuthorityIsIdempotentAndRejectsStaleCommand" classname="Sundoll.Tests.EditMode.M1VerticalSliceTests" runstate="Runnable" seed="853033644" result="Passed" start-time="2026-08-30 19:18:55Z" end-time="2026-08-30 19:18:55Z" duration="0.000303" asserts="0">
                <properties>
                  <property name="retryIteration" value="0" />
                  <property name="repeatIteration" value="0" />
                </properties>
              </test-case>
              <test-case id="1007" name="SnapshotRoundTripRebuildsOnlyFromPureData" fullname="Sundoll.Tests.EditMode.M1VerticalSliceTests.SnapshotRoundTripRebuildsOnlyFromPureData" methodname="SnapshotRoundTripRebuildsOnlyFromPureData" classname="Sundoll.Tests.EditMode.M1VerticalSliceTests" runstate="Runnable" seed="274550332" result="Passed" start-time="2026-08-30 19:18:55Z" end-time="2026-08-30 19:18:55Z" duration="0.000928" asserts="0">
                <properties>
                  <property name="retryIteration" value="0" />
                  <property name="repeatIteration" value="0" />
                </properties>
              </test-case>
              <test-case id="1005" name="UndoAndRedoRestorePiecePosition" fullname="Sundoll.Tests.EditMode.M1VerticalSliceTests.UndoAndRedoRestorePiecePosition" methodname="UndoAndRedoRestorePiecePosition" classname="Sundoll.Tests.EditMode.M1VerticalSliceTests" runstate="Runnable" seed="670624277" result="Passed" start-time="2026-08-30 19:18:55Z" end-time="2026-08-30 19:18:55Z" duration="0.000211" asserts="0">
                <properties>
                  <property name="retryIteration" value="0" />
                  <property name="repeatIteration" value="0" />
                </properties>
              </test-case>
              <test-case id="1003" name="VerticalSliceCreatesPublishedMapBoardAndOnBoardPiece" fullname="Sundoll.Tests.EditMode.M1VerticalSliceTests.VerticalSliceCreatesPublishedMapBoardAndOnBoardPiece" methodname="VerticalSliceCreatesPublishedMapBoardAndOnBoardPiece" classname="Sundoll.Tests.EditMode.M1VerticalSliceTests" runstate="Runnable" seed="2028697210" result="Passed" start-time="2026-08-30 19:18:55Z" end-time="2026-08-30 19:18:55Z" duration="0.000447" asserts="0">
                <properties>
                  <property name="retryIteration" value="0" />
                  <property name="repeatIteration" value="0" />
                </properties>
              </test-case>
            </test-suite>
            <test-suite type="TestFixture" id="1009" name="M2PersistenceTests" fullname="Sundoll.Tests.EditMode.M2PersistenceTests" classname="Sundoll.Tests.EditMode.M2PersistenceTests" runstate="Runnable" testcasecount="27" result="Passed" start-time="2026-08-30 19:18:55Z" end-time="2026-08-30 19:18:56Z" duration="0.808428" total="27" passed="27" failed="0" inconclusive="0" skipped="0" asserts="0">
              <properties />
              <test-case id="1013" name="AcceptedOperationBatchCarriesEnvelopeAndWorldChangeSet" fullname="Sundoll.Tests.EditMode.M2PersistenceTests.AcceptedOperationBatchCarriesEnvelopeAndWorldChangeSet" methodname="AcceptedOperationBatchCarriesEnvelopeAndWorldChangeSet" classname="Sundoll.Tests.EditMode.M2PersistenceTests" runstate="Runnable" seed="1347777026" result="Passed" start-time="2026-08-30 19:18:55Z" end-time="2026-08-30 19:18:55Z" duration="0.003899" asserts="0">
                <properties>
                  <property name="retryIteration" value="0" />
                  <property name="repeatIteration" value="0" />
                </properties>
              </test-case>
              <test-case id="1033" name="BackgroundSaveQueueCapturesSnapshotAndReportsSafe" fullname="Sundoll.Tests.EditMode.M2PersistenceTests.BackgroundSaveQueueCapturesSnapshotAndReportsSafe" methodname="BackgroundSaveQueueCapturesSnapshotAndReportsSafe" classname="Sundoll.Tests.EditMode.M2PersistenceTests" runstate="Runnable" seed="58704934" result="Passed" start-time="2026-08-30 19:18:55Z" end-time="2026-08-30 19:18:55Z" duration="0.013556" asserts="0">
                <properties>
                  <property name="retryIteration" value="0" />
                  <property name="repeatIteration" value="0" />
                </properties>
              </test-case>
              <test-case id="1034" name="BackgroundSaveQueueReportsFailureAndKeepsPreviousHead" fullname="Sundoll.Tests.EditMode.M2PersistenceTests.BackgroundSaveQueueReportsFailureAndKeepsPreviousHead" methodname="BackgroundSaveQueueReportsFailureAndKeepsPreviousHead" classname="Sundoll.Tests.EditMode.M2PersistenceTests" runstate="Runnable" seed="1075409580" result="Passed" start-time="2026-08-30 19:18:55Z" end-time="2026-08-30 19:18:55Z" duration="0.005402" asserts="0">
                <properties>
                  <property name="retryIteration" value="0" />
                  <property name="repeatIteration" value="0" />
                </properties>
              </test-case>
              <test-case id="1010" name="CanonicalHashSurvivesJsonRoundTripAndDetectsStateChange" fullname="Sundoll.Tests.EditMode.M2PersistenceTests.CanonicalHashSurvivesJsonRoundTripAndDetectsStateChange" methodname="CanonicalHashSurvivesJsonRoundTripAndDetectsStateChange" classname="Sundoll.Tests.EditMode.M2PersistenceTests" runstate="Runnable" seed="1609222032" result="Passed" start-time="2026-08-30 19:18:55Z" end-time="2026-08-30 19:18:55Z" duration="0.000303" asserts="0">
                <properties>
                  <property name="retryIteration" value="0" />
                  <property name="repeatIteration" value="0" />
                </properties>
              </test-case>
              <test-case id="1011" name="CanonicalHashTreatsJsonMaterializedEmptyPublishedMapAsAbsent" fullname="Sundoll.Tests.EditMode.M2PersistenceTests.CanonicalHashTreatsJsonMaterializedEmptyPublishedMapAsAbsent" methodname="CanonicalHashTreatsJsonMaterializedEmptyPublishedMapAsAbsent" classname="Sundoll.Tests.EditMode.M2PersistenceTests" runstate="Runnable" seed="1120471395" result="Passed" start-time="2026-08-30 19:18:55Z" end-time="2026-08-30 19:18:55Z" duration="0.001243" asserts="0">
                <properties>
                  <property name="retryIteration" value="0" />
                  <property name="repeatIteration" value="0" />
                </properties>
              </test-case>
              <test-case id="1025" name="ConcurrentProjectStoresSerializeWritesAndRejectStaleGeneration" fullname="Sundoll.Tests.EditMode.M2PersistenceTests.ConcurrentProjectStoresSerializeWritesAndRejectStaleGeneration" methodname="ConcurrentProjectStoresSerializeWritesAndRejectStaleGeneration" classname="Sundoll.Tests.EditMode.M2PersistenceTests" runstate="Runnable" seed="428980797" result="Passed" start-time="2026-08-30 19:18:55Z" end-time="2026-08-30 19:18:55Z" duration="0.212410" asserts="0">
                <properties>
                  <property name="retryIteration" value="0" />
                  <property name="repeatIteration" value="0" />
                </properties>
              </test-case>
              <test-case id="1030" name="ContentBlobsAreAddressedByHashAndVerifiedOnRead" fullname="Sundoll.Tests.EditMode.M2PersistenceTests.ContentBlobsAreAddressedByHashAndVerifiedOnRead" methodname="ContentBlobsAreAddressedByHashAndVerifiedOnRead" classname="Sundoll.Tests.EditMode.M2PersistenceTests" runstate="Runnable" seed="292898630" result="Passed" start-time="2026-08-30 19:18:55Z" end-time="2026-08-30 19:18:55Z" duration="0.001940" asserts="0">
                <properties>
                  <property name="retryIteration" value="0" />
                  <property name="repeatIteration" value="0" />
                </properties>
              </test-case>
              <test-case id="1023" name="CorruptHeadRecoversNewestValidImmutableRevisionWithoutRewritingHead" fullname="Sundoll.Tests.EditMode.M2PersistenceTests.CorruptHeadRecoversNewestValidImmutableRevisionWithoutRewritingHead" methodname="CorruptHeadRecoversNewestValidImmutableRevisionWithoutRewritingHead" classname="Sundoll.Tests.EditMode.M2PersistenceTests" runstate="Runnable" seed="1431259145" result="Passed" start-time="2026-08-30 19:18:55Z" end-time="2026-08-30 19:18:55Z" duration="0.004871" asserts="0">
                <properties>
                  <property name="retryIteration" value="0" />
                  <property name="repeatIteration" value="0" />
                </properties>
              </test-case>
              <test-case id="1024" name="ExpectedGenerationConflictDoesNotWriteRevisionOrReplaceHead" fullname="Sundoll.Tests.EditMode.M2PersistenceTests.ExpectedGenerationConflictDoesNotWriteRevisionOrReplaceHead" methodname="ExpectedGenerationConflictDoesNotWriteRevisionOrReplaceHead" classname="Sundoll.Tests.EditMode.M2PersistenceTests" runstate="Runnable" seed="1487677583" result="Passed" start-time="2026-08-30 19:18:55Z" end-time="2026-08-30 19:18:55Z" duration="0.004135" asserts="0">
                <properties>
                  <property name="retryIteration" value="0" />
                  <property name="repeatIteration" value="0" />
                </properties>
              </test-case>
              <test-case id="1019" name="FailedHeadCommitLeavesPreviousRevisionActive" fullname="Sundoll.Tests.EditMode.M2PersistenceTests.FailedHeadCommitLeavesPreviousRevisionActive" methodname="FailedHeadCommitLeavesPreviousRevisionActive" classname="Sundoll.Tests.EditMode.M2PersistenceTests" runstate="Runnable" seed="1679993155" result="Passed" start-time="2026-08-30 19:18:55Z" end-time="2026-08-30 19:18:55Z" duration="0.003210" asserts="0">
                <properties>
                  <property name="retryIteration" value="0" />
                  <property name="repeatIteration" value="0" />
                </properties>
              </test-case>
              <test-case id="1020" name="FailedRevisionCommitCleansStagingAndKeepsPreviousHead" fullname="Sundoll.Tests.EditMode.M2PersistenceTests.FailedRevisionCommitCleansStagingAndKeepsPreviousHead" methodname="FailedRevisionCommitCleansStagingAndKeepsPreviousHead" classname="Sundoll.Tests.EditMode.M2PersistenceTests" runstate="Runnable" seed="1650241791" result="Passed" start-time="2026-08-30 19:18:55Z" end-time="2026-08-30 19:18:55Z" duration="0.002980" asserts="0">
                <properties>
                  <property name="retryIteration" value="0" />
                  <property name="repeatIteration" value="0" />
                </properties>
              </test-case>
              <test-case id="1029" name="JournalAppendAfterUnterminatedCorruptTailStartsANewSegment" fullname="Sundoll.Tests.EditMode.M2PersistenceTests.JournalAppendAfterUnterminatedCorruptTailStartsANewSegment" methodname="JournalAppendAfterUnterminatedCorruptTailStartsANewSegment" classname="Sundoll.Tests.EditMode.M2PersistenceTests" runstate="Runnable" seed="1858686297" result="Passed" start-time="2026-08-30 19:18:55Z" end-time="2026-08-30 19:18:55Z" duration="0.002985" asserts="0">
                <properties>
                  <property name="retryIteration" value="0" />
                  <property name="repeatIteration" value="0" />
                </properties>
              </test-case>
              <test-case id="1015" name="JournalReplaySupportsMixedLegacyAndVersionedBatches" fullname="Sundoll.Tests.EditMode.M2PersistenceTests.JournalReplaySupportsMixedLegacyAndVersionedBatches" methodname="JournalReplaySupportsMixedLegacyAndVersionedBatches" classname="Sundoll.Tests.EditMode.M2PersistenceTests" runstate="Runnable" seed="1837839766" result="Passed" start-time="2026-08-30 19:18:55Z" end-time="2026-08-30 19:18:55Z" duration="0.001854" asserts="0">
                <properties>
                  <property name="retryIteration" value="0" />
                  <property name="repeatIteration" value="0" />
                </properties>
              </test-case>
              <test-case id="1027" name="JournalSegmentsRecoverLatestValidBatchAfterCorruptTail" fullname="Sundoll.Tests.EditMode.M2PersistenceTests.JournalSegmentsRecoverLatestValidBatchAfterCorruptTail" methodname="JournalSegmentsRecoverLatestValidBatchAfterCorruptTail" classname="Sundoll.Tests.EditMode.M2PersistenceTests" runstate="Runnable" seed="1211483086" result="Passed" start-time="2026-08-30 19:18:55Z" end-time="2026-08-30 19:18:55Z" duration="0.002116" asserts="0">
                <properties>
                  <property name="retryIteration" value="0" />
                  <property name="repeatIteration" value="0" />
                </properties>
              </test-case>
              <test-case id="1028" name="JournalSequenceAndSegmentsStayContinuousAcrossRolloverAndReopen" fullname="Sundoll.Tests.EditMode.M2PersistenceTests.JournalSequenceAndSegmentsStayContinuousAcrossRolloverAndReopen" methodname="JournalSequenceAndSegmentsStayContinuousAcrossRolloverAndReopen" classname="Sundoll.Tests.EditMode.M2PersistenceTests" runstate="Runnable" seed="1351992465" result="Passed" start-time="2026-08-30 19:18:55Z" end-time="2026-08-30 19:18:55Z" duration="0.002670" asserts="0">
                <properties>
                  <property name="retryIteration" value="0" />
                  <property name="repeatIteration" value="0" />
                </properties>
              </test-case>
              <test-case id="1022" name="MissingHeadRecoversNewestValidImmutableRevisionWithoutRewritingHead" fullname="Sundoll.Tests.EditMode.M2PersistenceTests.MissingHeadRecoversNewestValidImmutableRevisionWithoutRewritingHead" methodname="MissingHeadRecoversNewestValidImmutableRevisionWithoutRewritingHead" classname="Sundoll.Tests.EditMode.M2PersistenceTests" runstate="Runnable" seed="364546366" result="Passed" start-time="2026-08-30 19:18:55Z" end-time="2026-08-30 19:18:55Z" duration="0.003361" asserts="0">
                <properties>
                  <property name="retryIteration" value="0" />
                  <property name="repeatIteration" value="0" />
                </properties>
              </test-case>
              <test-case id="1032" name="PackageImportRejectsTraversalEntry" fullname="Sundoll.Tests.EditMode.M2PersistenceTests.PackageImportRejectsTraversalEntry" methodname="PackageImportRejectsTraversalEntry" classname="Sundoll.Tests.EditMode.M2PersistenceTests" runstate="Runnable" seed="2055752407" result="Passed" start-time="2026-08-30 19:18:55Z" end-time="2026-08-30 19:18:56Z" duration="0.355169" asserts="0">
                <properties>
                  <property name="retryIteration" value="0" />
                  <property name="repeatIteration" value="0" />
                </properties>
              </test-case>
              <test-case id="1031" name="PackageRoundTripPreservesActiveRevision" fullname="Sundoll.Tests.EditMode.M2PersistenceTests.PackageRoundTripPreservesActiveRevision" methodname="PackageRoundTripPreservesActiveRevision" classname="Sundoll.Tests.EditMode.M2PersistenceTests" runstate="Runnable" seed="612344846" result="Passed" start-time="2026-08-30 19:18:56Z" end-time="2026-08-30 19:18:56Z" duration="0.045273" asserts="0">
                <properties>
                  <property name="retryIteration" value="0" />
                  <property name="repeatIteration" value="0" />
                </properties>
              </test-case>
              <test-case id="1018" name="ProjectStoreKeepsImmutableRevisionsAndValidHead" fullname="Sundoll.Tests.EditMode.M2PersistenceTests.ProjectStoreKeepsImmutableRevisionsAndValidHead" methodname="ProjectStoreKeepsImmutableRevisionsAndValidHead" classname="Sundoll.Tests.EditMode.M2PersistenceTests" runstate="Runnable" seed="304807513" result="Passed" start-time="2026-08-30 19:18:56Z" end-time="2026-08-30 19:18:56Z" duration="0.005010" asserts="0">
                <properties>
                  <property name="retryIteration" value="0" />
                  <property name="repeatIteration" value="0" />
                </properties>
              </test-case>
              <test-case id="1036" name="SaveSessionAutosavesAtTransactionThreshold" fullname="Sundoll.Tests.EditMode.M2PersistenceTests.SaveSessionAutosavesAtTransactionThreshold" methodname="SaveSessionAutosavesAtTransactionThreshold" classname="Sundoll.Tests.EditMode.M2PersistenceTests" runstate="Runnable" seed="1851122214" result="Passed" start-time="2026-08-30 19:18:56Z" end-time="2026-08-30 19:18:56Z" duration="0.006016" asserts="0">
                <properties>
                  <property name="retryIteration" value="0" />
                  <property name="repeatIteration" value="0" />
                </properties>
              </test-case>
              <test-case id="1016" name="SaveSessionReplaysUnsavedVersionedCommandAfterSnapshot" fullname="Sundoll.Tests.EditMode.M2PersistenceTests.SaveSessionReplaysUnsavedVersionedCommandAfterSnapshot" methodname="SaveSessionReplaysUnsavedVersionedCommandAfterSnapshot" classname="Sundoll.Tests.EditMode.M2PersistenceTests" runstate="Runnable" seed="626650779" result="Passed" start-time="2026-08-30 19:18:56Z" end-time="2026-08-30 19:18:56Z" duration="0.003991" asserts="0">
                <properties>
                  <property name="retryIteration" value="0" />
                  <property name="repeatIteration" value="0" />
                </properties>
              </test-case>
              <test-case id="1035" name="SaveSessionTracksQueuedSaveAndChangesAfterCapturedSnapshot" fullname="Sundoll.Tests.EditMode.M2PersistenceTests.SaveSessionTracksQueuedSaveAndChangesAfterCapturedSnapshot" methodname="SaveSessionTracksQueuedSaveAndChangesAfterCapturedSnapshot" classname="Sundoll.Tests.EditMode.M2PersistenceTests" runstate="Runnable" seed="1411838852" result="Passed" start-time="2026-08-30 19:18:56Z" end-time="2026-08-30 19:18:56Z" duration="0.005630" asserts="0">
                <properties>
                  <property name="retryIteration" value="0" />
                  <property name="repeatIteration" value="0" />
                </properties>
              </test-case>
              <test-case id="1021" name="UnauthorizedHeadCommitKeepsPreviousHead" fullname="Sundoll.Tests.EditMode.M2PersistenceTests.UnauthorizedHeadCommitKeepsPreviousHead" methodname="UnauthorizedHeadCommitKeepsPreviousHead" classname="Sundoll.Tests.EditMode.M2PersistenceTests" runstate="Runnable" seed="1882667855" result="Passed" start-time="2026-08-30 19:18:56Z" end-time="2026-08-30 19:18:56Z" duration="0.003686" asserts="0">
                <properties>
                  <property name="retryIteration" value="0" />
                  <property name="repeatIteration" value="0" />
                </properties>
              </test-case>
              <test-case id="1012" name="VersionedCommandEnvelopeRoundTripsM3CommandAndPayload" fullname="Sundoll.Tests.EditMode.M2PersistenceTests.VersionedCommandEnvelopeRoundTripsM3CommandAndPayload" methodname="VersionedCommandEnvelopeRoundTripsM3CommandAndPayload" classname="Sundoll.Tests.EditMode.M2PersistenceTests" runstate="Runnable" seed="506094982" result="Passed" start-time="2026-08-30 19:18:56Z" end-time="2026-08-30 19:18:56Z" duration="0.000357" asserts="0">
                <properties>
                  <property name="retryIteration" value="0" />
                  <property name="repeatIteration" value="0" />
                </properties>
              </test-case>
              <test-case id="1014" name="VersionedJournalReplaysCommandWithoutPersistingFullStateJson" fullname="Sundoll.Tests.EditMode.M2PersistenceTests.VersionedJournalReplaysCommandWithoutPersistingFullStateJson" methodname="VersionedJournalReplaysCommandWithoutPersistingFullStateJson" classname="Sundoll.Tests.EditMode.M2PersistenceTests" runstate="Runnable" seed="2056880608" result="Passed" start-time="2026-08-30 19:18:56Z" end-time="2026-08-30 19:18:56Z" duration="0.000955" asserts="0">
                <properties>
                  <property name="retryIteration" value="0" />
                  <property name="repeatIteration" value="0" />
                </properties>
              </test-case>
              <test-case id="1017" name="VersionedJournalReplaysValidEntriesBeforeCorruptTail" fullname="Sundoll.Tests.EditMode.M2PersistenceTests.VersionedJournalReplaysValidEntriesBeforeCorruptTail" methodname="VersionedJournalReplaysValidEntriesBeforeCorruptTail" classname="Sundoll.Tests.EditMode.M2PersistenceTests" runstate="Runnable" seed="365697927" result="Passed" start-time="2026-08-30 19:18:56Z" end-time="2026-08-30 19:18:56Z" duration="0.000712" asserts="0">
                <properties>
                  <property name="retryIteration" value="0" />
                  <property name="repeatIteration" value="0" />
                </properties>
              </test-case>
              <test-case id="1026" name="WriterLockTimeoutFailsWithoutChangingHead" fullname="Sundoll.Tests.EditMode.M2PersistenceTests.WriterLockTimeoutFailsWithoutChangingHead" methodname="WriterLockTimeoutFailsWithoutChangingHead" classname="Sundoll.Tests.EditMode.M2PersistenceTests" runstate="Runnable" seed="462771341" result="Passed" start-time="2026-08-30 19:18:56Z" end-time="2026-08-30 19:18:56Z" duration="0.111674" asserts="0">
                <properties>
                  <property name="retryIteration" value="0" />
                  <property name="repeatIteration" value="0" />
                </properties>
              </test-case>
            </test-suite>
            <test-suite type="TestFixture" id="1037" name="M3MapEditorTests" fullname="Sundoll.Tests.EditMode.M3MapEditorTests" classname="Sundoll.Tests.EditMode.M3MapEditorTests" runstate="Runnable" testcasecount="29" result="Passed" start-time="2026-08-30 19:18:56Z" end-time="2026-08-30 19:18:57Z" duration="1.271699" total="29" passed="29" failed="0" inconclusive="0" skipped="0" asserts="0">
              <properties />
              <test-case id="1038" name="BatchPaintIsAtomicAndUndoable" fullname="Sundoll.Tests.EditMode.M3MapEditorTests.BatchPaintIsAtomicAndUndoable" methodname="BatchPaintIsAtomicAndUndoable" classname="Sundoll.Tests.EditMode.M3MapEditorTests" runstate="Runnable" seed="3016021" result="Passed" start-time="2026-08-30 19:18:56Z" end-time="2026-08-30 19:18:56Z" duration="0.001388" asserts="0">
                <properties>
                  <property name="retryIteration" value="0" />
                  <property name="repeatIteration" value="0" />
                </properties>
              </test-case>
              <test-case id="1060" name="ClipboardUsesSelectionOriginAndRejectsOutOfBoundsAsOneBatch" fullname="Sundoll.Tests.EditMode.M3MapEditorTests.ClipboardUsesSelectionOriginAndRejectsOutOfBoundsAsOneBatch" methodname="ClipboardUsesSelectionOriginAndRejectsOutOfBoundsAsOneBatch" classname="Sundoll.Tests.EditMode.M3MapEditorTests" runstate="Runnable" seed="943860359" result="Passed" start-time="2026-08-30 19:18:56Z" end-time="2026-08-30 19:18:56Z" duration="0.001614" asserts="0">
                <properties>
                  <property name="retryIteration" value="0" />
                  <property name="repeatIteration" value="0" />
                </properties>
              </test-case>
              <test-case id="1048" name="ContentLookupCacheAppliesDirtyCellsWithoutFullRebuild" fullname="Sundoll.Tests.EditMode.M3MapEditorTests.ContentLookupCacheAppliesDirtyCellsWithoutFullRebuild" methodname="ContentLookupCacheAppliesDirtyCellsWithoutFullRebuild" classname="Sundoll.Tests.EditMode.M3MapEditorTests" runstate="Runnable" seed="182674983" result="Passed" start-time="2026-08-30 19:18:56Z" end-time="2026-08-30 19:18:56Z" duration="0.001586" asserts="0">
                <properties>
                  <property name="retryIteration" value="0" />
                  <property name="repeatIteration" value="0" />
                </properties>
              </test-case>
              <test-case id="1046" name="DirtyRegionAndDeltaUndoStayScopedToTheChangedCells" fullname="Sundoll.Tests.EditMode.M3MapEditorTests.DirtyRegionAndDeltaUndoStayScopedToTheChangedCells" methodname="DirtyRegionAndDeltaUndoStayScopedToTheChangedCells" classname="Sundoll.Tests.EditMode.M3MapEditorTests" runstate="Runnable" seed="1753988036" result="Passed" start-time="2026-08-30 19:18:56Z" end-time="2026-08-30 19:18:56Z" duration="0.000657" asserts="0">
                <properties>
                  <property name="retryIteration" value="0" />
                  <property name="repeatIteration" value="0" />
                </properties>
              </test-case>
              <test-case id="1043" name="EraseOnlyRemovesTheSelectedLayer" fullname="Sundoll.Tests.EditMode.M3MapEditorTests.EraseOnlyRemovesTheSelectedLayer" methodname="EraseOnlyRemovesTheSelectedLayer" classname="Sundoll.Tests.EditMode.M3MapEditorTests" runstate="Runnable" seed="195196944" result="Passed" start-time="2026-08-30 19:18:56Z" end-time="2026-08-30 19:18:56Z" duration="0.000290" asserts="0">
                <properties>
                  <property name="retryIteration" value="0" />
                  <property name="repeatIteration" value="0" />
                </properties>
              </test-case>
              <test-case id="1040" name="EraseRemovesCellAndPublishCopiesDraft" fullname="Sundoll.Tests.EditMode.M3MapEditorTests.EraseRemovesCellAndPublishCopiesDraft" methodname="EraseRemovesCellAndPublishCopiesDraft" classname="Sundoll.Tests.EditMode.M3MapEditorTests" runstate="Runnable" seed="268374920" result="Passed" start-time="2026-08-30 19:18:56Z" end-time="2026-08-30 19:18:56Z" duration="0.000492" asserts="0">
                <properties>
                  <property name="retryIteration" value="0" />
                  <property name="repeatIteration" value="0" />
                </properties>
              </test-case>
              <test-case id="1059" name="FloodFillStopsAtDifferentContent" fullname="Sundoll.Tests.EditMode.M3MapEditorTests.FloodFillStopsAtDifferentContent" methodname="FloodFillStopsAtDifferentContent" classname="Sundoll.Tests.EditMode.M3MapEditorTests" runstate="Runnable" seed="512841600" result="Passed" start-time="2026-08-30 19:18:56Z" end-time="2026-08-30 19:18:56Z" duration="0.000981" asserts="0">
                <properties>
                  <property name="retryIteration" value="0" />
                  <property name="repeatIteration" value="0" />
                </properties>
              </test-case>
              <test-case id="1039" name="InvalidBatchDoesNotPartiallyModifyMap" fullname="Sundoll.Tests.EditMode.M3MapEditorTests.InvalidBatchDoesNotPartiallyModifyMap" methodname="InvalidBatchDoesNotPartiallyModifyMap" classname="Sundoll.Tests.EditMode.M3MapEditorTests" runstate="Runnable" seed="2104441076" result="Passed" start-time="2026-08-30 19:18:56Z" end-time="2026-08-30 19:18:56Z" duration="0.000270" asserts="0">
                <properties>
                  <property name="retryIteration" value="0" />
                  <property name="repeatIteration" value="0" />
                </properties>
              </test-case>
              <test-case id="1050" name="LayerEditStateDefaultsToVisibleAndUnlocked" fullname="Sundoll.Tests.EditMode.M3MapEditorTests.LayerEditStateDefaultsToVisibleAndUnlocked" methodname="LayerEditStateDefaultsToVisibleAndUnlocked" classname="Sundoll.Tests.EditMode.M3MapEditorTests" runstate="Runnable" seed="487444185" result="Passed" start-time="2026-08-30 19:18:56Z" end-time="2026-08-30 19:18:56Z" duration="0.000120" asserts="0">
                <properties>
                  <property name="retryIteration" value="0" />
                  <property name="repeatIteration" value="0" />
                </properties>
              </test-case>
              <test-case id="1052" name="LayerEditStateRejectsUnknownLayer" fullname="Sundoll.Tests.EditMode.M3MapEditorTests.LayerEditStateRejectsUnknownLayer" methodname="LayerEditStateRejectsUnknownLayer" classname="Sundoll.Tests.EditMode.M3MapEditorTests" runstate="Runnable" seed="915507558" result="Passed" start-time="2026-08-30 19:18:56Z" end-time="2026-08-30 19:18:56Z" duration="0.000237" asserts="0">
                <properties>
                  <property name="retryIteration" value="0" />
                  <property name="repeatIteration" value="0" />
                </properties>
              </test-case>
              <test-case id="1051" name="LayerEditStateTogglesVisibilityAndLockWithoutChangingContent" fullname="Sundoll.Tests.EditMode.M3MapEditorTests.LayerEditStateTogglesVisibilityAndLockWithoutChangingContent" methodname="LayerEditStateTogglesVisibilityAndLockWithoutChangingContent" classname="Sundoll.Tests.EditMode.M3MapEditorTests" runstate="Runnable" seed="726531533" result="Passed" start-time="2026-08-30 19:18:56Z" end-time="2026-08-30 19:18:56Z" duration="0.000212" asserts="0">
                <properties>
                  <property name="retryIteration" value="0" />
                  <property name="repeatIteration" value="0" />
                </properties>
              </test-case>
              <test-case id="1063" name="LegacySchemaReadSuppliesSchema2ObjectDefaults" fullname="Sundoll.Tests.EditMode.M3MapEditorTests.LegacySchemaReadSuppliesSchema2ObjectDefaults" methodname="LegacySchemaReadSuppliesSchema2ObjectDefaults" classname="Sundoll.Tests.EditMode.M3MapEditorTests" runstate="Runnable" seed="1541751231" result="Passed" start-time="2026-08-30 19:18:56Z" end-time="2026-08-30 19:18:56Z" duration="0.000290" asserts="0">
                <properties>
                  <property name="retryIteration" value="0" />
                  <property name="repeatIteration" value="0" />
                </properties>
              </test-case>
              <test-case id="1041" name="MapDraftSurvivesM2SaveAndReload" fullname="Sundoll.Tests.EditMode.M3MapEditorTests.MapDraftSurvivesM2SaveAndReload" methodname="MapDraftSurvivesM2SaveAndReload" classname="Sundoll.Tests.EditMode.M3MapEditorTests" runstate="Runnable" seed="1396288987" result="Passed" start-time="2026-08-30 19:18:56Z" end-time="2026-08-30 19:18:56Z" duration="0.005885" asserts="0">
                <properties>
                  <property name="retryIteration" value="0" />
                  <property name="repeatIteration" value="0" />
                </properties>
              </test-case>
              <test-case id="1062" name="MapObjectActionIsVersionedUndoableAndPublishedByDeepCopy" fullname="Sundoll.Tests.EditMode.M3MapEditorTests.MapObjectActionIsVersionedUndoableAndPublishedByDeepCopy" methodname="MapObjectActionIsVersionedUndoableAndPublishedByDeepCopy" classname="Sundoll.Tests.EditMode.M3MapEditorTests" runstate="Runnable" seed="1836912408" result="Passed" start-time="2026-08-30 19:18:56Z" end-time="2026-08-30 19:18:56Z" duration="0.001294" asserts="0">
                <properties>
                  <property name="retryIteration" value="0" />
                  <property name="repeatIteration" value="0" />
                </properties>
              </test-case>
              <test-case id="1057" name="MediumMapBatchPaintSavesAndReloads" fullname="Sundoll.Tests.EditMode.M3MapEditorTests.MediumMapBatchPaintSavesAndReloads" methodname="MediumMapBatchPaintSavesAndReloads" classname="Sundoll.Tests.EditMode.M3MapEditorTests" runstate="Runnable" seed="383725236" result="Passed" start-time="2026-08-30 19:18:56Z" end-time="2026-08-30 19:18:57Z" duration="1.240926" asserts="0">
                <properties>
                  <property name="retryIteration" value="0" />
                  <property name="repeatIteration" value="0" />
                </properties>
                <output><![CDATA[256x256 batch apply: 36 ms; save/reload: 337 ms
]]></output>
              </test-case>
              <test-case id="1044" name="MultiLayerDraftSurvivesM2SaveAndReloadWithCanonicalHash" fullname="Sundoll.Tests.EditMode.M3MapEditorTests.MultiLayerDraftSurvivesM2SaveAndReloadWithCanonicalHash" methodname="MultiLayerDraftSurvivesM2SaveAndReloadWithCanonicalHash" classname="Sundoll.Tests.EditMode.M3MapEditorTests" runstate="Runnable" seed="1492194448" result="Passed" start-time="2026-08-30 19:18:57Z" end-time="2026-08-30 19:18:57Z" duration="0.004358" asserts="0">
                <properties>
                  <property name="retryIteration" value="0" />
                  <property name="repeatIteration" value="0" />
                </properties>
              </test-case>
              <test-case id="1061" name="PickUsesTopmostVisibleLayerAndLockedLayerRemainsPickable" fullname="Sundoll.Tests.EditMode.M3MapEditorTests.PickUsesTopmostVisibleLayerAndLockedLayerRemainsPickable" methodname="PickUsesTopmostVisibleLayerAndLockedLayerRemainsPickable" classname="Sundoll.Tests.EditMode.M3MapEditorTests" runstate="Runnable" seed="1387339721" result="Passed" start-time="2026-08-30 19:18:57Z" end-time="2026-08-30 19:18:57Z" duration="0.000364" asserts="0">
                <properties>
                  <property name="retryIteration" value="0" />
                  <property name="repeatIteration" value="0" />
                </properties>
              </test-case>
              <test-case id="1045" name="PublishRetainsEveryContentLayer" fullname="Sundoll.Tests.EditMode.M3MapEditorTests.PublishRetainsEveryContentLayer" methodname="PublishRetainsEveryContentLayer" classname="Sundoll.Tests.EditMode.M3MapEditorTests" runstate="Runnable" seed="781195707" result="Passed" start-time="2026-08-30 19:18:57Z" end-time="2026-08-30 19:18:57Z" duration="0.000281" asserts="0">
                <properties>
                  <property name="retryIteration" value="0" />
                  <property name="repeatIteration" value="0" />
                </properties>
              </test-case>
              <test-case id="1056" name="RasterizedStrokeCommitsAsOneAtomicPaintCommand" fullname="Sundoll.Tests.EditMode.M3MapEditorTests.RasterizedStrokeCommitsAsOneAtomicPaintCommand" methodname="RasterizedStrokeCommitsAsOneAtomicPaintCommand" classname="Sundoll.Tests.EditMode.M3MapEditorTests" runstate="Runnable" seed="1203005455" result="Passed" start-time="2026-08-30 19:18:57Z" end-time="2026-08-30 19:18:57Z" duration="0.000378" asserts="0">
                <properties>
                  <property name="retryIteration" value="0" />
                  <property name="repeatIteration" value="0" />
                </properties>
              </test-case>
              <test-case id="1058" name="RectangleRasterizerSupportsOutlineAndFill" fullname="Sundoll.Tests.EditMode.M3MapEditorTests.RectangleRasterizerSupportsOutlineAndFill" methodname="RectangleRasterizerSupportsOutlineAndFill" classname="Sundoll.Tests.EditMode.M3MapEditorTests" runstate="Runnable" seed="1103571953" result="Passed" start-time="2026-08-30 19:18:57Z" end-time="2026-08-30 19:18:57Z" duration="0.000196" asserts="0">
                <properties>
                  <property name="retryIteration" value="0" />
                  <property name="repeatIteration" value="0" />
                </properties>
              </test-case>
              <test-case id="1055" name="StrokeRasterizerIncludesEndpointsAndHasNoGaps" fullname="Sundoll.Tests.EditMode.M3MapEditorTests.StrokeRasterizerIncludesEndpointsAndHasNoGaps" methodname="StrokeRasterizerIncludesEndpointsAndHasNoGaps" classname="Sundoll.Tests.EditMode.M3MapEditorTests" runstate="Runnable" seed="486920479" result="Passed" start-time="2026-08-30 19:18:57Z" end-time="2026-08-30 19:18:57Z" duration="0.000241" asserts="0">
                <properties>
                  <property name="retryIteration" value="0" />
                  <property name="repeatIteration" value="0" />
                </properties>
              </test-case>
              <test-case id="1042" name="TerrainAndWallCanCoexistAtSameCoordinate" fullname="Sundoll.Tests.EditMode.M3MapEditorTests.TerrainAndWallCanCoexistAtSameCoordinate" methodname="TerrainAndWallCanCoexistAtSameCoordinate" classname="Sundoll.Tests.EditMode.M3MapEditorTests" runstate="Runnable" seed="957378585" result="Passed" start-time="2026-08-30 19:18:57Z" end-time="2026-08-30 19:18:57Z" duration="0.000210" asserts="0">
                <properties>
                  <property name="retryIteration" value="0" />
                  <property name="repeatIteration" value="0" />
                </properties>
              </test-case>
              <test-case id="1049" name="VisibleBoundsOnlyIncludesCellsInsideViewport" fullname="Sundoll.Tests.EditMode.M3MapEditorTests.VisibleBoundsOnlyIncludesCellsInsideViewport" methodname="VisibleBoundsOnlyIncludesCellsInsideViewport" classname="Sundoll.Tests.EditMode.M3MapEditorTests" runstate="Runnable" seed="374814764" result="Passed" start-time="2026-08-30 19:18:57Z" end-time="2026-08-30 19:18:57Z" duration="0.000197" asserts="0">
                <properties>
                  <property name="retryIteration" value="0" />
                  <property name="repeatIteration" value="0" />
                </properties>
              </test-case>
              <test-case id="1066" name="WorkspaceStateFormat2MigratesToWorkspace3Defaults" fullname="Sundoll.Tests.EditMode.M3MapEditorTests.WorkspaceStateFormat2MigratesToWorkspace3Defaults" methodname="WorkspaceStateFormat2MigratesToWorkspace3Defaults" classname="Sundoll.Tests.EditMode.M3MapEditorTests" runstate="Runnable" seed="1138031811" result="Passed" start-time="2026-08-30 19:18:57Z" end-time="2026-08-30 19:18:57Z" duration="0.001724" asserts="0">
                <properties>
                  <property name="retryIteration" value="0" />
                  <property name="repeatIteration" value="0" />
                </properties>
              </test-case>
              <test-case id="1064" name="WorkspaceStateFormat3RestoresOrderToolViewWorkspaceAndMaterials" fullname="Sundoll.Tests.EditMode.M3MapEditorTests.WorkspaceStateFormat3RestoresOrderToolViewWorkspaceAndMaterials" methodname="WorkspaceStateFormat3RestoresOrderToolViewWorkspaceAndMaterials" classname="Sundoll.Tests.EditMode.M3MapEditorTests" runstate="Runnable" seed="2083961276" result="Passed" start-time="2026-08-30 19:18:57Z" end-time="2026-08-30 19:18:57Z" duration="0.001181" asserts="0">
                <properties>
                  <property name="retryIteration" value="0" />
                  <property name="repeatIteration" value="0" />
                </properties>
              </test-case>
              <test-case id="1053" name="WorkspaceStateRoundTripsWithoutChangingWorldHash" fullname="Sundoll.Tests.EditMode.M3MapEditorTests.WorkspaceStateRoundTripsWithoutChangingWorldHash" methodname="WorkspaceStateRoundTripsWithoutChangingWorldHash" classname="Sundoll.Tests.EditMode.M3MapEditorTests" runstate="Runnable" seed="1335528071" result="Passed" start-time="2026-08-30 19:18:57Z" end-time="2026-08-30 19:18:57Z" duration="0.000676" asserts="0">
                <properties>
                  <property name="retryIteration" value="0" />
                  <property name="repeatIteration" value="0" />
                </properties>
              </test-case>
              <test-case id="1054" name="WorkspaceStateUsesDefaultsWhenMissingOrCorrupt" fullname="Sundoll.Tests.EditMode.M3MapEditorTests.WorkspaceStateUsesDefaultsWhenMissingOrCorrupt" methodname="WorkspaceStateUsesDefaultsWhenMissingOrCorrupt" classname="Sundoll.Tests.EditMode.M3MapEditorTests" runstate="Runnable" seed="1376683744" result="Passed" start-time="2026-08-30 19:18:57Z" end-time="2026-08-30 19:18:57Z" duration="0.000458" asserts="0">
                <properties>
                  <property name="retryIteration" value="0" />
                  <property name="repeatIteration" value="0" />
                </properties>
              </test-case>
              <test-case id="1065" name="WorkspaceStateUsesIndependentFilesForEachMapAndReadsLegacyState" fullname="Sundoll.Tests.EditMode.M3MapEditorTests.WorkspaceStateUsesIndependentFilesForEachMapAndReadsLegacyState" methodname="WorkspaceStateUsesIndependentFilesForEachMapAndReadsLegacyState" classname="Sundoll.Tests.EditMode.M3MapEditorTests" runstate="Runnable" seed="1143431915" result="Passed" start-time="2026-08-30 19:18:57Z" end-time="2026-08-30 19:18:57Z" duration="0.001589" asserts="0">
                <properties>
                  <property name="retryIteration" value="0" />
                  <property name="repeatIteration" value="0" />
                </properties>
              </test-case>
              <test-case id="1047" name="WorldChangeSetJsonRoundTripAppliesForwardAndInverse" fullname="Sundoll.Tests.EditMode.M3MapEditorTests.WorldChangeSetJsonRoundTripAppliesForwardAndInverse" methodname="WorldChangeSetJsonRoundTripAppliesForwardAndInverse" classname="Sundoll.Tests.EditMode.M3MapEditorTests" runstate="Runnable" seed="843879650" result="Passed" start-time="2026-08-30 19:18:57Z" end-time="2026-08-30 19:18:57Z" duration="0.000331" asserts="0">
                <properties>
                  <property name="retryIteration" value="0" />
                  <property name="repeatIteration" value="0" />
                </properties>
              </test-case>
            </test-suite>
            <test-suite type="TestFixture" id="1067" name="M4PieceSystemTests" fullname="Sundoll.Tests.EditMode.M4PieceSystemTests" classname="Sundoll.Tests.EditMode.M4PieceSystemTests" runstate="Runnable" testcasecount="15" result="Passed" start-time="2026-08-30 19:18:57Z" end-time="2026-08-30 19:18:57Z" duration="0.014577" total="15" passed="15" failed="0" inconclusive="0" skipped="0" asserts="0">
              <properties />
              <test-case id="1082" name="AssetCatalogDeduplicatesBytesAndDetectsMissingFile" fullname="Sundoll.Tests.EditMode.M4PieceSystemTests.AssetCatalogDeduplicatesBytesAndDetectsMissingFile" methodname="AssetCatalogDeduplicatesBytesAndDetectsMissingFile" classname="Sundoll.Tests.EditMode.M4PieceSystemTests" runstate="Runnable" seed="1012060215" result="Passed" start-time="2026-08-30 19:18:57Z" end-time="2026-08-30 19:18:57Z" duration="0.000993" asserts="0">
                <properties>
                  <property name="retryIteration" value="0" />
                  <property name="repeatIteration" value="0" />
                </properties>
              </test-case>
              <test-case id="1069" name="BoardPlacementUsesStableStackOrder" fullname="Sundoll.Tests.EditMode.M4PieceSystemTests.BoardPlacementUsesStableStackOrder" methodname="BoardPlacementUsesStableStackOrder" classname="Sundoll.Tests.EditMode.M4PieceSystemTests" runstate="Runnable" seed="1982376721" result="Passed" start-time="2026-08-30 19:18:57Z" end-time="2026-08-30 19:18:57Z" duration="0.001677" asserts="0">
                <properties>
                  <property name="retryIteration" value="0" />
                  <property name="repeatIteration" value="0" />
                </properties>
              </test-case>
              <test-case id="1072" name="ContainerAndAttachmentRelationshipsCanBeDetached" fullname="Sundoll.Tests.EditMode.M4PieceSystemTests.ContainerAndAttachmentRelationshipsCanBeDetached" methodname="ContainerAndAttachmentRelationshipsCanBeDetached" classname="Sundoll.Tests.EditMode.M4PieceSystemTests" runstate="Runnable" seed="969749711" result="Passed" start-time="2026-08-30 19:18:57Z" end-time="2026-08-30 19:18:57Z" duration="0.000417" asserts="0">
                <properties>
                  <property name="retryIteration" value="0" />
                  <property name="repeatIteration" value="0" />
                </properties>
              </test-case>
              <test-case id="1080" name="DefinitionCategoryAndTagsUpdateThroughCommandEnvelope" fullname="Sundoll.Tests.EditMode.M4PieceSystemTests.DefinitionCategoryAndTagsUpdateThroughCommandEnvelope" methodname="DefinitionCategoryAndTagsUpdateThroughCommandEnvelope" classname="Sundoll.Tests.EditMode.M4PieceSystemTests" runstate="Runnable" seed="1779436175" result="Passed" start-time="2026-08-30 19:18:57Z" end-time="2026-08-30 19:18:57Z" duration="0.000432" asserts="0">
                <properties>
                  <property name="retryIteration" value="0" />
                  <property name="repeatIteration" value="0" />
                </properties>
              </test-case>
              <test-case id="1068" name="DefinitionsAndInstancesArePureDataAndRoundTrip" fullname="Sundoll.Tests.EditMode.M4PieceSystemTests.DefinitionsAndInstancesArePureDataAndRoundTrip" methodname="DefinitionsAndInstancesArePureDataAndRoundTrip" classname="Sundoll.Tests.EditMode.M4PieceSystemTests" runstate="Runnable" seed="1399315829" result="Passed" start-time="2026-08-30 19:18:57Z" end-time="2026-08-30 19:18:57Z" duration="0.001266" asserts="0">
                <properties>
                  <property name="retryIteration" value="0" />
                  <property name="repeatIteration" value="0" />
                </properties>
              </test-case>
              <test-case id="1078" name="DeletingRelationshipTargetRequiresSelectingDependentsToo" fullname="Sundoll.Tests.EditMode.M4PieceSystemTests.DeletingRelationshipTargetRequiresSelectingDependentsToo" methodname="DeletingRelationshipTargetRequiresSelectingDependentsToo" classname="Sundoll.Tests.EditMode.M4PieceSystemTests" runstate="Runnable" seed="521338672" result="Passed" start-time="2026-08-30 19:18:57Z" end-time="2026-08-30 19:18:57Z" duration="0.000514" asserts="0">
                <properties>
                  <property name="retryIteration" value="0" />
                  <property name="repeatIteration" value="0" />
                </properties>
              </test-case>
              <test-case id="1079" name="M4CommandEnvelopeRoundTrips" fullname="Sundoll.Tests.EditMode.M4PieceSystemTests.M4CommandEnvelopeRoundTrips" methodname="M4CommandEnvelopeRoundTrips" classname="Sundoll.Tests.EditMode.M4PieceSystemTests" runstate="Runnable" seed="348820011" result="Passed" start-time="2026-08-30 19:18:57Z" end-time="2026-08-30 19:18:57Z" duration="0.000206" asserts="0">
                <properties>
                  <property name="retryIteration" value="0" />
                  <property name="repeatIteration" value="0" />
                </properties>
              </test-case>
              <test-case id="1075" name="MultiPieceMoveIsOneAtomicUndoableJournalOperation" fullname="Sundoll.Tests.EditMode.M4PieceSystemTests.MultiPieceMoveIsOneAtomicUndoableJournalOperation" methodname="MultiPieceMoveIsOneAtomicUndoableJournalOperation" classname="Sundoll.Tests.EditMode.M4PieceSystemTests" runstate="Runnable" seed="1175638325" result="Passed" start-time="2026-08-30 19:18:57Z" end-time="2026-08-30 19:18:57Z" duration="0.001922" asserts="0">
                <properties>
                  <property name="retryIteration" value="0" />
                  <property name="repeatIteration" value="0" />
                </properties>
              </test-case>
              <test-case id="1076" name="MultiPieceMoveRejectsAnInvalidDestinationWithoutPartialMutation" fullname="Sundoll.Tests.EditMode.M4PieceSystemTests.MultiPieceMoveRejectsAnInvalidDestinationWithoutPartialMutation" methodname="MultiPieceMoveRejectsAnInvalidDestinationWithoutPartialMutation" classname="Sundoll.Tests.EditMode.M4PieceSystemTests" runstate="Runnable" seed="899354055" result="Passed" start-time="2026-08-30 19:18:57Z" end-time="2026-08-30 19:18:57Z" duration="0.000357" asserts="0">
                <properties>
                  <property name="retryIteration" value="0" />
                  <property name="repeatIteration" value="0" />
                </properties>
              </test-case>
              <test-case id="1077" name="MultiPiecePresentationAndDeletionAreAtomicAndUndoable" fullname="Sundoll.Tests.EditMode.M4PieceSystemTests.MultiPiecePresentationAndDeletionAreAtomicAndUndoable" methodname="MultiPiecePresentationAndDeletionAreAtomicAndUndoable" classname="Sundoll.Tests.EditMode.M4PieceSystemTests" runstate="Runnable" seed="1028866070" result="Passed" start-time="2026-08-30 19:18:57Z" end-time="2026-08-30 19:18:57Z" duration="0.000741" asserts="0">
                <properties>
                  <property name="retryIteration" value="0" />
                  <property name="repeatIteration" value="0" />
                </properties>
              </test-case>
              <test-case id="1074" name="PresentationStateSupportsRotationFlipAndVisibility" fullname="Sundoll.Tests.EditMode.M4PieceSystemTests.PresentationStateSupportsRotationFlipAndVisibility" methodname="PresentationStateSupportsRotationFlipAndVisibility" classname="Sundoll.Tests.EditMode.M4PieceSystemTests" runstate="Runnable" seed="89049190" result="Passed" start-time="2026-08-30 19:18:57Z" end-time="2026-08-30 19:18:57Z" duration="0.000208" asserts="0">
                <properties>
                  <property name="retryIteration" value="0" />
                  <property name="repeatIteration" value="0" />
                </properties>
              </test-case>
              <test-case id="1073" name="RelationshipCycleIsRejectedWithoutChangingState" fullname="Sundoll.Tests.EditMode.M4PieceSystemTests.RelationshipCycleIsRejectedWithoutChangingState" methodname="RelationshipCycleIsRejectedWithoutChangingState" classname="Sundoll.Tests.EditMode.M4PieceSystemTests" runstate="Runnable" seed="628906946" result="Passed" start-time="2026-08-30 19:18:57Z" end-time="2026-08-30 19:18:57Z" duration="0.000289" asserts="0">
                <properties>
                  <property name="retryIteration" value="0" />
                  <property name="repeatIteration" value="0" />
                </properties>
              </test-case>
              <test-case id="1071" name="StackOrderCanBeAdjustedWithoutSortingTheWholeWorldState" fullname="Sundoll.Tests.EditMode.M4PieceSystemTests.StackOrderCanBeAdjustedWithoutSortingTheWholeWorldState" methodname="StackOrderCanBeAdjustedWithoutSortingTheWholeWorldState" classname="Sundoll.Tests.EditMode.M4PieceSystemTests" runstate="Runnable" seed="1317613859" result="Passed" start-time="2026-08-30 19:18:57Z" end-time="2026-08-30 19:18:57Z" duration="0.000643" asserts="0">
                <properties>
                  <property name="retryIteration" value="0" />
                  <property name="repeatIteration" value="0" />
                </properties>
              </test-case>
              <test-case id="1070" name="TopmostVisibleBoardInstanceCanBePickedAtCell" fullname="Sundoll.Tests.EditMode.M4PieceSystemTests.TopmostVisibleBoardInstanceCanBePickedAtCell" methodname="TopmostVisibleBoardInstanceCanBePickedAtCell" classname="Sundoll.Tests.EditMode.M4PieceSystemTests" runstate="Runnable" seed="706643219" result="Passed" start-time="2026-08-30 19:18:57Z" end-time="2026-08-30 19:18:57Z" duration="0.000258" asserts="0">
                <properties>
                  <property name="retryIteration" value="0" />
                  <property name="repeatIteration" value="0" />
                </properties>
              </test-case>
              <test-case id="1081" name="VersionedJournalReplaysM4MoveAndPreservesCanonicalHash" fullname="Sundoll.Tests.EditMode.M4PieceSystemTests.VersionedJournalReplaysM4MoveAndPreservesCanonicalHash" methodname="VersionedJournalReplaysM4MoveAndPreservesCanonicalHash" classname="Sundoll.Tests.EditMode.M4PieceSystemTests" runstate="Runnable" seed="1527200855" result="Passed" start-time="2026-08-30 19:18:57Z" end-time="2026-08-30 19:18:57Z" duration="0.001031" asserts="0">
                <properties>
                  <property name="retryIteration" value="0" />
                  <property name="repeatIteration" value="0" />
                </properties>
              </test-case>
            </test-suite>
            <test-suite type="TestFixture" id="1083" name="M5ConsoleTests" fullname="Sundoll.Tests.EditMode.M5ConsoleTests" classname="Sundoll.Tests.EditMode.M5ConsoleTests" runstate="Runnable" testcasecount="5" result="Passed" start-time="2026-08-30 19:18:57Z" end-time="2026-08-30 19:18:57Z" duration="0.003759" total="5" passed="5" failed="0" inconclusive="0" skipped="0" asserts="0">
              <properties />
              <test-case id="1085" name="FogAnnotationsAndInteractionRoundTripThroughJournalEnvelope" fullname="Sundoll.Tests.EditMode.M5ConsoleTests.FogAnnotationsAndInteractionRoundTripThroughJournalEnvelope" methodname="FogAnnotationsAndInteractionRoundTripThroughJournalEnvelope" classname="Sundoll.Tests.EditMode.M5ConsoleTests" runstate="Runnable" seed="121032688" result="Passed" start-time="2026-08-30 19:18:57Z" end-time="2026-08-30 19:18:57Z" duration="0.001013" asserts="0">
                <properties>
                  <property name="retryIteration" value="0" />
                  <property name="repeatIteration" value="0" />
                </properties>
              </test-case>
              <test-case id="1086" name="FogBrushRoundTripsAsOneVersionedCommand" fullname="Sundoll.Tests.EditMode.M5ConsoleTests.FogBrushRoundTripsAsOneVersionedCommand" methodname="FogBrushRoundTripsAsOneVersionedCommand" classname="Sundoll.Tests.EditMode.M5ConsoleTests" runstate="Runnable" seed="1168815703" result="Passed" start-time="2026-08-30 19:18:57Z" end-time="2026-08-30 19:18:57Z" duration="0.001411" asserts="0">
                <properties>
                  <property name="retryIteration" value="0" />
                  <property name="repeatIteration" value="0" />
                </properties>
              </test-case>
              <test-case id="1087" name="M5MapCommandCanUndoAndRedo" fullname="Sundoll.Tests.EditMode.M5ConsoleTests.M5MapCommandCanUndoAndRedo" methodname="M5MapCommandCanUndoAndRedo" classname="Sundoll.Tests.EditMode.M5ConsoleTests" runstate="Runnable" seed="1833984847" result="Passed" start-time="2026-08-30 19:18:57Z" end-time="2026-08-30 19:18:57Z" duration="0.000258" asserts="0">
                <properties>
                  <property name="retryIteration" value="0" />
                  <property name="repeatIteration" value="0" />
                </properties>
              </test-case>
              <test-case id="1088" name="MapObjectContextOperationsAddToggleRotateRemove" fullname="Sundoll.Tests.EditMode.M5ConsoleTests.MapObjectContextOperationsAddToggleRotateRemove" methodname="MapObjectContextOperationsAddToggleRotateRemove" classname="Sundoll.Tests.EditMode.M5ConsoleTests" runstate="Runnable" seed="1372203761" result="Passed" start-time="2026-08-30 19:18:57Z" end-time="2026-08-30 19:18:57Z" duration="0.000278" asserts="0">
                <properties>
                  <property name="retryIteration" value="0" />
                  <property name="repeatIteration" value="0" />
                </properties>
              </test-case>
              <test-case id="1084" name="MultipleMapsSwitchWithoutLosingMapContent" fullname="Sundoll.Tests.EditMode.M5ConsoleTests.MultipleMapsSwitchWithoutLosingMapContent" methodname="MultipleMapsSwitchWithoutLosingMapContent" classname="Sundoll.Tests.EditMode.M5ConsoleTests" runstate="Runnable" seed="229794682" result="Passed" start-time="2026-08-30 19:18:57Z" end-time="2026-08-30 19:18:57Z" duration="0.000305" asserts="0">
                <properties>
                  <property name="retryIteration" value="0" />
                  <property name="repeatIteration" value="0" />
                </properties>
              </test-case>
            </test-suite>
            <test-suite type="TestFixture" id="1089" name="M6LoopbackTests" fullname="Sundoll.Tests.EditMode.M6LoopbackTests" classname="Sundoll.Tests.EditMode.M6LoopbackTests" runstate="Runnable" testcasecount="2" result="Passed" start-time="2026-08-30 19:18:57Z" end-time="2026-08-30 19:18:57Z" duration="0.001908" total="2" passed="2" failed="0" inconclusive="0" skipped="0" asserts="0">
              <properties />
              <test-case id="1091" name="StaleClientCommandConflictsAndAudienceProjectionHidesPieces" fullname="Sundoll.Tests.EditMode.M6LoopbackTests.StaleClientCommandConflictsAndAudienceProjectionHidesPieces" methodname="StaleClientCommandConflictsAndAudienceProjectionHidesPieces" classname="Sundoll.Tests.EditMode.M6LoopbackTests" runstate="Runnable" seed="1487840844" result="Passed" start-time="2026-08-30 19:18:57Z" end-time="2026-08-30 19:18:57Z" duration="0.001137" asserts="0">
                <properties>
                  <property name="retryIteration" value="0" />
                  <property name="repeatIteration" value="0" />
                </properties>
              </test-case>
              <test-case id="1090" name="TwoClientsConvergeThroughSnapshotAndDeltaTail" fullname="Sundoll.Tests.EditMode.M6LoopbackTests.TwoClientsConvergeThroughSnapshotAndDeltaTail" methodname="TwoClientsConvergeThroughSnapshotAndDeltaTail" classname="Sundoll.Tests.EditMode.M6LoopbackTests" runstate="Runnable" seed="1537221352" result="Passed" start-time="2026-08-30 19:18:57Z" end-time="2026-08-30 19:18:57Z" duration="0.000544" asserts="0">
                <properties>
                  <property name="retryIteration" value="0" />
                  <property name="repeatIteration" value="0" />
                </properties>
              </test-case>
            </test-suite>
            <test-suite type="TestFixture" id="1092" name="M6RuleSeamTests" fullname="Sundoll.Tests.EditMode.M6RuleSeamTests" classname="Sundoll.Tests.EditMode.M6RuleSeamTests" runstate="Runnable" testcasecount="1" result="Passed" start-time="2026-08-30 19:18:57Z" end-time="2026-08-30 19:18:57Z" duration="0.000968" total="1" passed="1" failed="0" inconclusive="0" skipped="0" asserts="0">
              <properties />
              <test-case id="1093" name="RuleSeamSupportsAllowDenyReplaceAndAppend" fullname="Sundoll.Tests.EditMode.M6RuleSeamTests.RuleSeamSupportsAllowDenyReplaceAndAppend" methodname="RuleSeamSupportsAllowDenyReplaceAndAppend" classname="Sundoll.Tests.EditMode.M6RuleSeamTests" runstate="Runnable" seed="166272701" result="Passed" start-time="2026-08-30 19:18:57Z" end-time="2026-08-30 19:18:57Z" duration="0.000826" asserts="0">
                <properties>
                  <property name="retryIteration" value="0" />
                  <property name="repeatIteration" value="0" />
                </properties>
              </test-case>
            </test-suite>
            <test-suite type="TestFixture" id="1094" name="M7ReleaseTests" fullname="Sundoll.Tests.EditMode.M7ReleaseTests" classname="Sundoll.Tests.EditMode.M7ReleaseTests" runstate="Runnable" testcasecount="4" result="Passed" start-time="2026-08-30 19:18:57Z" end-time="2026-08-30 19:19:02Z" duration="4.978440" total="4" passed="4" failed="0" inconclusive="0" skipped="0" asserts="0">
              <properties />
              <test-case id="1096" name="FrozenSaveRoundTripsAndRejectsTampering" fullname="Sundoll.Tests.EditMode.M7ReleaseTests.FrozenSaveRoundTripsAndRejectsTampering" methodname="FrozenSaveRoundTripsAndRejectsTampering" classname="Sundoll.Tests.EditMode.M7ReleaseTests" runstate="Runnable" seed="1815527694" result="Passed" start-time="2026-08-30 19:18:57Z" end-time="2026-08-30 19:18:57Z" duration="0.000458" asserts="0">
                <properties>
                  <property name="retryIteration" value="0" />
                  <property name="repeatIteration" value="0" />
                </properties>
              </test-case>
              <test-case id="1098" name="MacOsPerformanceBaselineRecordsM7Budgets" fullname="Sundoll.Tests.EditMode.M7ReleaseTests.MacOsPerformanceBaselineRecordsM7Budgets" methodname="MacOsPerformanceBaselineRecordsM7Budgets" classname="Sundoll.Tests.EditMode.M7ReleaseTests" runstate="Runnable" seed="396824961" result="Passed" start-time="2026-08-30 19:18:57Z" end-time="2026-08-30 19:19:02Z" duration="4.975078" asserts="0">
                <properties>
                  <property name="retryIteration" value="0" />
                  <property name="repeatIteration" value="0" />
                </properties>
                <output><![CDATA[M7 macOS baseline | batch 256x256 p50=21.110ms p95=37.919ms max=37.919ms; snapshot p50=2.330ms p95=2.638ms max=2.638ms; save p50=322.231ms p95=503.774ms max=503.774ms; journal 10000 p50=619.472ms p95=632.680ms max=632.680ms
]]></output>
              </test-case>
              <test-case id="1097" name="PerformanceProbeReportsPercentilesAndPoolReusesObjects" fullname="Sundoll.Tests.EditMode.M7ReleaseTests.PerformanceProbeReportsPercentilesAndPoolReusesObjects" methodname="PerformanceProbeReportsPercentilesAndPoolReusesObjects" classname="Sundoll.Tests.EditMode.M7ReleaseTests" runstate="Runnable" seed="265539542" result="Passed" start-time="2026-08-30 19:19:02Z" end-time="2026-08-30 19:19:02Z" duration="0.001453" asserts="0">
                <properties>
                  <property name="retryIteration" value="0" />
                  <property name="repeatIteration" value="0" />
                </properties>
              </test-case>
              <test-case id="1095" name="Schema1MigratesToSchema2WithoutDroppingData" fullname="Sundoll.Tests.EditMode.M7ReleaseTests.Schema1MigratesToSchema2WithoutDroppingData" methodname="Schema1MigratesToSchema2WithoutDroppingData" classname="Sundoll.Tests.EditMode.M7ReleaseTests" runstate="Runnable" seed="1370037814" result="Passed" start-time="2026-08-30 19:19:02Z" end-time="2026-08-30 19:19:02Z" duration="0.001077" asserts="0">
                <properties>
                  <property name="retryIteration" value="0" />
                  <property name="repeatIteration" value="0" />
                </properties>
              </test-case>
            </test-suite>
            <test-suite type="TestFixture" id="1099" name="ProjectWorkspaceServiceTests" fullname="Sundoll.Tests.EditMode.ProjectWorkspaceServiceTests" classname="Sundoll.Tests.EditMode.ProjectWorkspaceServiceTests" runstate="Runnable" testcasecount="4" result="Passed" start-time="2026-08-30 19:19:02Z" end-time="2026-08-30 19:19:02Z" duration="0.021201" total="4" passed="4" failed="0" inconclusive="0" skipped="0" asserts="0">
              <properties />
              <test-case id="1101" name="Create_WithSameName_DoesNotOverwriteExistingProject" fullname="Sundoll.Tests.EditMode.ProjectWorkspaceServiceTests.Create_WithSameName_DoesNotOverwriteExistingProject" methodname="Create_WithSameName_DoesNotOverwriteExistingProject" classname="Sundoll.Tests.EditMode.ProjectWorkspaceServiceTests" runstate="Runnable" seed="58611812" result="Passed" start-time="2026-08-30 19:19:02Z" end-time="2026-08-30 19:19:02Z" duration="0.007004" asserts="0">
                <properties>
                  <property name="retryIteration" value="0" />
                  <property name="repeatIteration" value="0" />
                </properties>
              </test-case>
              <test-case id="1100" name="CreateAndOpen_UsesDistinctProjectRootAndRecentCatalogue" fullname="Sundoll.Tests.EditMode.ProjectWorkspaceServiceTests.CreateAndOpen_UsesDistinctProjectRootAndRecentCatalogue" methodname="CreateAndOpen_UsesDistinctProjectRootAndRecentCatalogue" classname="Sundoll.Tests.EditMode.ProjectWorkspaceServiceTests" runstate="Runnable" seed="320273240" result="Passed" start-time="2026-08-30 19:19:02Z" end-time="2026-08-30 19:19:02Z" duration="0.003609" asserts="0">
                <properties>
                  <property name="retryIteration" value="0" />
                  <property name="repeatIteration" value="0" />
                </properties>
              </test-case>
              <test-case id="1103" name="DamagedRecentCatalogue_DoesNotBlockProjectCreation" fullname="Sundoll.Tests.EditMode.ProjectWorkspaceServiceTests.DamagedRecentCatalogue_DoesNotBlockProjectCreation" methodname="DamagedRecentCatalogue_DoesNotBlockProjectCreation" classname="Sundoll.Tests.EditMode.ProjectWorkspaceServiceTests" runstate="Runnable" seed="1599456818" result="Passed" start-time="2026-08-30 19:19:02Z" end-time="2026-08-30 19:19:02Z" duration="0.003122" asserts="0">
                <properties>
                  <property name="retryIteration" value="0" />
                  <property name="repeatIteration" value="0" />
                </properties>
              </test-case>
              <test-case id="1102" name="ExportAndImport_PreservesCanonicalWorldState" fullname="Sundoll.Tests.EditMode.ProjectWorkspaceServiceTests.ExportAndImport_PreservesCanonicalWorldState" methodname="ExportAndImport_PreservesCanonicalWorldState" classname="Sundoll.Tests.EditMode.ProjectWorkspaceServiceTests" runstate="Runnable" seed="1874110484" result="Passed" start-time="2026-08-30 19:19:02Z" end-time="2026-08-30 19:19:02Z" duration="0.006368" asserts="0">
                <properties>
                  <property name="retryIteration" value="0" />
                  <property name="repeatIteration" value="0" />
                </properties>
                <output><![CDATA[Saving results to: /Users/sundoll/Library/Application Support/Sundoll/SundollWorld/TestResults.xml
]]></output>
              </test-case>
            </test-suite>
          </test-suite>
        </test-suite>
      </test-suite>
    </test-suite>
  </test-suite>
</test-run>