<?xml version="1.0" encoding="utf-8"?>
<test-run id="2" testcasecount="93" result="Passed" total="93" passed="93" failed="0" inconclusive="0" skipped="0" asserts="0" engine-version="3.5.0.0" clr-version="4.0.30319.42000" start-time="2026-08-30 19:31:34Z" end-time="2026-08-30 19:31:40Z" duration="6.7088691">
  <test-suite type="TestSuite" id="1000" name="SundollWorld" fullname="SundollWorld" runstate="Runnable" testcasecount="93" result="Passed" start-time="2026-08-30 19:31:34Z" end-time="2026-08-30 19:31:40Z" duration="6.708869" total="93" passed="93" failed="0" inconclusive="0" skipped="0" asserts="0">
    <properties>
      <property name="platform" value="EditMode" />
    </properties>
    <test-suite type="Assembly" id="1104" name="Sundoll.Tests.EditMode.dll" fullname="/private/tmp/SundollWorld-ux3c-validation/SundollWorld/Library/ScriptAssemblies/Sundoll.Tests.EditMode.dll" runstate="Runnable" testcasecount="93" result="Passed" start-time="2026-08-30 19:31:34Z" end-time="2026-08-30 19:31:40Z" duration="6.706506" total="93" passed="93" failed="0" inconclusive="0" skipped="0" asserts="0">
      <properties>
        <property name="_PID" value="27055" />
        <property name="_APPDOMAIN" value="Unity Child Domain" />
        <property name="platform" value="EditMode" />
        <property name="EditorOnly" value="True" />
      </properties>
      <test-suite type="TestSuite" id="1105" name="Sundoll" fullname="Sundoll" runstate="Runnable" testcasecount="93" result="Passed" start-time="2026-08-30 19:31:34Z" end-time="2026-08-30 19:31:40Z" duration="6.706407" total="93" passed="93" failed="0" inconclusive="0" skipped="0" asserts="0">
        <properties />
        <test-suite type="TestSuite" id="1106" name="Tests" fullname="Sundoll.Tests" runstate="Runnable" testcasecount="93" result="Passed" start-time="2026-08-30 19:31:34Z" end-time="2026-08-30 19:31:40Z" duration="6.706372" total="93" passed="93" failed="0" inconclusive="0" skipped="0" asserts="0">
          <properties />
          <test-suite type="TestSuite" id="1107" name="EditMode" fullname="Sundoll.Tests.EditMode" runstate="Runnable" testcasecount="93" result="Passed" start-time="2026-08-30 19:31:34Z" end-time="2026-08-30 19:31:40Z" duration="6.706293" total="93" passed="93" failed="0" inconclusive="0" skipped="0" asserts="0">
            <properties />
            <test-suite type="TestFixture" id="1002" name="M1VerticalSliceTests" fullname="Sundoll.Tests.EditMode.M1VerticalSliceTests" classname="Sundoll.Tests.EditMode.M1VerticalSliceTests" runstate="Runnable" testcasecount="6" result="Passed" start-time="2026-08-30 19:31:34Z" end-time="2026-08-30 19:31:34Z" duration="0.014255" total="6" passed="6" failed="0" inconclusive="0" skipped="0" asserts="0">
              <properties />
              <test-case id="1008" name="CommandBusBoundsUndoSnapshotRetention" fullname="Sundoll.Tests.EditMode.M1VerticalSliceTests.CommandBusBoundsUndoSnapshotRetention" methodname="CommandBusBoundsUndoSnapshotRetention" classname="Sundoll.Tests.EditMode.M1VerticalSliceTests" runstate="Runnable" seed="260518413" result="Passed" start-time="2026-08-30 19:31:34Z" end-time="2026-08-30 19:31:34Z" duration="0.006793" asserts="0">
                <properties>
                  <property name="retryIteration" value="0" />
                  <property name="repeatIteration" value="0" />
                </properties>
              </test-case>
              <test-case id="1004" name="CreateScenarioRejectsBlankStableIds" fullname="Sundoll.Tests.EditMode.M1VerticalSliceTests.CreateScenarioRejectsBlankStableIds" methodname="CreateScenarioRejectsBlankStableIds" classname="Sundoll.Tests.EditMode.M1VerticalSliceTests" runstate="Runnable" seed="1269001147" result="Passed" start-time="2026-08-30 19:31:34Z" end-time="2026-08-30 19:31:34Z" duration="0.001197" asserts="0">
                <properties>
                  <property name="retryIteration" value="0" />
                  <property name="repeatIteration" value="0" />
                </properties>
              </test-case>
              <test-case id="1006" name="LocalAuthorityIsIdempotentAndRejectsStaleCommand" fullname="Sundoll.Tests.EditMode.M1VerticalSliceTests.LocalAuthorityIsIdempotentAndRejectsStaleCommand" methodname="LocalAuthorityIsIdempotentAndRejectsStaleCommand" classname="Sundoll.Tests.EditMode.M1VerticalSliceTests" runstate="Runnable" seed="691035164" result="Passed" start-time="2026-08-30 19:31:34Z" end-time="2026-08-30 19:31:34Z" duration="0.000290" asserts="0">
                <properties>
                  <property name="retryIteration" value="0" />
                  <property name="repeatIteration" value="0" />
                </properties>
              </test-case>
              <test-case id="1007" name="SnapshotRoundTripRebuildsOnlyFromPureData" fullname="Sundoll.Tests.EditMode.M1VerticalSliceTests.SnapshotRoundTripRebuildsOnlyFromPureData" methodname="SnapshotRoundTripRebuildsOnlyFromPureData" classname="Sundoll.Tests.EditMode.M1VerticalSliceTests" runstate="Runnable" seed="1438487875" result="Passed" start-time="2026-08-30 19:31:34Z" end-time="2026-08-30 19:31:34Z" duration="0.000896" asserts="0">
                <properties>
                  <property name="retryIteration" value="0" />
                  <property name="repeatIteration" value="0" />
                </properties>
              </test-case>
              <test-case id="1005" name="UndoAndRedoRestorePiecePosition" fullname="Sundoll.Tests.EditMode.M1VerticalSliceTests.UndoAndRedoRestorePiecePosition" methodname="UndoAndRedoRestorePiecePosition" classname="Sundoll.Tests.EditMode.M1VerticalSliceTests" runstate="Runnable" seed="741594507" result="Passed" start-time="2026-08-30 19:31:34Z" end-time="2026-08-30 19:31:34Z" duration="0.000205" asserts="0">
                <properties>
                  <property name="retryIteration" value="0" />
                  <property name="repeatIteration" value="0" />
                </properties>
              </test-case>
              <test-case id="1003" name="VerticalSliceCreatesPublishedMapBoardAndOnBoardPiece" fullname="Sundoll.Tests.EditMode.M1VerticalSliceTests.VerticalSliceCreatesPublishedMapBoardAndOnBoardPiece" methodname="VerticalSliceCreatesPublishedMapBoardAndOnBoardPiece" classname="Sundoll.Tests.EditMode.M1VerticalSliceTests" runstate="Runnable" seed="1297679788" result="Passed" start-time="2026-08-30 19:31:34Z" end-time="2026-08-30 19:31:34Z" duration="0.000430" asserts="0">
                <properties>
                  <property name="retryIteration" value="0" />
                  <property name="repeatIteration" value="0" />
                </properties>
              </test-case>
            </test-suite>
            <test-suite type="TestFixture" id="1009" name="M2PersistenceTests" fullname="Sundoll.Tests.EditMode.M2PersistenceTests" classname="Sundoll.Tests.EditMode.M2PersistenceTests" runstate="Runnable" testcasecount="27" result="Passed" start-time="2026-08-30 19:31:34Z" end-time="2026-08-30 19:31:34Z" duration="0.426336" total="27" passed="27" failed="0" inconclusive="0" skipped="0" asserts="0">
              <properties />
              <test-case id="1013" name="AcceptedOperationBatchCarriesEnvelopeAndWorldChangeSet" fullname="Sundoll.Tests.EditMode.M2PersistenceTests.AcceptedOperationBatchCarriesEnvelopeAndWorldChangeSet" methodname="AcceptedOperationBatchCarriesEnvelopeAndWorldChangeSet" classname="Sundoll.Tests.EditMode.M2PersistenceTests" runstate="Runnable" seed="800254443" result="Passed" start-time="2026-08-30 19:31:34Z" end-time="2026-08-30 19:31:34Z" duration="0.003778" asserts="0">
                <properties>
                  <property name="retryIteration" value="0" />
                  <property name="repeatIteration" value="0" />
                </properties>
              </test-case>
              <test-case id="1033" name="BackgroundSaveQueueCapturesSnapshotAndReportsSafe" fullname="Sundoll.Tests.EditMode.M2PersistenceTests.BackgroundSaveQueueCapturesSnapshotAndReportsSafe" methodname="BackgroundSaveQueueCapturesSnapshotAndReportsSafe" classname="Sundoll.Tests.EditMode.M2PersistenceTests" runstate="Runnable" seed="96605429" result="Passed" start-time="2026-08-30 19:31:34Z" end-time="2026-08-30 19:31:34Z" duration="0.012887" asserts="0">
                <properties>
                  <property name="retryIteration" value="0" />
                  <property name="repeatIteration" value="0" />
                </properties>
              </test-case>
              <test-case id="1034" name="BackgroundSaveQueueReportsFailureAndKeepsPreviousHead" fullname="Sundoll.Tests.EditMode.M2PersistenceTests.BackgroundSaveQueueReportsFailureAndKeepsPreviousHead" methodname="BackgroundSaveQueueReportsFailureAndKeepsPreviousHead" classname="Sundoll.Tests.EditMode.M2PersistenceTests" runstate="Runnable" seed="844480203" result="Passed" start-time="2026-08-30 19:31:34Z" end-time="2026-08-30 19:31:34Z" duration="0.004323" asserts="0">
                <properties>
                  <property name="retryIteration" value="0" />
                  <property name="repeatIteration" value="0" />
                </properties>
              </test-case>
              <test-case id="1010" name="CanonicalHashSurvivesJsonRoundTripAndDetectsStateChange" fullname="Sundoll.Tests.EditMode.M2PersistenceTests.CanonicalHashSurvivesJsonRoundTripAndDetectsStateChange" methodname="CanonicalHashSurvivesJsonRoundTripAndDetectsStateChange" classname="Sundoll.Tests.EditMode.M2PersistenceTests" runstate="Runnable" seed="1243663527" result="Passed" start-time="2026-08-30 19:31:34Z" end-time="2026-08-30 19:31:34Z" duration="0.000261" asserts="0">
                <properties>
                  <property name="retryIteration" value="0" />
                  <property name="repeatIteration" value="0" />
                </properties>
              </test-case>
              <test-case id="1011" name="CanonicalHashTreatsJsonMaterializedEmptyPublishedMapAsAbsent" fullname="Sundoll.Tests.EditMode.M2PersistenceTests.CanonicalHashTreatsJsonMaterializedEmptyPublishedMapAsAbsent" methodname="CanonicalHashTreatsJsonMaterializedEmptyPublishedMapAsAbsent" classname="Sundoll.Tests.EditMode.M2PersistenceTests" runstate="Runnable" seed="930027365" result="Passed" start-time="2026-08-30 19:31:34Z" end-time="2026-08-30 19:31:34Z" duration="0.001156" asserts="0">
                <properties>
                  <property name="retryIteration" value="0" />
                  <property name="repeatIteration" value="0" />
                </properties>
              </test-case>
              <test-case id="1025" name="ConcurrentProjectStoresSerializeWritesAndRejectStaleGeneration" fullname="Sundoll.Tests.EditMode.M2PersistenceTests.ConcurrentProjectStoresSerializeWritesAndRejectStaleGeneration" methodname="ConcurrentProjectStoresSerializeWritesAndRejectStaleGeneration" classname="Sundoll.Tests.EditMode.M2PersistenceTests" runstate="Runnable" seed="149821063" result="Passed" start-time="2026-08-30 19:31:34Z" end-time="2026-08-30 19:31:34Z" duration="0.220322" asserts="0">
                <properties>
                  <property name="retryIteration" value="0" />
                  <property name="repeatIteration" value="0" />
                </properties>
              </test-case>
              <test-case id="1030" name="ContentBlobsAreAddressedByHashAndVerifiedOnRead" fullname="Sundoll.Tests.EditMode.M2PersistenceTests.ContentBlobsAreAddressedByHashAndVerifiedOnRead" methodname="ContentBlobsAreAddressedByHashAndVerifiedOnRead" classname="Sundoll.Tests.EditMode.M2PersistenceTests" runstate="Runnable" seed="1175731800" result="Passed" start-time="2026-08-30 19:31:34Z" end-time="2026-08-30 19:31:34Z" duration="0.002668" asserts="0">
                <properties>
                  <property name="retryIteration" value="0" />
                  <property name="repeatIteration" value="0" />
                </properties>
              </test-case>
              <test-case id="1023" name="CorruptHeadRecoversNewestValidImmutableRevisionWithoutRewritingHead" fullname="Sundoll.Tests.EditMode.M2PersistenceTests.CorruptHeadRecoversNewestValidImmutableRevisionWithoutRewritingHead" methodname="CorruptHeadRecoversNewestValidImmutableRevisionWithoutRewritingHead" classname="Sundoll.Tests.EditMode.M2PersistenceTests" runstate="Runnable" seed="707118108" result="Passed" start-time="2026-08-30 19:31:34Z" end-time="2026-08-30 19:31:34Z" duration="0.005496" asserts="0">
                <properties>
                  <property name="retryIteration" value="0" />
                  <property name="repeatIteration" value="0" />
                </properties>
              </test-case>
              <test-case id="1024" name="ExpectedGenerationConflictDoesNotWriteRevisionOrReplaceHead" fullname="Sundoll.Tests.EditMode.M2PersistenceTests.ExpectedGenerationConflictDoesNotWriteRevisionOrReplaceHead" methodname="ExpectedGenerationConflictDoesNotWriteRevisionOrReplaceHead" classname="Sundoll.Tests.EditMode.M2PersistenceTests" runstate="Runnable" seed="2138910414" result="Passed" start-time="2026-08-30 19:31:34Z" end-time="2026-08-30 19:31:34Z" duration="0.004910" asserts="0">
                <properties>
                  <property name="retryIteration" value="0" />
                  <property name="repeatIteration" value="0" />
                </properties>
              </test-case>
              <test-case id="1019" name="FailedHeadCommitLeavesPreviousRevisionActive" fullname="Sundoll.Tests.EditMode.M2PersistenceTests.FailedHeadCommitLeavesPreviousRevisionActive" methodname="FailedHeadCommitLeavesPreviousRevisionActive" classname="Sundoll.Tests.EditMode.M2PersistenceTests" runstate="Runnable" seed="145849859" result="Passed" start-time="2026-08-30 19:31:34Z" end-time="2026-08-30 19:31:34Z" duration="0.004427" asserts="0">
                <properties>
                  <property name="retryIteration" value="0" />
                  <property name="repeatIteration" value="0" />
                </properties>
              </test-case>
              <test-case id="1020" name="FailedRevisionCommitCleansStagingAndKeepsPreviousHead" fullname="Sundoll.Tests.EditMode.M2PersistenceTests.FailedRevisionCommitCleansStagingAndKeepsPreviousHead" methodname="FailedRevisionCommitCleansStagingAndKeepsPreviousHead" classname="Sundoll.Tests.EditMode.M2PersistenceTests" runstate="Runnable" seed="135537795" result="Passed" start-time="2026-08-30 19:31:34Z" end-time="2026-08-30 19:31:34Z" duration="0.003785" asserts="0">
                <properties>
                  <property name="retryIteration" value="0" />
                  <property name="repeatIteration" value="0" />
                </properties>
              </test-case>
              <test-case id="1029" name="JournalAppendAfterUnterminatedCorruptTailStartsANewSegment" fullname="Sundoll.Tests.EditMode.M2PersistenceTests.JournalAppendAfterUnterminatedCorruptTailStartsANewSegment" methodname="JournalAppendAfterUnterminatedCorruptTailStartsANewSegment" classname="Sundoll.Tests.EditMode.M2PersistenceTests" runstate="Runnable" seed="1966896056" result="Passed" start-time="2026-08-30 19:31:34Z" end-time="2026-08-30 19:31:34Z" duration="0.002997" asserts="0">
                <properties>
                  <property name="retryIteration" value="0" />
                  <property name="repeatIteration" value="0" />
                </properties>
              </test-case>
              <test-case id="1015" name="JournalReplaySupportsMixedLegacyAndVersionedBatches" fullname="Sundoll.Tests.EditMode.M2PersistenceTests.JournalReplaySupportsMixedLegacyAndVersionedBatches" methodname="JournalReplaySupportsMixedLegacyAndVersionedBatches" classname="Sundoll.Tests.EditMode.M2PersistenceTests" runstate="Runnable" seed="1397674085" result="Passed" start-time="2026-08-30 19:31:34Z" end-time="2026-08-30 19:31:34Z" duration="0.001591" asserts="0">
                <properties>
                  <property name="retryIteration" value="0" />
                  <property name="repeatIteration" value="0" />
                </properties>
              </test-case>
              <test-case id="1027" name="JournalSegmentsRecoverLatestValidBatchAfterCorruptTail" fullname="Sundoll.Tests.EditMode.M2PersistenceTests.JournalSegmentsRecoverLatestValidBatchAfterCorruptTail" methodname="JournalSegmentsRecoverLatestValidBatchAfterCorruptTail" classname="Sundoll.Tests.EditMode.M2PersistenceTests" runstate="Runnable" seed="691988295" result="Passed" start-time="2026-08-30 19:31:34Z" end-time="2026-08-30 19:31:34Z" duration="0.001819" asserts="0">
                <properties>
                  <property name="retryIteration" value="0" />
                  <property name="repeatIteration" value="0" />
                </properties>
              </test-case>
              <test-case id="1028" name="JournalSequenceAndSegmentsStayContinuousAcrossRolloverAndReopen" fullname="Sundoll.Tests.EditMode.M2PersistenceTests.JournalSequenceAndSegmentsStayContinuousAcrossRolloverAndReopen" methodname="JournalSequenceAndSegmentsStayContinuousAcrossRolloverAndReopen" classname="Sundoll.Tests.EditMode.M2PersistenceTests" runstate="Runnable" seed="1847250478" result="Passed" start-time="2026-08-30 19:31:34Z" end-time="2026-08-30 19:31:34Z" duration="0.002807" asserts="0">
                <properties>
                  <property name="retryIteration" value="0" />
                  <property name="repeatIteration" value="0" />
                </properties>
              </test-case>
              <test-case id="1022" name="MissingHeadRecoversNewestValidImmutableRevisionWithoutRewritingHead" fullname="Sundoll.Tests.EditMode.M2PersistenceTests.MissingHeadRecoversNewestValidImmutableRevisionWithoutRewritingHead" methodname="MissingHeadRecoversNewestValidImmutableRevisionWithoutRewritingHead" classname="Sundoll.Tests.EditMode.M2PersistenceTests" runstate="Runnable" seed="725096583" result="Passed" start-time="2026-08-30 19:31:34Z" end-time="2026-08-30 19:31:34Z" duration="0.003870" asserts="0">
                <properties>
                  <property name="retryIteration" value="0" />
                  <property name="repeatIteration" value="0" />
                </properties>
              </test-case>
              <test-case id="1032" name="PackageImportRejectsTraversalEntry" fullname="Sundoll.Tests.EditMode.M2PersistenceTests.PackageImportRejectsTraversalEntry" methodname="PackageImportRejectsTraversalEntry" classname="Sundoll.Tests.EditMode.M2PersistenceTests" runstate="Runnable" seed="1278128958" result="Passed" start-time="2026-08-30 19:31:34Z" end-time="2026-08-30 19:31:34Z" duration="0.009822" asserts="0">
                <properties>
                  <property name="retryIteration" value="0" />
                  <property name="repeatIteration" value="0" />
                </properties>
              </test-case>
              <test-case id="1031" name="PackageRoundTripPreservesActiveRevision" fullname="Sundoll.Tests.EditMode.M2PersistenceTests.PackageRoundTripPreservesActiveRevision" methodname="PackageRoundTripPreservesActiveRevision" classname="Sundoll.Tests.EditMode.M2PersistenceTests" runstate="Runnable" seed="1577862626" result="Passed" start-time="2026-08-30 19:31:34Z" end-time="2026-08-30 19:31:34Z" duration="0.005996" asserts="0">
                <properties>
                  <property name="retryIteration" value="0" />
                  <property name="repeatIteration" value="0" />
                </properties>
              </test-case>
              <test-case id="1018" name="ProjectStoreKeepsImmutableRevisionsAndValidHead" fullname="Sundoll.Tests.EditMode.M2PersistenceTests.ProjectStoreKeepsImmutableRevisionsAndValidHead" methodname="ProjectStoreKeepsImmutableRevisionsAndValidHead" classname="Sundoll.Tests.EditMode.M2PersistenceTests" runstate="Runnable" seed="1695428185" result="Passed" start-time="2026-08-30 19:31:34Z" end-time="2026-08-30 19:31:34Z" duration="0.003481" asserts="0">
                <properties>
                  <property name="retryIteration" value="0" />
                  <property name="repeatIteration" value="0" />
                </properties>
              </test-case>
              <test-case id="1036" name="SaveSessionAutosavesAtTransactionThreshold" fullname="Sundoll.Tests.EditMode.M2PersistenceTests.SaveSessionAutosavesAtTransactionThreshold" methodname="SaveSessionAutosavesAtTransactionThreshold" classname="Sundoll.Tests.EditMode.M2PersistenceTests" runstate="Runnable" seed="2060518642" result="Passed" start-time="2026-08-30 19:31:34Z" end-time="2026-08-30 19:31:34Z" duration="0.004360" asserts="0">
                <properties>
                  <property name="retryIteration" value="0" />
                  <property name="repeatIteration" value="0" />
                </properties>
              </test-case>
              <test-case id="1016" name="SaveSessionReplaysUnsavedVersionedCommandAfterSnapshot" fullname="Sundoll.Tests.EditMode.M2PersistenceTests.SaveSessionReplaysUnsavedVersionedCommandAfterSnapshot" methodname="SaveSessionReplaysUnsavedVersionedCommandAfterSnapshot" classname="Sundoll.Tests.EditMode.M2PersistenceTests" runstate="Runnable" seed="1908392671" result="Passed" start-time="2026-08-30 19:31:34Z" end-time="2026-08-30 19:31:34Z" duration="0.003303" asserts="0">
                <properties>
                  <property name="retryIteration" value="0" />
                  <property name="repeatIteration" value="0" />
                </properties>
              </test-case>
              <test-case id="1035" name="SaveSessionTracksQueuedSaveAndChangesAfterCapturedSnapshot" fullname="Sundoll.Tests.EditMode.M2PersistenceTests.SaveSessionTracksQueuedSaveAndChangesAfterCapturedSnapshot" methodname="SaveSessionTracksQueuedSaveAndChangesAfterCapturedSnapshot" classname="Sundoll.Tests.EditMode.M2PersistenceTests" runstate="Runnable" seed="775269734" result="Passed" start-time="2026-08-30 19:31:34Z" end-time="2026-08-30 19:31:34Z" duration="0.005082" asserts="0">
                <properties>
                  <property name="retryIteration" value="0" />
                  <property name="repeatIteration" value="0" />
                </properties>
              </test-case>
              <test-case id="1021" name="UnauthorizedHeadCommitKeepsPreviousHead" fullname="Sundoll.Tests.EditMode.M2PersistenceTests.UnauthorizedHeadCommitKeepsPreviousHead" methodname="UnauthorizedHeadCommitKeepsPreviousHead" classname="Sundoll.Tests.EditMode.M2PersistenceTests" runstate="Runnable" seed="2137043580" result="Passed" start-time="2026-08-30 19:31:34Z" end-time="2026-08-30 19:31:34Z" duration="0.003072" asserts="0">
                <properties>
                  <property name="retryIteration" value="0" />
                  <property name="repeatIteration" value="0" />
                </properties>
              </test-case>
              <test-case id="1012" name="VersionedCommandEnvelopeRoundTripsM3CommandAndPayload" fullname="Sundoll.Tests.EditMode.M2PersistenceTests.VersionedCommandEnvelopeRoundTripsM3CommandAndPayload" methodname="VersionedCommandEnvelopeRoundTripsM3CommandAndPayload" classname="Sundoll.Tests.EditMode.M2PersistenceTests" runstate="Runnable" seed="825561763" result="Passed" start-time="2026-08-30 19:31:34Z" end-time="2026-08-30 19:31:34Z" duration="0.000241" asserts="0">
                <properties>
                  <property name="retryIteration" value="0" />
                  <property name="repeatIteration" value="0" />
                </properties>
              </test-case>
              <test-case id="1014" name="VersionedJournalReplaysCommandWithoutPersistingFullStateJson" fullname="Sundoll.Tests.EditMode.M2PersistenceTests.VersionedJournalReplaysCommandWithoutPersistingFullStateJson" methodname="VersionedJournalReplaysCommandWithoutPersistingFullStateJson" classname="Sundoll.Tests.EditMode.M2PersistenceTests" runstate="Runnable" seed="1997750445" result="Passed" start-time="2026-08-30 19:31:34Z" end-time="2026-08-30 19:31:34Z" duration="0.000840" asserts="0">
                <properties>
                  <property name="retryIteration" value="0" />
                  <property name="repeatIteration" value="0" />
                </properties>
              </test-case>
              <test-case id="1017" name="VersionedJournalReplaysValidEntriesBeforeCorruptTail" fullname="Sundoll.Tests.EditMode.M2PersistenceTests.VersionedJournalReplaysValidEntriesBeforeCorruptTail" methodname="VersionedJournalReplaysValidEntriesBeforeCorruptTail" classname="Sundoll.Tests.EditMode.M2PersistenceTests" runstate="Runnable" seed="762935107" result="Passed" start-time="2026-08-30 19:31:34Z" end-time="2026-08-30 19:31:34Z" duration="0.000708" asserts="0">
                <properties>
                  <property name="retryIteration" value="0" />
                  <property name="repeatIteration" value="0" />
                </properties>
              </test-case>
              <test-case id="1026" name="WriterLockTimeoutFailsWithoutChangingHead" fullname="Sundoll.Tests.EditMode.M2PersistenceTests.WriterLockTimeoutFailsWithoutChangingHead" methodname="WriterLockTimeoutFailsWithoutChangingHead" classname="Sundoll.Tests.EditMode.M2PersistenceTests" runstate="Runnable" seed="1849995771" result="Passed" start-time="2026-08-30 19:31:34Z" end-time="2026-08-30 19:31:34Z" duration="0.110041" asserts="0">
                <properties>
                  <property name="retryIteration" value="0" />
                  <property name="repeatIteration" value="0" />
                </properties>
              </test-case>
            </test-suite>
            <test-suite type="TestFixture" id="1037" name="M3MapEditorTests" fullname="Sundoll.Tests.EditMode.M3MapEditorTests" classname="Sundoll.Tests.EditMode.M3MapEditorTests" runstate="Runnable" testcasecount="29" result="Passed" start-time="2026-08-30 19:31:34Z" end-time="2026-08-30 19:31:35Z" duration="1.245013" total="29" passed="29" failed="0" inconclusive="0" skipped="0" asserts="0">
              <properties />
              <test-case id="1038" name="BatchPaintIsAtomicAndUndoable" fullname="Sundoll.Tests.EditMode.M3MapEditorTests.BatchPaintIsAtomicAndUndoable" methodname="BatchPaintIsAtomicAndUndoable" classname="Sundoll.Tests.EditMode.M3MapEditorTests" runstate="Runnable" seed="721190205" result="Passed" start-time="2026-08-30 19:31:34Z" end-time="2026-08-30 19:31:34Z" duration="0.001324" asserts="0">
                <properties>
                  <property name="retryIteration" value="0" />
                  <property name="repeatIteration" value="0" />
                </properties>
              </test-case>
              <test-case id="1060" name="ClipboardUsesSelectionOriginAndRejectsOutOfBoundsAsOneBatch" fullname="Sundoll.Tests.EditMode.M3MapEditorTests.ClipboardUsesSelectionOriginAndRejectsOutOfBoundsAsOneBatch" methodname="ClipboardUsesSelectionOriginAndRejectsOutOfBoundsAsOneBatch" classname="Sundoll.Tests.EditMode.M3MapEditorTests" runstate="Runnable" seed="1679998377" result="Passed" start-time="2026-08-30 19:31:34Z" end-time="2026-08-30 19:31:34Z" duration="0.001838" asserts="0">
                <properties>
                  <property name="retryIteration" value="0" />
                  <property name="repeatIteration" value="0" />
                </properties>
              </test-case>
              <test-case id="1048" name="ContentLookupCacheAppliesDirtyCellsWithoutFullRebuild" fullname="Sundoll.Tests.EditMode.M3MapEditorTests.ContentLookupCacheAppliesDirtyCellsWithoutFullRebuild" methodname="ContentLookupCacheAppliesDirtyCellsWithoutFullRebuild" classname="Sundoll.Tests.EditMode.M3MapEditorTests" runstate="Runnable" seed="1658696678" result="Passed" start-time="2026-08-30 19:31:34Z" end-time="2026-08-30 19:31:34Z" duration="0.001828" asserts="0">
                <properties>
                  <property name="retryIteration" value="0" />
                  <property name="repeatIteration" value="0" />
                </properties>
              </test-case>
              <test-case id="1046" name="DirtyRegionAndDeltaUndoStayScopedToTheChangedCells" fullname="Sundoll.Tests.EditMode.M3MapEditorTests.DirtyRegionAndDeltaUndoStayScopedToTheChangedCells" methodname="DirtyRegionAndDeltaUndoStayScopedToTheChangedCells" classname="Sundoll.Tests.EditMode.M3MapEditorTests" runstate="Runnable" seed="1043064005" result="Passed" start-time="2026-08-30 19:31:34Z" end-time="2026-08-30 19:31:34Z" duration="0.000715" asserts="0">
                <properties>
                  <property name="retryIteration" value="0" />
                  <property name="repeatIteration" value="0" />
                </properties>
              </test-case>
              <test-case id="1043" name="EraseOnlyRemovesTheSelectedLayer" fullname="Sundoll.Tests.EditMode.M3MapEditorTests.EraseOnlyRemovesTheSelectedLayer" methodname="EraseOnlyRemovesTheSelectedLayer" classname="Sundoll.Tests.EditMode.M3MapEditorTests" runstate="Runnable" seed="1488396370" result="Passed" start-time="2026-08-30 19:31:34Z" end-time="2026-08-30 19:31:34Z" duration="0.000308" asserts="0">
                <properties>
                  <property name="retryIteration" value="0" />
                  <property name="repeatIteration" value="0" />
                </properties>
              </test-case>
              <test-case id="1040" name="EraseRemovesCellAndPublishCopiesDraft" fullname="Sundoll.Tests.EditMode.M3MapEditorTests.EraseRemovesCellAndPublishCopiesDraft" methodname="EraseRemovesCellAndPublishCopiesDraft" classname="Sundoll.Tests.EditMode.M3MapEditorTests" runstate="Runnable" seed="2001364195" result="Passed" start-time="2026-08-30 19:31:34Z" end-time="2026-08-30 19:31:34Z" duration="0.000508" asserts="0">
                <properties>
                  <property name="retryIteration" value="0" />
                  <property name="repeatIteration" value="0" />
                </properties>
              </test-case>
              <test-case id="1059" name="FloodFillStopsAtDifferentContent" fullname="Sundoll.Tests.EditMode.M3MapEditorTests.FloodFillStopsAtDifferentContent" methodname="FloodFillStopsAtDifferentContent" classname="Sundoll.Tests.EditMode.M3MapEditorTests" runstate="Runnable" seed="77676479" result="Passed" start-time="2026-08-30 19:31:34Z" end-time="2026-08-30 19:31:34Z" duration="0.000999" asserts="0">
                <properties>
                  <property name="retryIteration" value="0" />
                  <property name="repeatIteration" value="0" />
                </properties>
              </test-case>
              <test-case id="1039" name="InvalidBatchDoesNotPartiallyModifyMap" fullname="Sundoll.Tests.EditMode.M3MapEditorTests.InvalidBatchDoesNotPartiallyModifyMap" methodname="InvalidBatchDoesNotPartiallyModifyMap" classname="Sundoll.Tests.EditMode.M3MapEditorTests" runstate="Runnable" seed="516298431" result="Passed" start-time="2026-08-30 19:31:34Z" end-time="2026-08-30 19:31:34Z" duration="0.000287" asserts="0">
                <properties>
                  <property name="retryIteration" value="0" />
                  <property name="repeatIteration" value="0" />
                </properties>
              </test-case>
              <test-case id="1050" name="LayerEditStateDefaultsToVisibleAndUnlocked" fullname="Sundoll.Tests.EditMode.M3MapEditorTests.LayerEditStateDefaultsToVisibleAndUnlocked" methodname="LayerEditStateDefaultsToVisibleAndUnlocked" classname="Sundoll.Tests.EditMode.M3MapEditorTests" runstate="Runnable" seed="657031615" result="Passed" start-time="2026-08-30 19:31:34Z" end-time="2026-08-30 19:31:34Z" duration="0.000130" asserts="0">
                <properties>
                  <property name="retryIteration" value="0" />
                  <property name="repeatIteration" value="0" />
                </properties>
              </test-case>
              <test-case id="1052" name="LayerEditStateRejectsUnknownLayer" fullname="Sundoll.Tests.EditMode.M3MapEditorTests.LayerEditStateRejectsUnknownLayer" methodname="LayerEditStateRejectsUnknownLayer" classname="Sundoll.Tests.EditMode.M3MapEditorTests" runstate="Runnable" seed="592784962" result="Passed" start-time="2026-08-30 19:31:34Z" end-time="2026-08-30 19:31:34Z" duration="0.000236" asserts="0">
                <properties>
                  <property name="retryIteration" value="0" />
                  <property name="repeatIteration" value="0" />
                </properties>
              </test-case>
              <test-case id="1051" name="LayerEditStateTogglesVisibilityAndLockWithoutChangingContent" fullname="Sundoll.Tests.EditMode.M3MapEditorTests.LayerEditStateTogglesVisibilityAndLockWithoutChangingContent" methodname="LayerEditStateTogglesVisibilityAndLockWithoutChangingContent" classname="Sundoll.Tests.EditMode.M3MapEditorTests" runstate="Runnable" seed="1975903846" result="Passed" start-time="2026-08-30 19:31:34Z" end-time="2026-08-30 19:31:34Z" duration="0.000239" asserts="0">
                <properties>
                  <property name="retryIteration" value="0" />
                  <property name="repeatIteration" value="0" />
                </properties>
              </test-case>
              <test-case id="1063" name="LegacySchemaReadSuppliesSchema2ObjectDefaults" fullname="Sundoll.Tests.EditMode.M3MapEditorTests.LegacySchemaReadSuppliesSchema2ObjectDefaults" methodname="LegacySchemaReadSuppliesSchema2ObjectDefaults" classname="Sundoll.Tests.EditMode.M3MapEditorTests" runstate="Runnable" seed="356199897" result="Passed" start-time="2026-08-30 19:31:34Z" end-time="2026-08-30 19:31:34Z" duration="0.000343" asserts="0">
                <properties>
                  <property name="retryIteration" value="0" />
                  <property name="repeatIteration" value="0" />
                </properties>
              </test-case>
              <test-case id="1041" name="MapDraftSurvivesM2SaveAndReload" fullname="Sundoll.Tests.EditMode.M3MapEditorTests.MapDraftSurvivesM2SaveAndReload" methodname="MapDraftSurvivesM2SaveAndReload" classname="Sundoll.Tests.EditMode.M3MapEditorTests" runstate="Runnable" seed="698557692" result="Passed" start-time="2026-08-30 19:31:34Z" end-time="2026-08-30 19:31:34Z" duration="0.006260" asserts="0">
                <properties>
                  <property name="retryIteration" value="0" />
                  <property name="repeatIteration" value="0" />
                </properties>
              </test-case>
              <test-case id="1062" name="MapObjectActionIsVersionedUndoableAndPublishedByDeepCopy" fullname="Sundoll.Tests.EditMode.M3MapEditorTests.MapObjectActionIsVersionedUndoableAndPublishedByDeepCopy" methodname="MapObjectActionIsVersionedUndoableAndPublishedByDeepCopy" classname="Sundoll.Tests.EditMode.M3MapEditorTests" runstate="Runnable" seed="576707992" result="Passed" start-time="2026-08-30 19:31:34Z" end-time="2026-08-30 19:31:34Z" duration="0.001119" asserts="0">
                <properties>
                  <property name="retryIteration" value="0" />
                  <property name="repeatIteration" value="0" />
                </properties>
              </test-case>
              <test-case id="1057" name="MediumMapBatchPaintSavesAndReloads" fullname="Sundoll.Tests.EditMode.M3MapEditorTests.MediumMapBatchPaintSavesAndReloads" methodname="MediumMapBatchPaintSavesAndReloads" classname="Sundoll.Tests.EditMode.M3MapEditorTests" runstate="Runnable" seed="1212402032" result="Passed" start-time="2026-08-30 19:31:34Z" end-time="2026-08-30 19:31:35Z" duration="1.210789" asserts="0">
                <properties>
                  <property name="retryIteration" value="0" />
                  <property name="repeatIteration" value="0" />
                </properties>
                <output><![CDATA[256x256 batch apply: 31 ms; save/reload: 326 ms
]]></output>
              </test-case>
              <test-case id="1044" name="MultiLayerDraftSurvivesM2SaveAndReloadWithCanonicalHash" fullname="Sundoll.Tests.EditMode.M3MapEditorTests.MultiLayerDraftSurvivesM2SaveAndReloadWithCanonicalHash" methodname="MultiLayerDraftSurvivesM2SaveAndReloadWithCanonicalHash" classname="Sundoll.Tests.EditMode.M3MapEditorTests" runstate="Runnable" seed="671456041" result="Passed" start-time="2026-08-30 19:31:35Z" end-time="2026-08-30 19:31:35Z" duration="0.004236" asserts="0">
                <properties>
                  <property name="retryIteration" value="0" />
                  <property name="repeatIteration" value="0" />
                </properties>
              </test-case>
              <test-case id="1061" name="PickUsesTopmostVisibleLayerAndLockedLayerRemainsPickable" fullname="Sundoll.Tests.EditMode.M3MapEditorTests.PickUsesTopmostVisibleLayerAndLockedLayerRemainsPickable" methodname="PickUsesTopmostVisibleLayerAndLockedLayerRemainsPickable" classname="Sundoll.Tests.EditMode.M3MapEditorTests" runstate="Runnable" seed="1180029734" result="Passed" start-time="2026-08-30 19:31:35Z" end-time="2026-08-30 19:31:35Z" duration="0.000347" asserts="0">
                <properties>
                  <property name="retryIteration" value="0" />
                  <property name="repeatIteration" value="0" />
                </properties>
              </test-case>
              <test-case id="1045" name="PublishRetainsEveryContentLayer" fullname="Sundoll.Tests.EditMode.M3MapEditorTests.PublishRetainsEveryContentLayer" methodname="PublishRetainsEveryContentLayer" classname="Sundoll.Tests.EditMode.M3MapEditorTests" runstate="Runnable" seed="371283344" result="Passed" start-time="2026-08-30 19:31:35Z" end-time="2026-08-30 19:31:35Z" duration="0.000268" asserts="0">
                <properties>
                  <property name="retryIteration" value="0" />
                  <property name="repeatIteration" value="0" />
                </properties>
              </test-case>
              <test-case id="1056" name="RasterizedStrokeCommitsAsOneAtomicPaintCommand" fullname="Sundoll.Tests.EditMode.M3MapEditorTests.RasterizedStrokeCommitsAsOneAtomicPaintCommand" methodname="RasterizedStrokeCommitsAsOneAtomicPaintCommand" classname="Sundoll.Tests.EditMode.M3MapEditorTests" runstate="Runnable" seed="1890120249" result="Passed" start-time="2026-08-30 19:31:35Z" end-time="2026-08-30 19:31:35Z" duration="0.000333" asserts="0">
                <properties>
                  <property name="retryIteration" value="0" />
                  <property name="repeatIteration" value="0" />
                </properties>
              </test-case>
              <test-case id="1058" name="RectangleRasterizerSupportsOutlineAndFill" fullname="Sundoll.Tests.EditMode.M3MapEditorTests.RectangleRasterizerSupportsOutlineAndFill" methodname="RectangleRasterizerSupportsOutlineAndFill" classname="Sundoll.Tests.EditMode.M3MapEditorTests" runstate="Runnable" seed="1795837403" result="Passed" start-time="2026-08-30 19:31:35Z" end-time="2026-08-30 19:31:35Z" duration="0.000174" asserts="0">
                <properties>
                  <property name="retryIteration" value="0" />
                  <property name="repeatIteration" value="0" />
                </properties>
              </test-case>
              <test-case id="1055" name="StrokeRasterizerIncludesEndpointsAndHasNoGaps" fullname="Sundoll.Tests.EditMode.M3MapEditorTests.StrokeRasterizerIncludesEndpointsAndHasNoGaps" methodname="StrokeRasterizerIncludesEndpointsAndHasNoGaps" classname="Sundoll.Tests.EditMode.M3MapEditorTests" runstate="Runnable" seed="1184459180" result="Passed" start-time="2026-08-30 19:31:35Z" end-time="2026-08-30 19:31:35Z" duration="0.000221" asserts="0">
                <properties>
                  <property name="retryIteration" value="0" />
                  <property name="repeatIteration" value="0" />
                </properties>
              </test-case>
              <test-case id="1042" name="TerrainAndWallCanCoexistAtSameCoordinate" fullname="Sundoll.Tests.EditMode.M3MapEditorTests.TerrainAndWallCanCoexistAtSameCoordinate" methodname="TerrainAndWallCanCoexistAtSameCoordinate" classname="Sundoll.Tests.EditMode.M3MapEditorTests" runstate="Runnable" seed="531444568" result="Passed" start-time="2026-08-30 19:31:35Z" end-time="2026-08-30 19:31:35Z" duration="0.000204" asserts="0">
                <properties>
                  <property name="retryIteration" value="0" />
                  <property name="repeatIteration" value="0" />
                </properties>
              </test-case>
              <test-case id="1049" name="VisibleBoundsOnlyIncludesCellsInsideViewport" fullname="Sundoll.Tests.EditMode.M3MapEditorTests.VisibleBoundsOnlyIncludesCellsInsideViewport" methodname="VisibleBoundsOnlyIncludesCellsInsideViewport" classname="Sundoll.Tests.EditMode.M3MapEditorTests" runstate="Runnable" seed="1273985451" result="Passed" start-time="2026-08-30 19:31:35Z" end-time="2026-08-30 19:31:35Z" duration="0.000197" asserts="0">
                <properties>
                  <property name="retryIteration" value="0" />
                  <property name="repeatIteration" value="0" />
                </properties>
              </test-case>
              <test-case id="1066" name="WorkspaceStateFormat2MigratesToWorkspace3Defaults" fullname="Sundoll.Tests.EditMode.M3MapEditorTests.WorkspaceStateFormat2MigratesToWorkspace3Defaults" methodname="WorkspaceStateFormat2MigratesToWorkspace3Defaults" classname="Sundoll.Tests.EditMode.M3MapEditorTests" runstate="Runnable" seed="1172457864" result="Passed" start-time="2026-08-30 19:31:35Z" end-time="2026-08-30 19:31:35Z" duration="0.001453" asserts="0">
                <properties>
                  <property name="retryIteration" value="0" />
                  <property name="repeatIteration" value="0" />
                </properties>
              </test-case>
              <test-case id="1064" name="WorkspaceStateFormat3RestoresOrderToolViewWorkspaceAndMaterials" fullname="Sundoll.Tests.EditMode.M3MapEditorTests.WorkspaceStateFormat3RestoresOrderToolViewWorkspaceAndMaterials" methodname="WorkspaceStateFormat3RestoresOrderToolViewWorkspaceAndMaterials" classname="Sundoll.Tests.EditMode.M3MapEditorTests" runstate="Runnable" seed="909949289" result="Passed" start-time="2026-08-30 19:31:35Z" end-time="2026-08-30 19:31:35Z" duration="0.001028" asserts="0">
                <properties>
                  <property name="retryIteration" value="0" />
                  <property name="repeatIteration" value="0" />
                </properties>
              </test-case>
              <test-case id="1053" name="WorkspaceStateRoundTripsWithoutChangingWorldHash" fullname="Sundoll.Tests.EditMode.M3MapEditorTests.WorkspaceStateRoundTripsWithoutChangingWorldHash" methodname="WorkspaceStateRoundTripsWithoutChangingWorldHash" classname="Sundoll.Tests.EditMode.M3MapEditorTests" runstate="Runnable" seed="46193811" result="Passed" start-time="2026-08-30 19:31:35Z" end-time="2026-08-30 19:31:35Z" duration="0.000620" asserts="0">
                <properties>
                  <property name="retryIteration" value="0" />
                  <property name="repeatIteration" value="0" />
                </properties>
              </test-case>
              <test-case id="1054" name="WorkspaceStateUsesDefaultsWhenMissingOrCorrupt" fullname="Sundoll.Tests.EditMode.M3MapEditorTests.WorkspaceStateUsesDefaultsWhenMissingOrCorrupt" methodname="WorkspaceStateUsesDefaultsWhenMissingOrCorrupt" classname="Sundoll.Tests.EditMode.M3MapEditorTests" runstate="Runnable" seed="816208480" result="Passed" start-time="2026-08-30 19:31:35Z" end-time="2026-08-30 19:31:35Z" duration="0.000403" asserts="0">
                <properties>
                  <property name="retryIteration" value="0" />
                  <property name="repeatIteration" value="0" />
                </properties>
              </test-case>
              <test-case id="1065" name="WorkspaceStateUsesIndependentFilesForEachMapAndReadsLegacyState" fullname="Sundoll.Tests.EditMode.M3MapEditorTests.WorkspaceStateUsesIndependentFilesForEachMapAndReadsLegacyState" methodname="WorkspaceStateUsesIndependentFilesForEachMapAndReadsLegacyState" classname="Sundoll.Tests.EditMode.M3MapEditorTests" runstate="Runnable" seed="1839448342" result="Passed" start-time="2026-08-30 19:31:35Z" end-time="2026-08-30 19:31:35Z" duration="0.001209" asserts="0">
                <properties>
                  <property name="retryIteration" value="0" />
                  <property name="repeatIteration" value="0" />
                </properties>
              </test-case>
              <test-case id="1047" name="WorldChangeSetJsonRoundTripAppliesForwardAndInverse" fullname="Sundoll.Tests.EditMode.M3MapEditorTests.WorldChangeSetJsonRoundTripAppliesForwardAndInverse" methodname="WorldChangeSetJsonRoundTripAppliesForwardAndInverse" classname="Sundoll.Tests.EditMode.M3MapEditorTests" runstate="Runnable" seed="1911245653" result="Passed" start-time="2026-08-30 19:31:35Z" end-time="2026-08-30 19:31:35Z" duration="0.000250" asserts="0">
                <properties>
                  <property name="retryIteration" value="0" />
                  <property name="repeatIteration" value="0" />
                </properties>
              </test-case>
            </test-suite>
            <test-suite type="TestFixture" id="1067" name="M4PieceSystemTests" fullname="Sundoll.Tests.EditMode.M4PieceSystemTests" classname="Sundoll.Tests.EditMode.M4PieceSystemTests" runstate="Runnable" testcasecount="15" result="Passed" start-time="2026-08-30 19:31:35Z" end-time="2026-08-30 19:31:35Z" duration="0.011680" total="15" passed="15" failed="0" inconclusive="0" skipped="0" asserts="0">
              <properties />
              <test-case id="1082" name="AssetCatalogDeduplicatesBytesAndDetectsMissingFile" fullname="Sundoll.Tests.EditMode.M4PieceSystemTests.AssetCatalogDeduplicatesBytesAndDetectsMissingFile" methodname="AssetCatalogDeduplicatesBytesAndDetectsMissingFile" classname="Sundoll.Tests.EditMode.M4PieceSystemTests" runstate="Runnable" seed="1104643603" result="Passed" start-time="2026-08-30 19:31:35Z" end-time="2026-08-30 19:31:35Z" duration="0.000955" asserts="0">
                <properties>
                  <property name="retryIteration" value="0" />
                  <property name="repeatIteration" value="0" />
                </properties>
              </test-case>
              <test-case id="1069" name="BoardPlacementUsesStableStackOrder" fullname="Sundoll.Tests.EditMode.M4PieceSystemTests.BoardPlacementUsesStableStackOrder" methodname="BoardPlacementUsesStableStackOrder" classname="Sundoll.Tests.EditMode.M4PieceSystemTests" runstate="Runnable" seed="900616513" result="Passed" start-time="2026-08-30 19:31:35Z" end-time="2026-08-30 19:31:35Z" duration="0.001454" asserts="0">
                <properties>
                  <property name="retryIteration" value="0" />
                  <property name="repeatIteration" value="0" />
                </properties>
              </test-case>
              <test-case id="1072" name="ContainerAndAttachmentRelationshipsCanBeDetached" fullname="Sundoll.Tests.EditMode.M4PieceSystemTests.ContainerAndAttachmentRelationshipsCanBeDetached" methodname="ContainerAndAttachmentRelationshipsCanBeDetached" classname="Sundoll.Tests.EditMode.M4PieceSystemTests" runstate="Runnable" seed="122954582" result="Passed" start-time="2026-08-30 19:31:35Z" end-time="2026-08-30 19:31:35Z" duration="0.000435" asserts="0">
                <properties>
                  <property name="retryIteration" value="0" />
                  <property name="repeatIteration" value="0" />
                </properties>
              </test-case>
              <test-case id="1080" name="DefinitionCategoryAndTagsUpdateThroughCommandEnvelope" fullname="Sundoll.Tests.EditMode.M4PieceSystemTests.DefinitionCategoryAndTagsUpdateThroughCommandEnvelope" methodname="DefinitionCategoryAndTagsUpdateThroughCommandEnvelope" classname="Sundoll.Tests.EditMode.M4PieceSystemTests" runstate="Runnable" seed="214451906" result="Passed" start-time="2026-08-30 19:31:35Z" end-time="2026-08-30 19:31:35Z" duration="0.000471" asserts="0">
                <properties>
                  <property name="retryIteration" value="0" />
                  <property name="repeatIteration" value="0" />
                </properties>
              </test-case>
              <test-case id="1068" name="DefinitionsAndInstancesArePureDataAndRoundTrip" fullname="Sundoll.Tests.EditMode.M4PieceSystemTests.DefinitionsAndInstancesArePureDataAndRoundTrip" methodname="DefinitionsAndInstancesArePureDataAndRoundTrip" classname="Sundoll.Tests.EditMode.M4PieceSystemTests" runstate="Runnable" seed="941821075" result="Passed" start-time="2026-08-30 19:31:35Z" end-time="2026-08-30 19:31:35Z" duration="0.001144" asserts="0">
                <properties>
                  <property name="retryIteration" value="0" />
                  <property name="repeatIteration" value="0" />
                </properties>
              </test-case>
              <test-case id="1078" name="DeletingRelationshipTargetRequiresSelectingDependentsToo" fullname="Sundoll.Tests.EditMode.M4PieceSystemTests.DeletingRelationshipTargetRequiresSelectingDependentsToo" methodname="DeletingRelationshipTargetRequiresSelectingDependentsToo" classname="Sundoll.Tests.EditMode.M4PieceSystemTests" runstate="Runnable" seed="1598232540" result="Passed" start-time="2026-08-30 19:31:35Z" end-time="2026-08-30 19:31:35Z" duration="0.000492" asserts="0">
                <properties>
                  <property name="retryIteration" value="0" />
                  <property name="repeatIteration" value="0" />
                </properties>
              </test-case>
              <test-case id="1079" name="M4CommandEnvelopeRoundTrips" fullname="Sundoll.Tests.EditMode.M4PieceSystemTests.M4CommandEnvelopeRoundTrips" methodname="M4CommandEnvelopeRoundTrips" classname="Sundoll.Tests.EditMode.M4PieceSystemTests" runstate="Runnable" seed="671741082" result="Passed" start-time="2026-08-30 19:31:35Z" end-time="2026-08-30 19:31:35Z" duration="0.000187" asserts="0">
                <properties>
                  <property name="retryIteration" value="0" />
                  <property name="repeatIteration" value="0" />
                </properties>
              </test-case>
              <test-case id="1075" name="MultiPieceMoveIsOneAtomicUndoableJournalOperation" fullname="Sundoll.Tests.EditMode.M4PieceSystemTests.MultiPieceMoveIsOneAtomicUndoableJournalOperation" methodname="MultiPieceMoveIsOneAtomicUndoableJournalOperation" classname="Sundoll.Tests.EditMode.M4PieceSystemTests" runstate="Runnable" seed="1765410225" result="Passed" start-time="2026-08-30 19:31:35Z" end-time="2026-08-30 19:31:35Z" duration="0.001646" asserts="0">
                <properties>
                  <property name="retryIteration" value="0" />
                  <property name="repeatIteration" value="0" />
                </properties>
              </test-case>
              <test-case id="1076" name="MultiPieceMoveRejectsAnInvalidDestinationWithoutPartialMutation" fullname="Sundoll.Tests.EditMode.M4PieceSystemTests.MultiPieceMoveRejectsAnInvalidDestinationWithoutPartialMutation" methodname="MultiPieceMoveRejectsAnInvalidDestinationWithoutPartialMutation" classname="Sundoll.Tests.EditMode.M4PieceSystemTests" runstate="Runnable" seed="1357592593" result="Passed" start-time="2026-08-30 19:31:35Z" end-time="2026-08-30 19:31:35Z" duration="0.000264" asserts="0">
                <properties>
                  <property name="retryIteration" value="0" />
                  <property name="repeatIteration" value="0" />
                </properties>
              </test-case>
              <test-case id="1077" name="MultiPiecePresentationAndDeletionAreAtomicAndUndoable" fullname="Sundoll.Tests.EditMode.M4PieceSystemTests.MultiPiecePresentationAndDeletionAreAtomicAndUndoable" methodname="MultiPiecePresentationAndDeletionAreAtomicAndUndoable" classname="Sundoll.Tests.EditMode.M4PieceSystemTests" runstate="Runnable" seed="727743337" result="Passed" start-time="2026-08-30 19:31:35Z" end-time="2026-08-30 19:31:35Z" duration="0.000583" asserts="0">
                <properties>
                  <property name="retryIteration" value="0" />
                  <property name="repeatIteration" value="0" />
                </properties>
              </test-case>
              <test-case id="1074" name="PresentationStateSupportsRotationFlipAndVisibility" fullname="Sundoll.Tests.EditMode.M4PieceSystemTests.PresentationStateSupportsRotationFlipAndVisibility" methodname="PresentationStateSupportsRotationFlipAndVisibility" classname="Sundoll.Tests.EditMode.M4PieceSystemTests" runstate="Runnable" seed="463589244" result="Passed" start-time="2026-08-30 19:31:35Z" end-time="2026-08-30 19:31:35Z" duration="0.000172" asserts="0">
                <properties>
                  <property name="retryIteration" value="0" />
                  <property name="repeatIteration" value="0" />
                </properties>
              </test-case>
              <test-case id="1073" name="RelationshipCycleIsRejectedWithoutChangingState" fullname="Sundoll.Tests.EditMode.M4PieceSystemTests.RelationshipCycleIsRejectedWithoutChangingState" methodname="RelationshipCycleIsRejectedWithoutChangingState" classname="Sundoll.Tests.EditMode.M4PieceSystemTests" runstate="Runnable" seed="838861234" result="Passed" start-time="2026-08-30 19:31:35Z" end-time="2026-08-30 19:31:35Z" duration="0.000225" asserts="0">
                <properties>
                  <property name="retryIteration" value="0" />
                  <property name="repeatIteration" value="0" />
                </properties>
              </test-case>
              <test-case id="1071" name="StackOrderCanBeAdjustedWithoutSortingTheWholeWorldState" fullname="Sundoll.Tests.EditMode.M4PieceSystemTests.StackOrderCanBeAdjustedWithoutSortingTheWholeWorldState" methodname="StackOrderCanBeAdjustedWithoutSortingTheWholeWorldState" classname="Sundoll.Tests.EditMode.M4PieceSystemTests" runstate="Runnable" seed="1312265961" result="Passed" start-time="2026-08-30 19:31:35Z" end-time="2026-08-30 19:31:35Z" duration="0.000454" asserts="0">
                <properties>
                  <property name="retryIteration" value="0" />
                  <property name="repeatIteration" value="0" />
                </properties>
              </test-case>
              <test-case id="1070" name="TopmostVisibleBoardInstanceCanBePickedAtCell" fullname="Sundoll.Tests.EditMode.M4PieceSystemTests.TopmostVisibleBoardInstanceCanBePickedAtCell" methodname="TopmostVisibleBoardInstanceCanBePickedAtCell" classname="Sundoll.Tests.EditMode.M4PieceSystemTests" runstate="Runnable" seed="707614970" result="Passed" start-time="2026-08-30 19:31:35Z" end-time="2026-08-30 19:31:35Z" duration="0.000227" asserts="0">
                <properties>
                  <property name="retryIteration" value="0" />
                  <property name="repeatIteration" value="0" />
                </properties>
              </test-case>
              <test-case id="1081" name="VersionedJournalReplaysM4MoveAndPreservesCanonicalHash" fullname="Sundoll.Tests.EditMode.M4PieceSystemTests.VersionedJournalReplaysM4MoveAndPreservesCanonicalHash" methodname="VersionedJournalReplaysM4MoveAndPreservesCanonicalHash" classname="Sundoll.Tests.EditMode.M4PieceSystemTests" runstate="Runnable" seed="1653725030" result="Passed" start-time="2026-08-30 19:31:35Z" end-time="2026-08-30 19:31:35Z" duration="0.000769" asserts="0">
                <properties>
                  <property name="retryIteration" value="0" />
                  <property name="repeatIteration" value="0" />
                </properties>
              </test-case>
            </test-suite>
            <test-suite type="TestFixture" id="1083" name="M5ConsoleTests" fullname="Sundoll.Tests.EditMode.M5ConsoleTests" classname="Sundoll.Tests.EditMode.M5ConsoleTests" runstate="Runnable" testcasecount="5" result="Passed" start-time="2026-08-30 19:31:35Z" end-time="2026-08-30 19:31:35Z" duration="0.003146" total="5" passed="5" failed="0" inconclusive="0" skipped="0" asserts="0">
              <properties />
              <test-case id="1085" name="FogAnnotationsAndInteractionRoundTripThroughJournalEnvelope" fullname="Sundoll.Tests.EditMode.M5ConsoleTests.FogAnnotationsAndInteractionRoundTripThroughJournalEnvelope" methodname="FogAnnotationsAndInteractionRoundTripThroughJournalEnvelope" classname="Sundoll.Tests.EditMode.M5ConsoleTests" runstate="Runnable" seed="944206245" result="Passed" start-time="2026-08-30 19:31:35Z" end-time="2026-08-30 19:31:35Z" duration="0.000817" asserts="0">
                <properties>
                  <property name="retryIteration" value="0" />
                  <property name="repeatIteration" value="0" />
                </properties>
              </test-case>
              <test-case id="1086" name="FogBrushRoundTripsAsOneVersionedCommand" fullname="Sundoll.Tests.EditMode.M5ConsoleTests.FogBrushRoundTripsAsOneVersionedCommand" methodname="FogBrushRoundTripsAsOneVersionedCommand" classname="Sundoll.Tests.EditMode.M5ConsoleTests" runstate="Runnable" seed="1117860939" result="Passed" start-time="2026-08-30 19:31:35Z" end-time="2026-08-30 19:31:35Z" duration="0.001193" asserts="0">
                <properties>
                  <property name="retryIteration" value="0" />
                  <property name="repeatIteration" value="0" />
                </properties>
              </test-case>
              <test-case id="1087" name="M5MapCommandCanUndoAndRedo" fullname="Sundoll.Tests.EditMode.M5ConsoleTests.M5MapCommandCanUndoAndRedo" methodname="M5MapCommandCanUndoAndRedo" classname="Sundoll.Tests.EditMode.M5ConsoleTests" runstate="Runnable" seed="1375070070" result="Passed" start-time="2026-08-30 19:31:35Z" end-time="2026-08-30 19:31:35Z" duration="0.000244" asserts="0">
                <properties>
                  <property name="retryIteration" value="0" />
                  <property name="repeatIteration" value="0" />
                </properties>
              </test-case>
              <test-case id="1088" name="MapObjectContextOperationsAddToggleRotateRemove" fullname="Sundoll.Tests.EditMode.M5ConsoleTests.MapObjectContextOperationsAddToggleRotateRemove" methodname="MapObjectContextOperationsAddToggleRotateRemove" classname="Sundoll.Tests.EditMode.M5ConsoleTests" runstate="Runnable" seed="1901353309" result="Passed" start-time="2026-08-30 19:31:35Z" end-time="2026-08-30 19:31:35Z" duration="0.000218" asserts="0">
                <properties>
                  <property name="retryIteration" value="0" />
                  <property name="repeatIteration" value="0" />
                </properties>
              </test-case>
              <test-case id="1084" name="MultipleMapsSwitchWithoutLosingMapContent" fullname="Sundoll.Tests.EditMode.M5ConsoleTests.MultipleMapsSwitchWithoutLosingMapContent" methodname="MultipleMapsSwitchWithoutLosingMapContent" classname="Sundoll.Tests.EditMode.M5ConsoleTests" runstate="Runnable" seed="81759101" result="Passed" start-time="2026-08-30 19:31:35Z" end-time="2026-08-30 19:31:35Z" duration="0.000280" asserts="0">
                <properties>
                  <property name="retryIteration" value="0" />
                  <property name="repeatIteration" value="0" />
                </properties>
              </test-case>
            </test-suite>
            <test-suite type="TestFixture" id="1089" name="M6LoopbackTests" fullname="Sundoll.Tests.EditMode.M6LoopbackTests" classname="Sundoll.Tests.EditMode.M6LoopbackTests" runstate="Runnable" testcasecount="2" result="Passed" start-time="2026-08-30 19:31:35Z" end-time="2026-08-30 19:31:35Z" duration="0.001812" total="2" passed="2" failed="0" inconclusive="0" skipped="0" asserts="0">
              <properties />
              <test-case id="1091" name="StaleClientCommandConflictsAndAudienceProjectionHidesPieces" fullname="Sundoll.Tests.EditMode.M6LoopbackTests.StaleClientCommandConflictsAndAudienceProjectionHidesPieces" methodname="StaleClientCommandConflictsAndAudienceProjectionHidesPieces" classname="Sundoll.Tests.EditMode.M6LoopbackTests" runstate="Runnable" seed="867992785" result="Passed" start-time="2026-08-30 19:31:35Z" end-time="2026-08-30 19:31:35Z" duration="0.001107" asserts="0">
                <properties>
                  <property name="retryIteration" value="0" />
                  <property name="repeatIteration" value="0" />
                </properties>
              </test-case>
              <test-case id="1090" name="TwoClientsConvergeThroughSnapshotAndDeltaTail" fullname="Sundoll.Tests.EditMode.M6LoopbackTests.TwoClientsConvergeThroughSnapshotAndDeltaTail" methodname="TwoClientsConvergeThroughSnapshotAndDeltaTail" classname="Sundoll.Tests.EditMode.M6LoopbackTests" runstate="Runnable" seed="931371991" result="Passed" start-time="2026-08-30 19:31:35Z" end-time="2026-08-30 19:31:35Z" duration="0.000502" asserts="0">
                <properties>
                  <property name="retryIteration" value="0" />
                  <property name="repeatIteration" value="0" />
                </properties>
              </test-case>
            </test-suite>
            <test-suite type="TestFixture" id="1092" name="M6RuleSeamTests" fullname="Sundoll.Tests.EditMode.M6RuleSeamTests" classname="Sundoll.Tests.EditMode.M6RuleSeamTests" runstate="Runnable" testcasecount="1" result="Passed" start-time="2026-08-30 19:31:35Z" end-time="2026-08-30 19:31:35Z" duration="0.000931" total="1" passed="1" failed="0" inconclusive="0" skipped="0" asserts="0">
              <properties />
              <test-case id="1093" name="RuleSeamSupportsAllowDenyReplaceAndAppend" fullname="Sundoll.Tests.EditMode.M6RuleSeamTests.RuleSeamSupportsAllowDenyReplaceAndAppend" methodname="RuleSeamSupportsAllowDenyReplaceAndAppend" classname="Sundoll.Tests.EditMode.M6RuleSeamTests" runstate="Runnable" seed="788912817" result="Passed" start-time="2026-08-30 19:31:35Z" end-time="2026-08-30 19:31:35Z" duration="0.000795" asserts="0">
                <properties>
                  <property name="retryIteration" value="0" />
                  <property name="repeatIteration" value="0" />
                </properties>
              </test-case>
            </test-suite>
            <test-suite type="TestFixture" id="1094" name="M7ReleaseTests" fullname="Sundoll.Tests.EditMode.M7ReleaseTests" classname="Sundoll.Tests.EditMode.M7ReleaseTests" runstate="Runnable" testcasecount="4" result="Passed" start-time="2026-08-30 19:31:35Z" end-time="2026-08-30 19:31:40Z" duration="4.981050" total="4" passed="4" failed="0" inconclusive="0" skipped="0" asserts="0">
              <properties />
              <test-case id="1096" name="FrozenSaveRoundTripsAndRejectsTampering" fullname="Sundoll.Tests.EditMode.M7ReleaseTests.FrozenSaveRoundTripsAndRejectsTampering" methodname="FrozenSaveRoundTripsAndRejectsTampering" classname="Sundoll.Tests.EditMode.M7ReleaseTests" runstate="Runnable" seed="887154423" result="Passed" start-time="2026-08-30 19:31:35Z" end-time="2026-08-30 19:31:35Z" duration="0.000431" asserts="0">
                <properties>
                  <property name="retryIteration" value="0" />
                  <property name="repeatIteration" value="0" />
                </properties>
              </test-case>
              <test-case id="1098" name="MacOsPerformanceBaselineRecordsM7Budgets" fullname="Sundoll.Tests.EditMode.M7ReleaseTests.MacOsPerformanceBaselineRecordsM7Budgets" methodname="MacOsPerformanceBaselineRecordsM7Budgets" classname="Sundoll.Tests.EditMode.M7ReleaseTests" runstate="Runnable" seed="1928178910" result="Passed" start-time="2026-08-30 19:31:35Z" end-time="2026-08-30 19:31:40Z" duration="4.976991" asserts="0">
                <properties>
                  <property name="retryIteration" value="0" />
                  <property name="repeatIteration" value="0" />
                </properties>
                <output><![CDATA[M7 macOS baseline | batch 256x256 p50=20.430ms p95=38.096ms max=38.096ms; snapshot p50=2.248ms p95=2.288ms max=2.288ms; save p50=323.930ms p95=493.297ms max=493.297ms; journal 10000 p50=632.009ms p95=636.999ms max=636.999ms
]]></output>
              </test-case>
              <test-case id="1097" name="PerformanceProbeReportsPercentilesAndPoolReusesObjects" fullname="Sundoll.Tests.EditMode.M7ReleaseTests.PerformanceProbeReportsPercentilesAndPoolReusesObjects" methodname="PerformanceProbeReportsPercentilesAndPoolReusesObjects" classname="Sundoll.Tests.EditMode.M7ReleaseTests" runstate="Runnable" seed="98172067" result="Passed" start-time="2026-08-30 19:31:40Z" end-time="2026-08-30 19:31:40Z" duration="0.001827" asserts="0">
                <properties>
                  <property name="retryIteration" value="0" />
                  <property name="repeatIteration" value="0" />
                </properties>
              </test-case>
              <test-case id="1095" name="Schema1MigratesToSchema2WithoutDroppingData" fullname="Sundoll.Tests.EditMode.M7ReleaseTests.Schema1MigratesToSchema2WithoutDroppingData" methodname="Schema1MigratesToSchema2WithoutDroppingData" classname="Sundoll.Tests.EditMode.M7ReleaseTests" runstate="Runnable" seed="1295491160" result="Passed" start-time="2026-08-30 19:31:40Z" end-time="2026-08-30 19:31:40Z" duration="0.001427" asserts="0">
                <properties>
                  <property name="retryIteration" value="0" />
                  <property name="repeatIteration" value="0" />
                </properties>
              </test-case>
            </test-suite>
            <test-suite type="TestFixture" id="1099" name="ProjectWorkspaceServiceTests" fullname="Sundoll.Tests.EditMode.ProjectWorkspaceServiceTests" classname="Sundoll.Tests.EditMode.ProjectWorkspaceServiceTests" runstate="Runnable" testcasecount="4" result="Passed" start-time="2026-08-30 19:31:40Z" end-time="2026-08-30 19:31:40Z" duration="0.021121" total="4" passed="4" failed="0" inconclusive="0" skipped="0" asserts="0">
              <properties />
              <test-case id="1101" name="Create_WithSameName_DoesNotOverwriteExistingProject" fullname="Sundoll.Tests.EditMode.ProjectWorkspaceServiceTests.Create_WithSameName_DoesNotOverwriteExistingProject" methodname="Create_WithSameName_DoesNotOverwriteExistingProject" classname="Sundoll.Tests.EditMode.ProjectWorkspaceServiceTests" runstate="Runnable" seed="90446406" result="Passed" start-time="2026-08-30 19:31:40Z" end-time="2026-08-30 19:31:40Z" duration="0.007020" asserts="0">
                <properties>
                  <property name="retryIteration" value="0" />
                  <property name="repeatIteration" value="0" />
                </properties>
              </test-case>
              <test-case id="1100" name="CreateAndOpen_UsesDistinctProjectRootAndRecentCatalogue" fullname="Sundoll.Tests.EditMode.ProjectWorkspaceServiceTests.CreateAndOpen_UsesDistinctProjectRootAndRecentCatalogue" methodname="CreateAndOpen_UsesDistinctProjectRootAndRecentCatalogue" classname="Sundoll.Tests.EditMode.ProjectWorkspaceServiceTests" runstate="Runnable" seed="1675685807" result="Passed" start-time="2026-08-30 19:31:40Z" end-time="2026-08-30 19:31:40Z" duration="0.003571" asserts="0">
                <properties>
                  <property name="retryIteration" value="0" />
                  <property name="repeatIteration" value="0" />
                </properties>
              </test-case>
              <test-case id="1103" name="DamagedRecentCatalogue_DoesNotBlockProjectCreation" fullname="Sundoll.Tests.EditMode.ProjectWorkspaceServiceTests.DamagedRecentCatalogue_DoesNotBlockProjectCreation" methodname="DamagedRecentCatalogue_DoesNotBlockProjectCreation" classname="Sundoll.Tests.EditMode.ProjectWorkspaceServiceTests" runstate="Runnable" seed="1293878786" result="Passed" start-time="2026-08-30 19:31:40Z" end-time="2026-08-30 19:31:40Z" duration="0.002888" asserts="0">
                <properties>
                  <property name="retryIteration" value="0" />
                  <property name="repeatIteration" value="0" />
                </properties>
              </test-case>
              <test-case id="1102" name="ExportAndImport_PreservesCanonicalWorldState" fullname="Sundoll.Tests.EditMode.ProjectWorkspaceServiceTests.ExportAndImport_PreservesCanonicalWorldState" methodname="ExportAndImport_PreservesCanonicalWorldState" classname="Sundoll.Tests.EditMode.ProjectWorkspaceServiceTests" runstate="Runnable" seed="657030289" result="Passed" start-time="2026-08-30 19:31:40Z" end-time="2026-08-30 19:31:40Z" duration="0.006450" asserts="0">
                <properties>
                  <property name="retryIteration" value="0" />
                  <property name="repeatIteration" value="0" />
                </properties>
                <output><![CDATA[Saving results to: /Users/sundoll/Library/Application Support/Sundoll/SundollWorld/TestResults.xml
]]></output>
              </test-case>
            </test-suite>
          </test-suite>
        </test-suite>
      </test-suite>
    </test-suite>
  </test-suite>
</test-run>