<?xml version="1.0" encoding="utf-8"?>
<test-run id="2" testcasecount="13" result="Passed" total="13" passed="13" failed="0" inconclusive="0" skipped="0" asserts="0" engine-version="3.5.0.0" clr-version="4.0.30319.42000" start-time="2026-08-30 05:32:19Z" end-time="2026-08-30 05:32:22Z" duration="2.1732977">
  <test-suite type="TestSuite" id="1023" name="SundollWorld" fullname="SundollWorld" runstate="Runnable" testcasecount="13" result="Passed" start-time="2026-08-30 05:32:19Z" end-time="2026-08-30 05:32:22Z" duration="2.173298" total="13" passed="13" failed="0" inconclusive="0" skipped="0" asserts="0">
    <properties>
      <property name="platform" value="PlayMode" />
    </properties>
    <test-suite type="Assembly" id="1016" name="Sundoll.Tests.PlayMode.dll" fullname="/Users/sundoll/Desktop/SundollUnity/SundollWorld/Library/ScriptAssemblies/Sundoll.Tests.PlayMode.dll" runstate="Runnable" testcasecount="13" result="Passed" start-time="2026-08-30 05:32:19Z" end-time="2026-08-30 05:32:22Z" duration="2.170508" total="13" passed="13" failed="0" inconclusive="0" skipped="0" asserts="0">
      <properties>
        <property name="_PID" value="18861" />
        <property name="_APPDOMAIN" value="Unity Child Domain" />
        <property name="platform" value="PlayMode" />
        <property name="EditorOnly" value="False" />
      </properties>
      <test-suite type="TestSuite" id="1017" name="Sundoll" fullname="Sundoll" runstate="Runnable" testcasecount="13" result="Passed" start-time="2026-08-30 05:32:19Z" end-time="2026-08-30 05:32:22Z" duration="2.170053" total="13" passed="13" failed="0" inconclusive="0" skipped="0" asserts="0">
        <properties />
        <test-suite type="TestSuite" id="1018" name="Tests" fullname="Sundoll.Tests" runstate="Runnable" testcasecount="13" result="Passed" start-time="2026-08-30 05:32:19Z" end-time="2026-08-30 05:32:22Z" duration="2.169938" total="13" passed="13" failed="0" inconclusive="0" skipped="0" asserts="0">
          <properties />
          <test-suite type="TestSuite" id="1019" name="PlayMode" fullname="Sundoll.Tests.PlayMode" runstate="Runnable" testcasecount="13" result="Passed" start-time="2026-08-30 05:32:19Z" end-time="2026-08-30 05:32:22Z" duration="2.169777" total="13" passed="13" failed="0" inconclusive="0" skipped="0" asserts="0">
            <properties />
            <test-suite type="TestFixture" id="1001" name="M3WorkbenchPlayModeTests" fullname="Sundoll.Tests.PlayMode.M3WorkbenchPlayModeTests" classname="Sundoll.Tests.PlayMode.M3WorkbenchPlayModeTests" runstate="Runnable" testcasecount="12" result="Passed" start-time="2026-08-30 05:32:19Z" end-time="2026-08-30 05:32:21Z" duration="1.489678" total="12" passed="12" failed="0" inconclusive="0" skipped="0" asserts="0">
              <properties />
              <test-case id="1009" name="M4PieceProjectionRebuildsPlaceholderPieceView" fullname="Sundoll.Tests.PlayMode.M3WorkbenchPlayModeTests.M4PieceProjectionRebuildsPlaceholderPieceView" methodname="M4PieceProjectionRebuildsPlaceholderPieceView" classname="Sundoll.Tests.PlayMode.M3WorkbenchPlayModeTests" runstate="Runnable" seed="1483283446" result="Passed" start-time="2026-08-30 05:32:19Z" end-time="2026-08-30 05:32:19Z" duration="0.014392" asserts="0">
                <properties>
                  <property name="_JOINTYPE" value="UnityCombinatorial" />
                  <property name="retryIteration" value="0" />
                  <property name="repeatIteration" value="0" />
                </properties>
              </test-case>
              <test-case id="1010" name="M4RuntimeImageImporterStoresAssetAndThumbnail" fullname="Sundoll.Tests.PlayMode.M3WorkbenchPlayModeTests.M4RuntimeImageImporterStoresAssetAndThumbnail" methodname="M4RuntimeImageImporterStoresAssetAndThumbnail" classname="Sundoll.Tests.PlayMode.M3WorkbenchPlayModeTests" runstate="Runnable" seed="1336323296" result="Passed" start-time="2026-08-30 05:32:19Z" end-time="2026-08-30 05:32:19Z" duration="0.005854" asserts="0">
                <properties>
                  <property name="_JOINTYPE" value="UnityCombinatorial" />
                  <property name="retryIteration" value="0" />
                  <property name="repeatIteration" value="0" />
                </properties>
              </test-case>
              <test-case id="1012" name="M4TextureProjectionBaselineSharesTextureAcross64Pieces" fullname="Sundoll.Tests.PlayMode.M3WorkbenchPlayModeTests.M4TextureProjectionBaselineSharesTextureAcross64Pieces" methodname="M4TextureProjectionBaselineSharesTextureAcross64Pieces" classname="Sundoll.Tests.PlayMode.M3WorkbenchPlayModeTests" runstate="Runnable" seed="934696988" result="Passed" start-time="2026-08-30 05:32:19Z" end-time="2026-08-30 05:32:19Z" duration="0.014981" asserts="0">
                <properties>
                  <property name="_JOINTYPE" value="UnityCombinatorial" />
                  <property name="retryIteration" value="0" />
                  <property name="repeatIteration" value="0" />
                </properties>
                <output><![CDATA[M4 texture baseline | pieces=64 textures=1 refresh p95=0.143ms max=0.143ms
]]></output>
              </test-case>
              <test-case id="1013" name="M5ConsoleProjectionRebuildsFogAndAnnotationViews" fullname="Sundoll.Tests.PlayMode.M3WorkbenchPlayModeTests.M5ConsoleProjectionRebuildsFogAndAnnotationViews" methodname="M5ConsoleProjectionRebuildsFogAndAnnotationViews" classname="Sundoll.Tests.PlayMode.M3WorkbenchPlayModeTests" runstate="Runnable" seed="173492209" result="Passed" start-time="2026-08-30 05:32:19Z" end-time="2026-08-30 05:32:20Z" duration="0.352103" asserts="0">
                <properties>
                  <property name="_JOINTYPE" value="UnityCombinatorial" />
                  <property name="retryIteration" value="0" />
                  <property name="repeatIteration" value="0" />
                </properties>
              </test-case>
              <test-case id="1004" name="M7PieceLibraryGridFiltersVirtualizedRows" fullname="Sundoll.Tests.PlayMode.M3WorkbenchPlayModeTests.M7PieceLibraryGridFiltersVirtualizedRows" methodname="M7PieceLibraryGridFiltersVirtualizedRows" classname="Sundoll.Tests.PlayMode.M3WorkbenchPlayModeTests" runstate="Runnable" seed="1107701936" result="Passed" start-time="2026-08-30 05:32:20Z" end-time="2026-08-30 05:32:20Z" duration="0.036830" asserts="0">
                <properties>
                  <property name="_JOINTYPE" value="UnityCombinatorial" />
                  <property name="retryIteration" value="0" />
                  <property name="repeatIteration" value="0" />
                </properties>
              </test-case>
              <test-case id="1005" name="M7PieceThumbnailCacheUsesBoundedLruAndRejectsMissingProxy" fullname="Sundoll.Tests.PlayMode.M3WorkbenchPlayModeTests.M7PieceThumbnailCacheUsesBoundedLruAndRejectsMissingProxy" methodname="M7PieceThumbnailCacheUsesBoundedLruAndRejectsMissingProxy" classname="Sundoll.Tests.PlayMode.M3WorkbenchPlayModeTests" runstate="Runnable" seed="2055400401" result="Passed" start-time="2026-08-30 05:32:20Z" end-time="2026-08-30 05:32:20Z" duration="0.015156" asserts="0">
                <properties>
                  <property name="_JOINTYPE" value="UnityCombinatorial" />
                  <property name="retryIteration" value="0" />
                  <property name="repeatIteration" value="0" />
                </properties>
              </test-case>
              <test-case id="1003" name="M7StarterInstallerUsesBlobPipelineAndIsIdempotent" fullname="Sundoll.Tests.PlayMode.M3WorkbenchPlayModeTests.M7StarterInstallerUsesBlobPipelineAndIsIdempotent" methodname="M7StarterInstallerUsesBlobPipelineAndIsIdempotent" classname="Sundoll.Tests.PlayMode.M3WorkbenchPlayModeTests" runstate="Runnable" seed="388490410" result="Passed" start-time="2026-08-30 05:32:20Z" end-time="2026-08-30 05:32:20Z" duration="0.049463" asserts="0">
                <properties>
                  <property name="_JOINTYPE" value="UnityCombinatorial" />
                  <property name="retryIteration" value="0" />
                  <property name="repeatIteration" value="0" />
                </properties>
              </test-case>
              <test-case id="1002" name="M7StarterManifestHasUniqueAuditableRecords" fullname="Sundoll.Tests.PlayMode.M3WorkbenchPlayModeTests.M7StarterManifestHasUniqueAuditableRecords" methodname="M7StarterManifestHasUniqueAuditableRecords" classname="Sundoll.Tests.PlayMode.M3WorkbenchPlayModeTests" runstate="Runnable" seed="720115543" result="Passed" start-time="2026-08-30 05:32:20Z" end-time="2026-08-30 05:32:20Z" duration="0.001968" asserts="0">
                <properties>
                  <property name="retryIteration" value="0" />
                  <property name="repeatIteration" value="0" />
                </properties>
              </test-case>
              <test-case id="1011" name="M7TextureCacheReusesAndReleasesRuntimeTexture" fullname="Sundoll.Tests.PlayMode.M3WorkbenchPlayModeTests.M7TextureCacheReusesAndReleasesRuntimeTexture" methodname="M7TextureCacheReusesAndReleasesRuntimeTexture" classname="Sundoll.Tests.PlayMode.M3WorkbenchPlayModeTests" runstate="Runnable" seed="2092873553" result="Passed" start-time="2026-08-30 05:32:20Z" end-time="2026-08-30 05:32:20Z" duration="0.001401" asserts="0">
                <properties>
                  <property name="_JOINTYPE" value="UnityCombinatorial" />
                  <property name="retryIteration" value="0" />
                  <property name="repeatIteration" value="0" />
                </properties>
              </test-case>
              <test-case id="1006" name="M7WorkbenchTabsShowOnlyTheSelectedPanel" fullname="Sundoll.Tests.PlayMode.M3WorkbenchPlayModeTests.M7WorkbenchTabsShowOnlyTheSelectedPanel" methodname="M7WorkbenchTabsShowOnlyTheSelectedPanel" classname="Sundoll.Tests.PlayMode.M3WorkbenchPlayModeTests" runstate="Runnable" seed="1021262790" result="Passed" start-time="2026-08-30 05:32:20Z" end-time="2026-08-30 05:32:20Z" duration="0.001113" asserts="0">
                <properties>
                  <property name="retryIteration" value="0" />
                  <property name="repeatIteration" value="0" />
                </properties>
              </test-case>
              <test-case id="1008" name="PlayerPreviewUsesAudienceProjectionAndIsReadOnly" fullname="Sundoll.Tests.PlayMode.M3WorkbenchPlayModeTests.PlayerPreviewUsesAudienceProjectionAndIsReadOnly" methodname="PlayerPreviewUsesAudienceProjectionAndIsReadOnly" classname="Sundoll.Tests.PlayMode.M3WorkbenchPlayModeTests" runstate="Runnable" seed="1945302133" result="Passed" start-time="2026-08-30 05:32:20Z" end-time="2026-08-30 05:32:20Z" duration="0.489263" asserts="0">
                <properties>
                  <property name="_JOINTYPE" value="UnityCombinatorial" />
                  <property name="retryIteration" value="0" />
                  <property name="repeatIteration" value="0" />
                </properties>
              </test-case>
              <test-case id="1007" name="WorkbenchBootsProjectsLayersAndCanRebuildView" fullname="Sundoll.Tests.PlayMode.M3WorkbenchPlayModeTests.WorkbenchBootsProjectsLayersAndCanRebuildView" methodname="WorkbenchBootsProjectsLayersAndCanRebuildView" classname="Sundoll.Tests.PlayMode.M3WorkbenchPlayModeTests" runstate="Runnable" seed="860532291" result="Passed" start-time="2026-08-30 05:32:20Z" end-time="2026-08-30 05:32:21Z" duration="0.500387" asserts="0">
                <properties>
                  <property name="_JOINTYPE" value="UnityCombinatorial" />
                  <property name="retryIteration" value="0" />
                  <property name="repeatIteration" value="0" />
                </properties>
              </test-case>
            </test-suite>
            <test-suite type="TestFixture" id="1014" name="M7WorkbenchPerformanceTests" fullname="Sundoll.Tests.PlayMode.M7WorkbenchPerformanceTests" classname="Sundoll.Tests.PlayMode.M7WorkbenchPerformanceTests" runstate="Runnable" testcasecount="1" result="Passed" start-time="2026-08-30 05:32:21Z" end-time="2026-08-30 05:32:22Z" duration="0.679531" total="1" passed="1" failed="0" inconclusive="0" skipped="0" asserts="0">
              <properties />
              <test-case id="1015" name="M7PieceProjectionMeasures1000VisiblePiecesAndSteadyStateAllocations" fullname="Sundoll.Tests.PlayMode.M7WorkbenchPerformanceTests.M7PieceProjectionMeasures1000VisiblePiecesAndSteadyStateAllocations" methodname="M7PieceProjectionMeasures1000VisiblePiecesAndSteadyStateAllocations" classname="Sundoll.Tests.PlayMode.M7WorkbenchPerformanceTests" runstate="Runnable" seed="793095352" result="Passed" start-time="2026-08-30 05:32:21Z" end-time="2026-08-30 05:32:22Z" duration="0.679260" asserts="0">
                <properties>
                  <property name="_JOINTYPE" value="UnityCombinatorial" />
                  <property name="retryIteration" value="0" />
                  <property name="repeatIteration" value="0" />
                </properties>
                <output><![CDATA[M7 1000-piece projection | target=2560x1440 actual=640x480 targetFps=60 batchMode=True refresh p95=13.253ms max=13.253ms; allocations p95=0B max=0B
Saving results to: /Users/sundoll/Library/Application Support/Sundoll/SundollWorld/TestResults.xml
]]></output>
              </test-case>
            </test-suite>
          </test-suite>
        </test-suite>
      </test-suite>
    </test-suite>
  </test-suite>
</test-run>